2025-02-18 14:30:06,146 [INFO] KartenWarp: Logging started in C:\Github\TR_mod\.tools\KartenWarp\dev\temp\run_20250218_143006
2025-02-18 14:30:06,146 [INFO] KartenWarp: Transformation logger configured
2025-02-18 14:30:06,177 [DEBUG] KartenWarp: Extracted 100 localization keys from source code.
2025-02-18 14:30:06,177 [DEBUG] KartenWarp: Updated de.json with 100 keys. Written to temp folder.
2025-02-18 14:30:06,177 [DEBUG] KartenWarp: Updated en.json with 100 keys. Written to temp folder.
2025-02-18 14:30:06,177 [DEBUG] KartenWarp: Updated ja.json with 100 keys. Written to temp folder.
2025-02-18 14:30:06,177 [DEBUG] KartenWarp: Loaded localization from C:\Github\TR_mod\.tools\KartenWarp\dev\temp\ja.json
2025-02-18 14:30:06,177 [DEBUG] KartenWarp: Initializing SceneState
2025-02-18 14:30:06,257 [DEBUG] KartenWarp: theme.py module loaded
2025-02-18 14:30:06,257 [DEBUG] KartenWarp: Starting application
2025-02-18 14:30:06,273 [DEBUG] KartenWarp: SceneState.__init__
2025-02-18 14:30:06,273 [DEBUG] KartenWarp: InteractiveScene initialized for game
2025-02-18 14:30:06,273 [DEBUG] KartenWarp: InteractiveScene initialized for real
2025-02-18 14:30:06,273 [DEBUG] KartenWarp: InteractiveView.__init__
2025-02-18 14:30:06,736 [DEBUG] KartenWarp: InteractiveView.__init__
2025-02-18 14:30:06,745 [DEBUG] KartenWarp: Menus created
2025-02-18 14:30:06,747 [DEBUG] KartenWarp: MainWindow initialized
2025-02-18 14:30:06,747 [DEBUG] KartenWarp: Getting dark mode stylesheet
2025-02-18 14:30:06,814 [INFO] KartenWarp: Main window shown; entering event loop
2025-02-18 14:30:06,823 [DEBUG] KartenWarp: Active scene set
2025-02-18 14:30:09,665 [DEBUG] KartenWarp: Active scene set
2025-02-18 14:30:11,364 [DEBUG] KartenWarp: Setting image in scene
2025-02-18 14:30:11,364 [DEBUG] KartenWarp: Active scene set
2025-02-18 14:30:11,380 [DEBUG] KartenWarp: Updating game points: []
2025-02-18 14:30:11,382 [INFO] KartenWarp: Game image loaded: C:/Github/TR_mod/.tools/KartenWarp/dev/tester_game.png
2025-02-18 14:30:13,044 [DEBUG] KartenWarp: Active scene set
2025-02-18 14:30:14,445 [DEBUG] KartenWarp: Setting image in scene
2025-02-18 14:30:14,445 [DEBUG] KartenWarp: Active scene set
2025-02-18 14:30:14,445 [DEBUG] KartenWarp: Updating real points: []
2025-02-18 14:30:14,445 [INFO] KartenWarp: Real map image loaded: C:/Github/TR_mod/.tools/KartenWarp/dev/tester_real_map.png
2025-02-18 14:30:15,630 [DEBUG] KartenWarp: Active scene set
2025-02-18 14:30:15,630 [DEBUG] KartenWarp: FeaturePointPresenter: Refreshing UI items.
2025-02-18 14:30:16,226 [DEBUG] KartenWarp: Active scene set
2025-02-18 14:30:16,226 [DEBUG] KartenWarp: FeaturePointPresenter: Refreshing UI items.
2025-02-18 14:30:17,015 [DEBUG] KartenWarp: Active scene set
2025-02-18 14:30:17,015 [DEBUG] KartenWarp: FeaturePointPresenter: Refreshing UI items.
2025-02-18 14:30:17,667 [DEBUG] KartenWarp: Active scene set
2025-02-18 14:30:17,675 [DEBUG] KartenWarp: FeaturePointPresenter: Refreshing UI items.
2025-02-18 14:30:18,612 [DEBUG] KartenWarp: Active scene set
2025-02-18 14:30:18,612 [DEBUG] KartenWarp: FeaturePointPresenter: Refreshing UI items.
2025-02-18 14:30:19,696 [DEBUG] KartenWarp: Active scene set
2025-02-18 14:30:19,696 [DEBUG] KartenWarp: Active scene set
2025-02-18 14:30:19,696 [DEBUG] KartenWarp: FeaturePointPresenter: Refreshing UI items.
2025-02-18 14:30:20,275 [DEBUG] KartenWarp: Active scene set
2025-02-18 14:30:20,275 [DEBUG] KartenWarp: FeaturePointPresenter: Refreshing UI items.
2025-02-18 14:30:20,841 [DEBUG] KartenWarp: Active scene set
2025-02-18 14:30:20,841 [DEBUG] KartenWarp: FeaturePointPresenter: Refreshing UI items.
2025-02-18 14:30:21,387 [DEBUG] KartenWarp: Active scene set
2025-02-18 14:30:21,387 [DEBUG] KartenWarp: FeaturePointPresenter: Refreshing UI items.
2025-02-18 14:30:21,972 [DEBUG] KartenWarp: Active scene set
2025-02-18 14:30:21,973 [DEBUG] KartenWarp: FeaturePointPresenter: Refreshing UI items.
2025-02-18 14:30:24,785 [DEBUG] KartenWarp: Active scene set
2025-02-18 14:30:24,801 [WARNING] KartenWarp: Insufficient points for transformation
