2025-02-19 00:33:47,245 [DEBUG] KartenWarp.Transform: Starting perform_tps_transform
2025-02-19 00:33:47,255 [DEBUG] KartenWarp.Transform: Starting perform_transformation
2025-02-19 00:33:47,257 [DEBUG] KartenWarp.Transform: Computing TPS parameters
2025-02-19 00:33:47,257 [DEBUG] KartenWarp.Transform: Adaptive enabled: adjusted reg_lambda = 0.4166666666666667
2025-02-19 00:33:47,265 [DEBUG] KartenWarp.Transform: TPS parameters computed
2025-02-19 00:33:47,265 [DEBUG] KartenWarp.Transform: Applying TPS warp
2025-02-19 00:33:47,265 [DEBUG] KartenWarp.Transform: TPS warp applied
2025-02-19 00:33:47,265 [DEBUG] KartenWarp.Transform: Transformation performed successfully
2025-02-19 00:33:47,265 [INFO] KartenWarp.Transform: TPS transform completed successfully
2025-02-19 00:33:49,235 [DEBUG] KartenWarp.Transform: Starting perform_transformation
2025-02-19 00:33:49,235 [DEBUG] KartenWarp.Transform: Computing TPS parameters
2025-02-19 00:33:49,235 [DEBUG] KartenWarp.Transform: Starting perform_tps_transform
2025-02-19 00:33:49,235 [ERROR] KartenWarp.Transform: Game image not loaded
2025-02-19 00:33:49,245 [DEBUG] KartenWarp.Transform: Starting perform_transformation
2025-02-19 00:33:49,245 [DEBUG] KartenWarp.Transform: Computing TPS parameters
2025-02-19 00:33:49,245 [DEBUG] KartenWarp.Transform: Adaptive enabled: adjusted reg_lambda = 8.533333333333335
2025-02-19 00:33:49,245 [DEBUG] KartenWarp.Transform: TPS parameters computed
2025-02-19 00:33:49,245 [DEBUG] KartenWarp.Transform: Applying TPS warp
2025-02-19 00:33:49,245 [DEBUG] KartenWarp.Transform: TPS warp applied
2025-02-19 00:33:49,245 [DEBUG] KartenWarp.Transform: Transformation performed successfully
2025-02-19 00:33:49,245 [DEBUG] KartenWarp.Transform: Starting perform_transformation
2025-02-19 00:33:49,245 [ERROR] KartenWarp.Transform: Insufficient correspondence points
2025-02-19 00:33:49,245 [DEBUG] KartenWarp.Transform: Starting perform_transformation
2025-02-19 00:33:49,245 [DEBUG] KartenWarp.Transform: Computing TPS parameters
2025-02-19 00:33:49,245 [DEBUG] KartenWarp.Transform: TPS parameters computed
2025-02-19 00:33:49,245 [DEBUG] KartenWarp.Transform: Applying TPS warp
2025-02-19 00:33:49,245 [DEBUG] KartenWarp.Transform: TPS warp applied
2025-02-19 00:33:49,245 [DEBUG] KartenWarp.Transform: Transformation performed successfully
