2025-02-19 01:03:55,006 [DEBUG] KartenWarp.Transform: Starting perform_tps_transform
2025-02-19 01:03:55,006 [DEBUG] KartenWarp.Transform: Starting perform_transformation
2025-02-19 01:03:55,007 [DEBUG] KartenWarp.Transform: Computing TPS parameters
2025-02-19 01:03:55,007 [DEBUG] KartenWarp.Transform: Adaptive enabled: adjusted reg_lambda = 0.4166666666666667
2025-02-19 01:03:55,007 [DEBUG] KartenWarp.Transform: TPS parameters computed
2025-02-19 01:03:55,007 [DEBUG] KartenWarp.Transform: Applying TPS warp
2025-02-19 01:03:55,009 [DEBUG] KartenWarp.Transform: TPS warp applied
2025-02-19 01:03:55,009 [DEBUG] KartenWarp.Transform: Transformation performed successfully
2025-02-19 01:03:55,010 [INFO] KartenWarp.Transform: TPS transform completed successfully
2025-02-19 01:03:57,275 [DEBUG] KartenWarp.Transform: Starting perform_transformation
2025-02-19 01:03:57,276 [DEBUG] KartenWarp.Transform: Computing TPS parameters
2025-02-19 01:03:57,277 [DEBUG] KartenWarp.Transform: Starting perform_tps_transform
2025-02-19 01:03:57,277 [ERROR] KartenWarp.Transform: Game image not loaded
2025-02-19 01:03:57,278 [DEBUG] KartenWarp.Transform: Starting perform_transformation
2025-02-19 01:03:57,279 [DEBUG] KartenWarp.Transform: Computing TPS parameters
2025-02-19 01:03:57,279 [DEBUG] KartenWarp.Transform: Adaptive enabled: adjusted reg_lambda = 8.533333333333335
2025-02-19 01:03:57,279 [DEBUG] KartenWarp.Transform: TPS parameters computed
2025-02-19 01:03:57,279 [DEBUG] KartenWarp.Transform: Applying TPS warp
2025-02-19 01:03:57,280 [DEBUG] KartenWarp.Transform: TPS warp applied
2025-02-19 01:03:57,280 [DEBUG] KartenWarp.Transform: Transformation performed successfully
2025-02-19 01:03:57,280 [DEBUG] KartenWarp.Transform: Starting perform_transformation
2025-02-19 01:03:57,280 [ERROR] KartenWarp.Transform: Insufficient correspondence points
2025-02-19 01:03:57,281 [DEBUG] KartenWarp.Transform: Starting perform_transformation
2025-02-19 01:03:57,281 [DEBUG] KartenWarp.Transform: Computing TPS parameters
2025-02-19 01:03:57,281 [DEBUG] KartenWarp.Transform: TPS parameters computed
2025-02-19 01:03:57,281 [DEBUG] KartenWarp.Transform: Applying TPS warp
2025-02-19 01:03:57,282 [DEBUG] KartenWarp.Transform: TPS warp applied
2025-02-19 01:03:57,282 [DEBUG] KartenWarp.Transform: Transformation performed successfully
