2025-02-19 00:53:06,099 [INFO] KartenWarp: Logging started in C:\Github\TR_mod\.tools\KartenWarp\dev\temp\run_20250219_005306
2025-02-19 00:53:06,099 [INFO] KartenWarp: Transformation logger configured
2025-02-19 00:53:06,129 [DEBUG] KartenWarp: Extracted 100 localization keys from source code.
2025-02-19 00:53:06,129 [DEBUG] KartenWarp: Updated de.json with 100 keys. Written to temp folder.
2025-02-19 00:53:06,129 [DEBUG] KartenWarp: Updated en.json with 100 keys. Written to temp folder.
2025-02-19 00:53:06,134 [DEBUG] KartenWarp: Updated ja.json with 100 keys. Written to temp folder.
2025-02-19 00:53:06,134 [DEBUG] KartenWarp: Loaded localization from C:\Github\TR_mod\.tools\KartenWarp\dev\temp\ja.json
2025-02-19 00:53:06,134 [DEBUG] KartenWarp: Initializing SceneState
2025-02-19 00:53:06,219 [DEBUG] KartenWarp: theme.py module loaded
2025-02-19 00:53:06,231 [DEBUG] KartenWarp: SceneState.__init__
2025-02-19 00:53:06,231 [DEBUG] KartenWarp: InteractiveScene initialized for game
2025-02-19 00:53:06,231 [DEBUG] KartenWarp: InteractiveScene initialized for real
2025-02-19 00:53:06,231 [DEBUG] KartenWarp: InteractiveView.__init__
2025-02-19 00:53:07,278 [DEBUG] KartenWarp: InteractiveView.__init__
2025-02-19 00:53:07,289 [DEBUG] KartenWarp: Menus created
2025-02-19 00:53:07,289 [DEBUG] KartenWarp: MainWindow initialized
2025-02-19 00:53:07,289 [DEBUG] KartenWarp: Getting dark mode stylesheet
2025-02-19 00:53:07,350 [INFO] KartenWarp: Main window shown; entering event loop
2025-02-19 00:53:07,358 [DEBUG] KartenWarp: Active scene set
2025-02-19 00:53:09,952 [DEBUG] KartenWarp: Active scene set
2025-02-19 00:53:09,959 [DEBUG] KartenWarp: Dark mode toggled to False
2025-02-19 00:53:10,939 [DEBUG] KartenWarp: Active scene set
2025-02-19 00:53:10,949 [DEBUG] KartenWarp: Getting dark mode stylesheet
2025-02-19 00:53:10,949 [DEBUG] KartenWarp: Dark mode toggled to True
2025-02-19 00:53:11,939 [DEBUG] KartenWarp: Active scene set
2025-02-19 00:53:11,949 [DEBUG] KartenWarp: Grid overlay toggled to False
2025-02-19 00:53:13,119 [DEBUG] KartenWarp: Active scene set
2025-02-19 00:53:13,129 [DEBUG] KartenWarp: Grid overlay toggled to True
2025-02-19 00:53:13,688 [DEBUG] KartenWarp: Zoom UI updated to 115.0%
2025-02-19 00:53:13,688 [DEBUG] KartenWarp: Zoom factor set to 1.15
2025-02-19 00:53:13,699 [DEBUG] KartenWarp: Zoom UI updated to 132.2%
2025-02-19 00:53:13,699 [DEBUG] KartenWarp: Zoom factor set to 1.3224999999999998
2025-02-19 00:53:13,739 [DEBUG] KartenWarp: Zoom UI updated to 152.1%
2025-02-19 00:53:13,739 [DEBUG] KartenWarp: Zoom factor set to 1.5208749999999995
2025-02-19 00:53:13,752 [DEBUG] KartenWarp: Zoom UI updated to 174.9%
2025-02-19 00:53:13,752 [DEBUG] KartenWarp: Zoom factor set to 1.7490062499999994
2025-02-19 00:53:13,820 [DEBUG] KartenWarp: Zoom UI updated to 201.1%
2025-02-19 00:53:13,820 [DEBUG] KartenWarp: Zoom factor set to 2.0113571874999994
2025-02-19 00:53:14,239 [DEBUG] KartenWarp: Zoom UI updated to 231.3%
2025-02-19 00:53:14,248 [DEBUG] KartenWarp: Zoom factor set to 2.313060765624999
2025-02-19 00:53:14,269 [DEBUG] KartenWarp: Zoom UI updated to 266.0%
2025-02-19 00:53:14,269 [DEBUG] KartenWarp: Zoom factor set to 2.6600198804687487
2025-02-19 00:53:14,299 [DEBUG] KartenWarp: Zoom UI updated to 305.9%
2025-02-19 00:53:14,299 [DEBUG] KartenWarp: Zoom factor set to 3.0590228625390607
2025-02-19 00:53:14,329 [DEBUG] KartenWarp: Zoom UI updated to 351.8%
2025-02-19 00:53:14,329 [DEBUG] KartenWarp: Zoom factor set to 3.5178762919199196
2025-02-19 00:53:14,411 [DEBUG] KartenWarp: Zoom UI updated to 404.6%
2025-02-19 00:53:14,411 [DEBUG] KartenWarp: Zoom factor set to 4.0455577357079076
2025-02-19 00:53:14,931 [DEBUG] KartenWarp: Zoom UI updated to 115.0%
2025-02-19 00:53:14,931 [DEBUG] KartenWarp: Zoom factor set to 1.15
2025-02-19 00:53:14,937 [DEBUG] KartenWarp: Zoom UI updated to 132.2%
2025-02-19 00:53:14,937 [DEBUG] KartenWarp: Zoom factor set to 1.3224999999999998
2025-02-19 00:53:14,942 [DEBUG] KartenWarp: Zoom UI updated to 152.1%
2025-02-19 00:53:14,942 [DEBUG] KartenWarp: Zoom factor set to 1.5208749999999995
2025-02-19 00:53:14,959 [DEBUG] KartenWarp: Zoom UI updated to 174.9%
2025-02-19 00:53:14,959 [DEBUG] KartenWarp: Zoom factor set to 1.7490062499999994
2025-02-19 00:53:14,974 [DEBUG] KartenWarp: Zoom UI updated to 201.1%
2025-02-19 00:53:14,974 [DEBUG] KartenWarp: Zoom factor set to 2.0113571874999994
2025-02-19 00:53:14,990 [DEBUG] KartenWarp: Zoom UI updated to 231.3%
2025-02-19 00:53:14,990 [DEBUG] KartenWarp: Zoom factor set to 2.313060765624999
2025-02-19 00:53:15,019 [DEBUG] KartenWarp: Zoom UI updated to 266.0%
2025-02-19 00:53:15,022 [DEBUG] KartenWarp: Zoom factor set to 2.6600198804687487
2025-02-19 00:53:15,089 [DEBUG] KartenWarp: Zoom UI updated to 305.9%
2025-02-19 00:53:15,089 [DEBUG] KartenWarp: Zoom factor set to 3.0590228625390607
2025-02-19 00:53:15,319 [DEBUG] KartenWarp: Zoom UI updated to 351.8%
2025-02-19 00:53:15,319 [DEBUG] KartenWarp: Zoom factor set to 3.5178762919199196
2025-02-19 00:53:15,341 [DEBUG] KartenWarp: Zoom UI updated to 404.6%
2025-02-19 00:53:15,341 [DEBUG] KartenWarp: Zoom factor set to 4.0455577357079076
2025-02-19 00:53:15,349 [DEBUG] KartenWarp: Zoom UI updated to 465.2%
2025-02-19 00:53:15,349 [DEBUG] KartenWarp: Zoom factor set to 4.652391396064093
2025-02-19 00:53:15,359 [DEBUG] KartenWarp: Zoom UI updated to 535.0%
2025-02-19 00:53:15,359 [DEBUG] KartenWarp: Zoom factor set to 5.350250105473707
2025-02-19 00:53:15,362 [DEBUG] KartenWarp: Zoom UI updated to 615.3%
2025-02-19 00:53:15,362 [DEBUG] KartenWarp: Zoom factor set to 6.152787621294762
2025-02-19 00:53:15,379 [DEBUG] KartenWarp: Zoom UI updated to 707.6%
2025-02-19 00:53:15,379 [DEBUG] KartenWarp: Zoom factor set to 7.075705764488976
2025-02-19 00:53:15,389 [DEBUG] KartenWarp: Zoom UI updated to 813.7%
2025-02-19 00:53:15,389 [DEBUG] KartenWarp: Zoom factor set to 8.137061629162321
2025-02-19 00:53:15,434 [DEBUG] KartenWarp: Zoom UI updated to 935.8%
2025-02-19 00:53:15,434 [DEBUG] KartenWarp: Zoom factor set to 9.35762087353667
2025-02-19 00:53:15,669 [DEBUG] KartenWarp: Zoom UI updated to 813.7%
2025-02-19 00:53:15,669 [DEBUG] KartenWarp: Zoom factor set to 8.137061629162321
2025-02-19 00:53:15,679 [DEBUG] KartenWarp: Zoom UI updated to 707.6%
2025-02-19 00:53:15,679 [DEBUG] KartenWarp: Zoom factor set to 7.075705764488976
2025-02-19 00:53:15,681 [DEBUG] KartenWarp: Zoom UI updated to 615.3%
2025-02-19 00:53:15,681 [DEBUG] KartenWarp: Zoom factor set to 6.152787621294762
2025-02-19 00:53:15,689 [DEBUG] KartenWarp: Zoom UI updated to 535.0%
2025-02-19 00:53:15,689 [DEBUG] KartenWarp: Zoom factor set to 5.350250105473707
2025-02-19 00:53:15,699 [DEBUG] KartenWarp: Zoom UI updated to 465.2%
2025-02-19 00:53:15,699 [DEBUG] KartenWarp: Zoom factor set to 4.652391396064093
2025-02-19 00:53:15,713 [DEBUG] KartenWarp: Zoom UI updated to 404.6%
2025-02-19 00:53:15,713 [DEBUG] KartenWarp: Zoom factor set to 4.0455577357079076
2025-02-19 00:53:15,719 [DEBUG] KartenWarp: Zoom UI updated to 351.8%
2025-02-19 00:53:15,719 [DEBUG] KartenWarp: Zoom factor set to 3.51787629191992
2025-02-19 00:53:15,729 [DEBUG] KartenWarp: Zoom UI updated to 305.9%
2025-02-19 00:53:15,729 [DEBUG] KartenWarp: Zoom factor set to 3.059022862539061
2025-02-19 00:53:15,745 [DEBUG] KartenWarp: Zoom UI updated to 266.0%
2025-02-19 00:53:15,745 [DEBUG] KartenWarp: Zoom factor set to 2.660019880468749
2025-02-19 00:53:15,749 [DEBUG] KartenWarp: Zoom UI updated to 231.3%
2025-02-19 00:53:15,749 [DEBUG] KartenWarp: Zoom factor set to 2.3130607656249995
2025-02-19 00:53:15,761 [DEBUG] KartenWarp: Zoom UI updated to 201.1%
2025-02-19 00:53:15,761 [DEBUG] KartenWarp: Zoom factor set to 2.0113571875
2025-02-19 00:53:15,779 [DEBUG] KartenWarp: Zoom UI updated to 174.9%
2025-02-19 00:53:15,779 [DEBUG] KartenWarp: Zoom factor set to 1.74900625
2025-02-19 00:53:15,779 [DEBUG] KartenWarp: Zoom UI updated to 152.1%
2025-02-19 00:53:15,779 [DEBUG] KartenWarp: Zoom factor set to 1.5208750000000002
2025-02-19 00:53:15,789 [DEBUG] KartenWarp: Zoom UI updated to 132.3%
2025-02-19 00:53:15,789 [DEBUG] KartenWarp: Zoom factor set to 1.3225000000000002
2025-02-19 00:53:15,799 [DEBUG] KartenWarp: Zoom UI updated to 115.0%
2025-02-19 00:53:15,799 [DEBUG] KartenWarp: Zoom factor set to 1.1500000000000004
2025-02-19 00:53:15,809 [DEBUG] KartenWarp: Zoom UI updated to 100.0%
2025-02-19 00:53:15,809 [DEBUG] KartenWarp: Zoom factor set to 1.0000000000000004
2025-02-19 00:53:15,819 [DEBUG] KartenWarp: Zoom UI updated to 87.0%
2025-02-19 00:53:15,819 [DEBUG] KartenWarp: Zoom factor set to 0.8695652173913048
2025-02-19 00:53:15,829 [DEBUG] KartenWarp: Zoom UI updated to 75.6%
2025-02-19 00:53:15,829 [DEBUG] KartenWarp: Zoom factor set to 0.7561436672967868
2025-02-19 00:53:15,841 [DEBUG] KartenWarp: Zoom UI updated to 65.8%
2025-02-19 00:53:15,841 [DEBUG] KartenWarp: Zoom factor set to 0.6575162324319886
2025-02-19 00:53:15,849 [DEBUG] KartenWarp: Zoom UI updated to 57.2%
2025-02-19 00:53:15,849 [DEBUG] KartenWarp: Zoom factor set to 0.5717532455930336
2025-02-19 00:53:15,859 [DEBUG] KartenWarp: Zoom UI updated to 49.7%
2025-02-19 00:53:15,859 [DEBUG] KartenWarp: Zoom factor set to 0.49717673529829015
2025-02-19 00:53:15,873 [DEBUG] KartenWarp: Zoom UI updated to 43.2%
2025-02-19 00:53:15,873 [DEBUG] KartenWarp: Zoom factor set to 0.4323275959115567
2025-02-19 00:53:15,879 [DEBUG] KartenWarp: Zoom UI updated to 37.6%
2025-02-19 00:53:15,879 [DEBUG] KartenWarp: Zoom factor set to 0.3759370399230928
2025-02-19 00:53:15,889 [DEBUG] KartenWarp: Zoom UI updated to 32.7%
2025-02-19 00:53:15,889 [DEBUG] KartenWarp: Zoom factor set to 0.3269017738461677
2025-02-19 00:53:15,904 [DEBUG] KartenWarp: Zoom UI updated to 28.4%
2025-02-19 00:53:15,904 [DEBUG] KartenWarp: Zoom factor set to 0.28426241204014585
2025-02-19 00:53:15,909 [DEBUG] KartenWarp: Zoom UI updated to 24.7%
2025-02-19 00:53:15,909 [DEBUG] KartenWarp: Zoom factor set to 0.247184706121866
2025-02-19 00:53:15,920 [DEBUG] KartenWarp: Zoom UI updated to 21.5%
2025-02-19 00:53:15,920 [DEBUG] KartenWarp: Zoom factor set to 0.2149432227146661
2025-02-19 00:53:15,929 [DEBUG] KartenWarp: Zoom UI updated to 18.7%
2025-02-19 00:53:15,929 [DEBUG] KartenWarp: Zoom factor set to 0.18690715018666618
2025-02-19 00:53:15,941 [DEBUG] KartenWarp: Zoom UI updated to 16.3%
2025-02-19 00:53:15,941 [DEBUG] KartenWarp: Zoom factor set to 0.16252795668405756
2025-02-19 00:53:16,524 [DEBUG] KartenWarp: Zoom UI updated to 18.7%
2025-02-19 00:53:16,524 [DEBUG] KartenWarp: Zoom factor set to 0.18690715018666618
2025-02-19 00:53:16,534 [DEBUG] KartenWarp: Zoom UI updated to 21.5%
2025-02-19 00:53:16,534 [DEBUG] KartenWarp: Zoom factor set to 0.2149432227146661
2025-02-19 00:53:16,540 [DEBUG] KartenWarp: Zoom UI updated to 24.7%
2025-02-19 00:53:16,540 [DEBUG] KartenWarp: Zoom factor set to 0.247184706121866
2025-02-19 00:53:16,549 [DEBUG] KartenWarp: Zoom UI updated to 28.4%
2025-02-19 00:53:16,549 [DEBUG] KartenWarp: Zoom factor set to 0.28426241204014585
2025-02-19 00:53:16,559 [DEBUG] KartenWarp: Zoom UI updated to 32.7%
2025-02-19 00:53:16,559 [DEBUG] KartenWarp: Zoom factor set to 0.3269017738461677
2025-02-19 00:53:16,569 [DEBUG] KartenWarp: Zoom UI updated to 37.6%
2025-02-19 00:53:16,569 [DEBUG] KartenWarp: Zoom factor set to 0.3759370399230928
2025-02-19 00:53:16,579 [DEBUG] KartenWarp: Zoom UI updated to 43.2%
2025-02-19 00:53:16,579 [DEBUG] KartenWarp: Zoom factor set to 0.4323275959115567
2025-02-19 00:53:16,589 [DEBUG] KartenWarp: Zoom UI updated to 49.7%
2025-02-19 00:53:16,589 [DEBUG] KartenWarp: Zoom factor set to 0.49717673529829015
2025-02-19 00:53:16,599 [DEBUG] KartenWarp: Zoom UI updated to 57.2%
2025-02-19 00:53:16,599 [DEBUG] KartenWarp: Zoom factor set to 0.5717532455930336
2025-02-19 00:53:16,609 [DEBUG] KartenWarp: Zoom UI updated to 65.8%
2025-02-19 00:53:16,609 [DEBUG] KartenWarp: Zoom factor set to 0.6575162324319886
2025-02-19 00:53:16,621 [DEBUG] KartenWarp: Zoom UI updated to 75.6%
2025-02-19 00:53:16,621 [DEBUG] KartenWarp: Zoom factor set to 0.7561436672967868
2025-02-19 00:53:16,629 [DEBUG] KartenWarp: Zoom UI updated to 87.0%
2025-02-19 00:53:16,629 [DEBUG] KartenWarp: Zoom factor set to 0.8695652173913048
2025-02-19 00:53:16,639 [DEBUG] KartenWarp: Zoom UI updated to 100.0%
2025-02-19 00:53:16,639 [DEBUG] KartenWarp: Zoom factor set to 1.0000000000000004
2025-02-19 00:53:16,659 [DEBUG] KartenWarp: Zoom UI updated to 115.0%
2025-02-19 00:53:16,659 [DEBUG] KartenWarp: Zoom factor set to 1.1500000000000004
2025-02-19 00:53:16,669 [DEBUG] KartenWarp: Zoom UI updated to 132.3%
2025-02-19 00:53:16,669 [DEBUG] KartenWarp: Zoom factor set to 1.3225000000000002
2025-02-19 00:53:16,689 [DEBUG] KartenWarp: Zoom UI updated to 152.1%
2025-02-19 00:53:16,689 [DEBUG] KartenWarp: Zoom factor set to 1.5208750000000002
2025-02-19 00:53:18,679 [DEBUG] KartenWarp: Active scene set
2025-02-19 00:53:18,689 [DEBUG] KartenWarp: OptionsDialog initialized
2025-02-19 00:53:31,189 [DEBUG] KartenWarp: OptionsDialog accept triggered
2025-02-19 00:53:31,199 [DEBUG] KartenWarp: Loaded localization from C:\Github\TR_mod\.tools\KartenWarp\dev\temp\ja.json
2025-02-19 00:53:31,199 [DEBUG] KartenWarp: Language set to ja
2025-02-19 00:53:31,199 [DEBUG] KartenWarp: Options saved
2025-02-19 00:53:31,208 [DEBUG] KartenWarp: Active scene set
2025-02-19 00:53:31,210 [DEBUG] KartenWarp: Menus created
2025-02-19 00:53:31,210 [DEBUG] KartenWarp: Getting dark mode stylesheet
2025-02-19 00:53:31,210 [DEBUG] KartenWarp: Options dialog accepted and settings updated
2025-02-19 00:53:33,199 [DEBUG] KartenWarp: Active scene set
2025-02-19 00:53:35,469 [DEBUG] KartenWarp: Loading project from C:/Github/TR_mod/.tools/KartenWarp/dev/tester_project.kwproj
2025-02-19 00:53:35,479 [INFO] KartenWarp: Project loaded successfully: C:/Github/TR_mod/.tools/KartenWarp/dev/tester_project.kwproj
2025-02-19 00:53:35,479 [DEBUG] KartenWarp: Setting image in scene
2025-02-19 00:53:35,479 [DEBUG] KartenWarp: Active scene set
2025-02-19 00:53:35,479 [DEBUG] KartenWarp: Updating game points: []
2025-02-19 00:53:35,490 [DEBUG] KartenWarp: FeaturePointPresenter: Refreshing UI items.
2025-02-19 00:53:35,490 [DEBUG] KartenWarp: Updating game points: [[95, 67]]
2025-02-19 00:53:35,490 [DEBUG] KartenWarp: FeaturePointPresenter: Refreshing UI items.
2025-02-19 00:53:35,490 [DEBUG] KartenWarp: Updating game points: [[95, 67], [69, 35]]
2025-02-19 00:53:35,490 [DEBUG] KartenWarp: FeaturePointPresenter: Refreshing UI items.
2025-02-19 00:53:35,490 [DEBUG] KartenWarp: Updating game points: [[95, 67], [69, 35], [106, 20]]
2025-02-19 00:53:35,490 [DEBUG] KartenWarp: FeaturePointPresenter: Refreshing UI items.
2025-02-19 00:53:35,490 [DEBUG] KartenWarp: Updating game points: [[95, 67], [69, 35], [106, 20], [142, 41]]
2025-02-19 00:53:35,490 [DEBUG] KartenWarp: FeaturePointPresenter: Refreshing UI items.
2025-02-19 00:53:35,490 [DEBUG] KartenWarp: Updating game points: [[95, 67], [69, 35], [106, 20], [142, 41], [179, 44]]
2025-02-19 00:53:35,490 [DEBUG] KartenWarp: FeaturePointPresenter: Refreshing UI items.
2025-02-19 00:53:35,490 [DEBUG] KartenWarp: Updating game points: [[95, 67], [69, 35], [106, 20], [142, 41], [179, 44], [224, 27]]
2025-02-19 00:53:35,490 [DEBUG] KartenWarp: FeaturePointPresenter: Refreshing UI items.
2025-02-19 00:53:35,490 [DEBUG] KartenWarp: Updating game points: [[95, 67], [69, 35], [106, 20], [142, 41], [179, 44], [224, 27], [289, 49]]
2025-02-19 00:53:35,490 [DEBUG] KartenWarp: FeaturePointPresenter: Refreshing UI items.
2025-02-19 00:53:35,490 [DEBUG] KartenWarp: Updating game points: [[95, 67], [69, 35], [106, 20], [142, 41], [179, 44], [224, 27], [289, 49], [276, 104]]
2025-02-19 00:53:35,490 [DEBUG] KartenWarp: FeaturePointPresenter: Refreshing UI items.
2025-02-19 00:53:35,490 [DEBUG] KartenWarp: Updating game points: [[95, 67], [69, 35], [106, 20], [142, 41], [179, 44], [224, 27], [289, 49], [276, 104], [295, 95]]
2025-02-19 00:53:35,490 [DEBUG] KartenWarp: FeaturePointPresenter: Refreshing UI items.
2025-02-19 00:53:35,490 [DEBUG] KartenWarp: Updating game points: [[95, 67], [69, 35], [106, 20], [142, 41], [179, 44], [224, 27], [289, 49], [276, 104], [295, 95], [235, 141]]
2025-02-19 00:53:35,490 [DEBUG] KartenWarp: FeaturePointPresenter: Refreshing UI items.
2025-02-19 00:53:35,499 [DEBUG] KartenWarp: Updating game points: [[95, 67], [69, 35], [106, 20], [142, 41], [179, 44], [224, 27], [289, 49], [276, 104], [295, 95], [235, 141], [181, 149]]
2025-02-19 00:53:35,499 [DEBUG] KartenWarp: FeaturePointPresenter: Refreshing UI items.
2025-02-19 00:53:35,499 [DEBUG] KartenWarp: Updating game points: [[95, 67], [69, 35], [106, 20], [142, 41], [179, 44], [224, 27], [289, 49], [276, 104], [295, 95], [235, 141], [181, 149], [169, 190]]
2025-02-19 00:53:35,499 [DEBUG] KartenWarp: FeaturePointPresenter: Refreshing UI items.
2025-02-19 00:53:35,500 [DEBUG] KartenWarp: Updating game points: [[95, 67], [69, 35], [106, 20], [142, 41], [179, 44], [224, 27], [289, 49], [276, 104], [295, 95], [235, 141], [181, 149], [169, 190], [129, 176]]
2025-02-19 00:53:35,500 [DEBUG] KartenWarp: FeaturePointPresenter: Refreshing UI items.
2025-02-19 00:53:35,500 [DEBUG] KartenWarp: Updating game points: [[95, 67], [69, 35], [106, 20], [142, 41], [179, 44], [224, 27], [289, 49], [276, 104], [295, 95], [235, 141], [181, 149], [169, 190], [129, 176], [105, 138]]
2025-02-19 00:53:35,500 [DEBUG] KartenWarp: FeaturePointPresenter: Refreshing UI items.
2025-02-19 00:53:35,500 [DEBUG] KartenWarp: Updating game points: [[95, 67], [69, 35], [106, 20], [142, 41], [179, 44], [224, 27], [289, 49], [276, 104], [295, 95], [235, 141], [181, 149], [169, 190], [129, 176], [105, 138], [91, 119]]
2025-02-19 00:53:35,500 [DEBUG] KartenWarp: FeaturePointPresenter: Refreshing UI items.
2025-02-19 00:53:35,500 [DEBUG] KartenWarp: Updating game points: [[95, 67], [69, 35], [106, 20], [142, 41], [179, 44], [224, 27], [289, 49], [276, 104], [295, 95], [235, 141], [181, 149], [169, 190], [129, 176], [105, 138], [91, 119], [84, 97]]
2025-02-19 00:53:35,500 [DEBUG] KartenWarp: FeaturePointPresenter: Refreshing UI items.
2025-02-19 00:53:35,500 [DEBUG] KartenWarp: Updating game points: [[95, 67], [69, 35], [106, 20], [142, 41], [179, 44], [224, 27], [289, 49], [276, 104], [295, 95], [235, 141], [181, 149], [169, 190], [129, 176], [105, 138], [91, 119], [84, 97], [29, 99]]
2025-02-19 00:53:35,529 [DEBUG] KartenWarp: Setting image in scene
2025-02-19 00:53:35,532 [DEBUG] KartenWarp: Updating real points: []
2025-02-19 00:53:35,532 [DEBUG] KartenWarp: FeaturePointPresenter: Refreshing UI items.
2025-02-19 00:53:35,532 [DEBUG] KartenWarp: Updating real points: [[311, 239]]
2025-02-19 00:53:35,532 [DEBUG] KartenWarp: FeaturePointPresenter: Refreshing UI items.
2025-02-19 00:53:35,532 [DEBUG] KartenWarp: Updating real points: [[311, 239], [205, 75]]
2025-02-19 00:53:35,532 [DEBUG] KartenWarp: FeaturePointPresenter: Refreshing UI items.
2025-02-19 00:53:35,532 [DEBUG] KartenWarp: Updating real points: [[311, 239], [205, 75], [356, 3]]
2025-02-19 00:53:35,532 [DEBUG] KartenWarp: FeaturePointPresenter: Refreshing UI items.
2025-02-19 00:53:35,532 [DEBUG] KartenWarp: Updating real points: [[311, 239], [205, 75], [356, 3], [506, 101]]
2025-02-19 00:53:35,532 [DEBUG] KartenWarp: FeaturePointPresenter: Refreshing UI items.
2025-02-19 00:53:35,539 [DEBUG] KartenWarp: Updating real points: [[311, 239], [205, 75], [356, 3], [506, 101], [660, 120]]
2025-02-19 00:53:35,539 [DEBUG] KartenWarp: FeaturePointPresenter: Refreshing UI items.
2025-02-19 00:53:35,539 [DEBUG] KartenWarp: Updating real points: [[311, 239], [205, 75], [356, 3], [506, 101], [660, 120], [841, 22]]
2025-02-19 00:53:35,539 [DEBUG] KartenWarp: FeaturePointPresenter: Refreshing UI items.
2025-02-19 00:53:35,539 [DEBUG] KartenWarp: Updating real points: [[311, 239], [205, 75], [356, 3], [506, 101], [660, 120], [841, 22], [1133, 106]]
2025-02-19 00:53:35,539 [DEBUG] KartenWarp: FeaturePointPresenter: Refreshing UI items.
2025-02-19 00:53:35,539 [DEBUG] KartenWarp: Updating real points: [[311, 239], [205, 75], [356, 3], [506, 101], [660, 120], [841, 22], [1133, 106], [1111, 386]]
2025-02-19 00:53:35,539 [DEBUG] KartenWarp: FeaturePointPresenter: Refreshing UI items.
2025-02-19 00:53:35,539 [DEBUG] KartenWarp: Updating real points: [[311, 239], [205, 75], [356, 3], [506, 101], [660, 120], [841, 22], [1133, 106], [1111, 386], [1175, 331]]
2025-02-19 00:53:35,539 [DEBUG] KartenWarp: FeaturePointPresenter: Refreshing UI items.
2025-02-19 00:53:35,539 [DEBUG] KartenWarp: Updating real points: [[311, 239], [205, 75], [356, 3], [506, 101], [660, 120], [841, 22], [1133, 106], [1111, 386], [1175, 331], [930, 601]]
2025-02-19 00:53:35,539 [DEBUG] KartenWarp: FeaturePointPresenter: Refreshing UI items.
2025-02-19 00:53:35,539 [DEBUG] KartenWarp: Updating real points: [[311, 239], [205, 75], [356, 3], [506, 101], [660, 120], [841, 22], [1133, 106], [1111, 386], [1175, 331], [930, 601], [701, 652]]
2025-02-19 00:53:35,539 [DEBUG] KartenWarp: FeaturePointPresenter: Refreshing UI items.
2025-02-19 00:53:35,539 [DEBUG] KartenWarp: Updating real points: [[311, 239], [205, 75], [356, 3], [506, 101], [660, 120], [841, 22], [1133, 106], [1111, 386], [1175, 331], [930, 601], [701, 652], [647, 898]]
2025-02-19 00:53:35,539 [DEBUG] KartenWarp: FeaturePointPresenter: Refreshing UI items.
2025-02-19 00:53:35,544 [DEBUG] KartenWarp: Updating real points: [[311, 239], [205, 75], [356, 3], [506, 101], [660, 120], [841, 22], [1133, 106], [1111, 386], [1175, 331], [930, 601], [701, 652], [647, 898], [449, 800]]
2025-02-19 00:53:35,544 [DEBUG] KartenWarp: FeaturePointPresenter: Refreshing UI items.
2025-02-19 00:53:35,544 [DEBUG] KartenWarp: Updating real points: [[311, 239], [205, 75], [356, 3], [506, 101], [660, 120], [841, 22], [1133, 106], [1111, 386], [1175, 331], [930, 601], [701, 652], [647, 898], [449, 800], [334, 606]]
2025-02-19 00:53:35,544 [DEBUG] KartenWarp: FeaturePointPresenter: Refreshing UI items.
2025-02-19 00:53:35,544 [DEBUG] KartenWarp: Updating real points: [[311, 239], [205, 75], [356, 3], [506, 101], [660, 120], [841, 22], [1133, 106], [1111, 386], [1175, 331], [930, 601], [701, 652], [647, 898], [449, 800], [334, 606], [276, 487]]
2025-02-19 00:53:35,544 [DEBUG] KartenWarp: FeaturePointPresenter: Refreshing UI items.
2025-02-19 00:53:35,544 [DEBUG] KartenWarp: Updating real points: [[311, 239], [205, 75], [356, 3], [506, 101], [660, 120], [841, 22], [1133, 106], [1111, 386], [1175, 331], [930, 601], [701, 652], [647, 898], [449, 800], [334, 606], [276, 487], [245, 375]]
2025-02-19 00:53:35,544 [DEBUG] KartenWarp: FeaturePointPresenter: Refreshing UI items.
2025-02-19 00:53:35,548 [DEBUG] KartenWarp: Updating real points: [[311, 239], [205, 75], [356, 3], [506, 101], [660, 120], [841, 22], [1133, 106], [1111, 386], [1175, 331], [930, 601], [701, 652], [647, 898], [449, 800], [334, 606], [276, 487], [245, 375], [19, 357]]
2025-02-19 00:53:35,549 [INFO] KartenWarp: Project loaded successfully
2025-02-19 00:53:36,039 [DEBUG] KartenWarp: Zoom UI updated to 465.2%
2025-02-19 00:53:36,039 [DEBUG] KartenWarp: Zoom factor set to 4.652391396064093
2025-02-19 00:53:36,048 [DEBUG] KartenWarp: Zoom UI updated to 535.0%
2025-02-19 00:53:36,048 [DEBUG] KartenWarp: Zoom factor set to 5.350250105473707
2025-02-19 00:53:36,078 [DEBUG] KartenWarp: Zoom UI updated to 615.3%
2025-02-19 00:53:36,078 [DEBUG] KartenWarp: Zoom factor set to 6.152787621294762
2025-02-19 00:53:36,102 [DEBUG] KartenWarp: Zoom UI updated to 707.6%
2025-02-19 00:53:36,102 [DEBUG] KartenWarp: Zoom factor set to 7.075705764488976
2025-02-19 00:53:36,129 [DEBUG] KartenWarp: Zoom UI updated to 813.7%
2025-02-19 00:53:36,129 [DEBUG] KartenWarp: Zoom factor set to 8.137061629162321
2025-02-19 00:53:36,203 [DEBUG] KartenWarp: Zoom UI updated to 935.8%
2025-02-19 00:53:36,203 [DEBUG] KartenWarp: Zoom factor set to 9.35762087353667
2025-02-19 00:53:37,809 [DEBUG] KartenWarp: Active scene set
2025-02-19 00:53:37,816 [DEBUG] KartenWarp: FeaturePointPresenter: Refreshing UI items.
2025-02-19 00:53:37,818 [DEBUG] KartenWarp: Updating game points: [[95, 67], [69, 35], [106, 20], [142, 41], [179, 44], [224, 27], [289, 49], [276, 104], [295, 95], [235, 141], [181, 149], [169, 190], [129, 176], [105, 138], [91, 119], [84, 97], [29, 99], [95, 67]]
2025-02-19 00:53:39,912 [DEBUG] KartenWarp: Zoom UI updated to 813.7%
2025-02-19 00:53:39,912 [DEBUG] KartenWarp: Zoom factor set to 8.137061629162321
2025-02-19 00:53:39,928 [DEBUG] KartenWarp: Zoom UI updated to 707.6%
2025-02-19 00:53:39,928 [DEBUG] KartenWarp: Zoom factor set to 7.075705764488976
2025-02-19 00:53:39,978 [DEBUG] KartenWarp: Zoom UI updated to 615.3%
2025-02-19 00:53:39,978 [DEBUG] KartenWarp: Zoom factor set to 6.152787621294762
2025-02-19 00:53:40,009 [DEBUG] KartenWarp: Zoom UI updated to 535.0%
2025-02-19 00:53:40,009 [DEBUG] KartenWarp: Zoom factor set to 5.350250105473707
2025-02-19 00:53:40,327 [DEBUG] KartenWarp: Zoom UI updated to 465.2%
2025-02-19 00:53:40,327 [DEBUG] KartenWarp: Zoom factor set to 4.652391396064093
2025-02-19 00:53:40,369 [DEBUG] KartenWarp: Zoom UI updated to 404.6%
2025-02-19 00:53:40,378 [DEBUG] KartenWarp: Zoom factor set to 4.0455577357079076
2025-02-19 00:53:40,749 [DEBUG] KartenWarp: Panning started
2025-02-19 00:53:41,039 [DEBUG] KartenWarp: Panning ended
2025-02-19 00:53:41,365 [DEBUG] KartenWarp: Zoom UI updated to 465.2%
2025-02-19 00:53:41,365 [DEBUG] KartenWarp: Zoom factor set to 4.652391396064093
2025-02-19 00:53:41,391 [DEBUG] KartenWarp: Zoom UI updated to 535.0%
2025-02-19 00:53:41,391 [DEBUG] KartenWarp: Zoom factor set to 5.350250105473707
2025-02-19 00:53:41,420 [DEBUG] KartenWarp: Zoom UI updated to 615.3%
2025-02-19 00:53:41,420 [DEBUG] KartenWarp: Zoom factor set to 6.152787621294762
2025-02-19 00:53:41,531 [DEBUG] KartenWarp: Zoom UI updated to 707.6%
2025-02-19 00:53:41,533 [DEBUG] KartenWarp: Zoom factor set to 7.075705764488976
2025-02-19 00:53:42,239 [DEBUG] KartenWarp: Active scene set
2025-02-19 00:53:42,239 [DEBUG] KartenWarp: FeaturePointPresenter: Refreshing UI items.
2025-02-19 00:53:42,239 [DEBUG] KartenWarp: Updating game points: [[95, 67], [69, 35], [106, 20], [142, 41], [179, 44], [224, 27], [289, 49], [276, 104], [295, 95], [235, 141], [181, 149], [169, 190], [129, 176], [105, 138], [91, 119], [84, 97], [29, 99], [95, 67], [146, 52]]
2025-02-19 00:53:43,429 [DEBUG] KartenWarp: Active scene set
2025-02-19 00:53:43,429 [DEBUG] KartenWarp: FeaturePointPresenter: Refreshing UI items.
2025-02-19 00:53:43,439 [DEBUG] KartenWarp: Updating game points: [[95, 67], [69, 35], [106, 20], [142, 41], [179, 44], [224, 27], [289, 49], [276, 104], [295, 95], [235, 141], [181, 149], [169, 190], [129, 176], [105, 138], [91, 119], [84, 97], [29, 99], [95, 67], [146, 52], [147, 55]]
2025-02-19 00:53:44,260 [DEBUG] KartenWarp: Active scene set
2025-02-19 00:53:44,260 [DEBUG] KartenWarp: FeaturePointPresenter: Refreshing UI items.
2025-02-19 00:53:44,260 [DEBUG] KartenWarp: Updating game points: [[95, 67], [69, 35], [106, 20], [142, 41], [179, 44], [224, 27], [289, 49], [276, 104], [295, 95], [235, 141], [181, 149], [169, 190], [129, 176], [105, 138], [91, 119], [84, 97], [29, 99], [95, 67], [146, 52], [147, 55], [143, 73]]
2025-02-19 00:53:45,289 [DEBUG] KartenWarp: Active scene set
2025-02-19 00:53:45,289 [DEBUG] KartenWarp: FeaturePointPresenter: Refreshing UI items.
2025-02-19 00:53:45,289 [DEBUG] KartenWarp: Updating game points: [[95, 67], [69, 35], [106, 20], [142, 41], [179, 44], [224, 27], [289, 49], [276, 104], [295, 95], [235, 141], [181, 149], [169, 190], [129, 176], [105, 138], [91, 119], [84, 97], [29, 99], [95, 67], [146, 52], [147, 55], [143, 73], [144, 94]]
