2025-02-18 14:34:29,206 [INFO] KartenWarp: Logging started in C:\Github\TR_mod\.tools\KartenWarp\dev\temp\run_20250218_143429
2025-02-18 14:34:29,206 [INFO] KartenWarp: Transformation logger configured
2025-02-18 14:34:29,237 [DEBUG] KartenWarp: Extracted 100 localization keys from source code.
2025-02-18 14:34:29,237 [DEBUG] KartenWarp: Updated de.json with 100 keys. Written to temp folder.
2025-02-18 14:34:29,237 [DEBUG] KartenWarp: Updated en.json with 100 keys. Written to temp folder.
2025-02-18 14:34:29,237 [DEBUG] KartenWarp: Updated ja.json with 100 keys. Written to temp folder.
2025-02-18 14:34:29,237 [DEBUG] KartenWarp: Loaded localization from C:\Github\TR_mod\.tools\KartenWarp\dev\temp\ja.json
2025-02-18 14:34:29,237 [DEBUG] KartenWarp: Initializing SceneState
2025-02-18 14:34:29,317 [DEBUG] KartenWarp: theme.py module loaded
2025-02-18 14:34:29,317 [DEBUG] KartenWarp: Starting application
2025-02-18 14:34:29,333 [DEBUG] KartenWarp: SceneState.__init__
2025-02-18 14:34:29,333 [DEBUG] KartenWarp: InteractiveScene initialized for game
2025-02-18 14:34:29,350 [DEBUG] KartenWarp: InteractiveScene initialized for real
2025-02-18 14:34:29,350 [DEBUG] KartenWarp: InteractiveView.__init__
2025-02-18 14:34:29,804 [DEBUG] KartenWarp: InteractiveView.__init__
2025-02-18 14:34:29,813 [DEBUG] KartenWarp: Menus created
2025-02-18 14:34:29,813 [DEBUG] KartenWarp: MainWindow initialized
2025-02-18 14:34:29,813 [DEBUG] KartenWarp: Getting dark mode stylesheet
2025-02-18 14:34:29,902 [INFO] KartenWarp: Main window shown; entering event loop
2025-02-18 14:34:29,904 [DEBUG] KartenWarp: Active scene set
2025-02-18 14:34:32,669 [DEBUG] KartenWarp: Active scene set
2025-02-18 14:34:34,130 [DEBUG] KartenWarp: Loading project from C:/Github/TR_mod/.tools/KartenWarp/dev/tester_project.kwproj
2025-02-18 14:34:34,130 [INFO] KartenWarp: Project loaded successfully: C:/Github/TR_mod/.tools/KartenWarp/dev/tester_project.kwproj
2025-02-18 14:34:34,130 [DEBUG] KartenWarp: Setting image in scene
2025-02-18 14:34:34,130 [DEBUG] KartenWarp: Active scene set
2025-02-18 14:34:34,130 [DEBUG] KartenWarp: Updating game points: []
2025-02-18 14:34:34,130 [DEBUG] KartenWarp: FeaturePointPresenter: Refreshing UI items.
2025-02-18 14:34:34,130 [DEBUG] KartenWarp: Updating game points: [(95, 67)]
2025-02-18 14:34:34,130 [DEBUG] KartenWarp: FeaturePointPresenter: Refreshing UI items.
2025-02-18 14:34:34,130 [DEBUG] KartenWarp: Updating game points: [(95, 67), (69, 35)]
2025-02-18 14:34:34,130 [DEBUG] KartenWarp: FeaturePointPresenter: Refreshing UI items.
2025-02-18 14:34:34,130 [DEBUG] KartenWarp: Updating game points: [(95, 67), (69, 35), (106, 20)]
2025-02-18 14:34:34,130 [DEBUG] KartenWarp: FeaturePointPresenter: Refreshing UI items.
2025-02-18 14:34:34,130 [DEBUG] KartenWarp: Updating game points: [(95, 67), (69, 35), (106, 20), (142, 41)]
2025-02-18 14:34:34,130 [DEBUG] KartenWarp: FeaturePointPresenter: Refreshing UI items.
2025-02-18 14:34:34,130 [DEBUG] KartenWarp: Updating game points: [(95, 67), (69, 35), (106, 20), (142, 41), (179, 44)]
2025-02-18 14:34:34,130 [DEBUG] KartenWarp: FeaturePointPresenter: Refreshing UI items.
2025-02-18 14:34:34,130 [DEBUG] KartenWarp: Updating game points: [(95, 67), (69, 35), (106, 20), (142, 41), (179, 44), (224, 27)]
2025-02-18 14:34:34,130 [DEBUG] KartenWarp: FeaturePointPresenter: Refreshing UI items.
2025-02-18 14:34:34,130 [DEBUG] KartenWarp: Updating game points: [(95, 67), (69, 35), (106, 20), (142, 41), (179, 44), (224, 27), (289, 49)]
2025-02-18 14:34:34,130 [DEBUG] KartenWarp: FeaturePointPresenter: Refreshing UI items.
2025-02-18 14:34:34,130 [DEBUG] KartenWarp: Updating game points: [(95, 67), (69, 35), (106, 20), (142, 41), (179, 44), (224, 27), (289, 49), (276, 104)]
2025-02-18 14:34:34,130 [DEBUG] KartenWarp: FeaturePointPresenter: Refreshing UI items.
2025-02-18 14:34:34,130 [DEBUG] KartenWarp: Updating game points: [(95, 67), (69, 35), (106, 20), (142, 41), (179, 44), (224, 27), (289, 49), (276, 104), (295, 95)]
2025-02-18 14:34:34,130 [DEBUG] KartenWarp: FeaturePointPresenter: Refreshing UI items.
2025-02-18 14:34:34,130 [DEBUG] KartenWarp: Updating game points: [(95, 67), (69, 35), (106, 20), (142, 41), (179, 44), (224, 27), (289, 49), (276, 104), (295, 95), (235, 141)]
2025-02-18 14:34:34,130 [DEBUG] KartenWarp: FeaturePointPresenter: Refreshing UI items.
2025-02-18 14:34:34,130 [DEBUG] KartenWarp: Updating game points: [(95, 67), (69, 35), (106, 20), (142, 41), (179, 44), (224, 27), (289, 49), (276, 104), (295, 95), (235, 141), (181, 149)]
2025-02-18 14:34:34,130 [DEBUG] KartenWarp: FeaturePointPresenter: Refreshing UI items.
2025-02-18 14:34:34,130 [DEBUG] KartenWarp: Updating game points: [(95, 67), (69, 35), (106, 20), (142, 41), (179, 44), (224, 27), (289, 49), (276, 104), (295, 95), (235, 141), (181, 149), (169, 190)]
2025-02-18 14:34:34,130 [DEBUG] KartenWarp: FeaturePointPresenter: Refreshing UI items.
2025-02-18 14:34:34,130 [DEBUG] KartenWarp: Updating game points: [(95, 67), (69, 35), (106, 20), (142, 41), (179, 44), (224, 27), (289, 49), (276, 104), (295, 95), (235, 141), (181, 149), (169, 190), (129, 176)]
2025-02-18 14:34:34,130 [DEBUG] KartenWarp: FeaturePointPresenter: Refreshing UI items.
2025-02-18 14:34:34,130 [DEBUG] KartenWarp: Updating game points: [(95, 67), (69, 35), (106, 20), (142, 41), (179, 44), (224, 27), (289, 49), (276, 104), (295, 95), (235, 141), (181, 149), (169, 190), (129, 176), (105, 138)]
2025-02-18 14:34:34,130 [DEBUG] KartenWarp: FeaturePointPresenter: Refreshing UI items.
2025-02-18 14:34:34,146 [DEBUG] KartenWarp: Updating game points: [(95, 67), (69, 35), (106, 20), (142, 41), (179, 44), (224, 27), (289, 49), (276, 104), (295, 95), (235, 141), (181, 149), (169, 190), (129, 176), (105, 138), (91, 119)]
2025-02-18 14:34:34,146 [DEBUG] KartenWarp: FeaturePointPresenter: Refreshing UI items.
2025-02-18 14:34:34,146 [DEBUG] KartenWarp: Updating game points: [(95, 67), (69, 35), (106, 20), (142, 41), (179, 44), (224, 27), (289, 49), (276, 104), (295, 95), (235, 141), (181, 149), (169, 190), (129, 176), (105, 138), (91, 119), (84, 97)]
2025-02-18 14:34:34,146 [DEBUG] KartenWarp: FeaturePointPresenter: Refreshing UI items.
2025-02-18 14:34:34,146 [DEBUG] KartenWarp: Updating game points: [(95, 67), (69, 35), (106, 20), (142, 41), (179, 44), (224, 27), (289, 49), (276, 104), (295, 95), (235, 141), (181, 149), (169, 190), (129, 176), (105, 138), (91, 119), (84, 97), (29, 99)]
2025-02-18 14:34:34,162 [DEBUG] KartenWarp: Setting image in scene
2025-02-18 14:34:34,162 [DEBUG] KartenWarp: Updating real points: []
2025-02-18 14:34:34,162 [DEBUG] KartenWarp: FeaturePointPresenter: Refreshing UI items.
2025-02-18 14:34:34,162 [DEBUG] KartenWarp: Updating real points: [(311, 239)]
2025-02-18 14:34:34,162 [DEBUG] KartenWarp: FeaturePointPresenter: Refreshing UI items.
2025-02-18 14:34:34,162 [DEBUG] KartenWarp: Updating real points: [(311, 239), (205, 75)]
2025-02-18 14:34:34,162 [DEBUG] KartenWarp: FeaturePointPresenter: Refreshing UI items.
2025-02-18 14:34:34,162 [DEBUG] KartenWarp: Updating real points: [(311, 239), (205, 75), (356, 3)]
2025-02-18 14:34:34,162 [DEBUG] KartenWarp: FeaturePointPresenter: Refreshing UI items.
2025-02-18 14:34:34,162 [DEBUG] KartenWarp: Updating real points: [(311, 239), (205, 75), (356, 3), (506, 101)]
2025-02-18 14:34:34,162 [DEBUG] KartenWarp: FeaturePointPresenter: Refreshing UI items.
2025-02-18 14:34:34,162 [DEBUG] KartenWarp: Updating real points: [(311, 239), (205, 75), (356, 3), (506, 101), (660, 120)]
2025-02-18 14:34:34,162 [DEBUG] KartenWarp: FeaturePointPresenter: Refreshing UI items.
2025-02-18 14:34:34,162 [DEBUG] KartenWarp: Updating real points: [(311, 239), (205, 75), (356, 3), (506, 101), (660, 120), (841, 22)]
2025-02-18 14:34:34,162 [DEBUG] KartenWarp: FeaturePointPresenter: Refreshing UI items.
2025-02-18 14:34:34,162 [DEBUG] KartenWarp: Updating real points: [(311, 239), (205, 75), (356, 3), (506, 101), (660, 120), (841, 22), (1133, 106)]
2025-02-18 14:34:34,162 [DEBUG] KartenWarp: FeaturePointPresenter: Refreshing UI items.
2025-02-18 14:34:34,162 [DEBUG] KartenWarp: Updating real points: [(311, 239), (205, 75), (356, 3), (506, 101), (660, 120), (841, 22), (1133, 106), (1111, 386)]
2025-02-18 14:34:34,162 [DEBUG] KartenWarp: FeaturePointPresenter: Refreshing UI items.
2025-02-18 14:34:34,162 [DEBUG] KartenWarp: Updating real points: [(311, 239), (205, 75), (356, 3), (506, 101), (660, 120), (841, 22), (1133, 106), (1111, 386), (1175, 331)]
2025-02-18 14:34:34,162 [DEBUG] KartenWarp: FeaturePointPresenter: Refreshing UI items.
2025-02-18 14:34:34,162 [DEBUG] KartenWarp: Updating real points: [(311, 239), (205, 75), (356, 3), (506, 101), (660, 120), (841, 22), (1133, 106), (1111, 386), (1175, 331), (930, 601)]
2025-02-18 14:34:34,162 [DEBUG] KartenWarp: FeaturePointPresenter: Refreshing UI items.
2025-02-18 14:34:34,178 [DEBUG] KartenWarp: Updating real points: [(311, 239), (205, 75), (356, 3), (506, 101), (660, 120), (841, 22), (1133, 106), (1111, 386), (1175, 331), (930, 601), (701, 652)]
2025-02-18 14:34:34,178 [DEBUG] KartenWarp: FeaturePointPresenter: Refreshing UI items.
2025-02-18 14:34:34,178 [DEBUG] KartenWarp: Updating real points: [(311, 239), (205, 75), (356, 3), (506, 101), (660, 120), (841, 22), (1133, 106), (1111, 386), (1175, 331), (930, 601), (701, 652), (647, 898)]
2025-02-18 14:34:34,178 [DEBUG] KartenWarp: FeaturePointPresenter: Refreshing UI items.
2025-02-18 14:34:34,178 [DEBUG] KartenWarp: Updating real points: [(311, 239), (205, 75), (356, 3), (506, 101), (660, 120), (841, 22), (1133, 106), (1111, 386), (1175, 331), (930, 601), (701, 652), (647, 898), (449, 800)]
2025-02-18 14:34:34,178 [DEBUG] KartenWarp: FeaturePointPresenter: Refreshing UI items.
2025-02-18 14:34:34,178 [DEBUG] KartenWarp: Updating real points: [(311, 239), (205, 75), (356, 3), (506, 101), (660, 120), (841, 22), (1133, 106), (1111, 386), (1175, 331), (930, 601), (701, 652), (647, 898), (449, 800), (334, 606)]
2025-02-18 14:34:34,178 [DEBUG] KartenWarp: FeaturePointPresenter: Refreshing UI items.
2025-02-18 14:34:34,178 [DEBUG] KartenWarp: Updating real points: [(311, 239), (205, 75), (356, 3), (506, 101), (660, 120), (841, 22), (1133, 106), (1111, 386), (1175, 331), (930, 601), (701, 652), (647, 898), (449, 800), (334, 606), (276, 487)]
2025-02-18 14:34:34,178 [DEBUG] KartenWarp: FeaturePointPresenter: Refreshing UI items.
2025-02-18 14:34:34,178 [DEBUG] KartenWarp: Updating real points: [(311, 239), (205, 75), (356, 3), (506, 101), (660, 120), (841, 22), (1133, 106), (1111, 386), (1175, 331), (930, 601), (701, 652), (647, 898), (449, 800), (334, 606), (276, 487), (245, 375)]
2025-02-18 14:34:34,178 [DEBUG] KartenWarp: FeaturePointPresenter: Refreshing UI items.
2025-02-18 14:34:34,178 [DEBUG] KartenWarp: Updating real points: [(311, 239), (205, 75), (356, 3), (506, 101), (660, 120), (841, 22), (1133, 106), (1111, 386), (1175, 331), (930, 601), (701, 652), (647, 898), (449, 800), (334, 606), (276, 487), (245, 375), (19, 357)]
2025-02-18 14:34:34,178 [INFO] KartenWarp: Project loaded successfully
2025-02-18 14:34:34,948 [DEBUG] KartenWarp: Zoom UI updated to 115.0%
2025-02-18 14:34:34,948 [DEBUG] KartenWarp: Zoom factor set to 1.15
2025-02-18 14:34:34,959 [DEBUG] KartenWarp: Zoom UI updated to 132.2%
2025-02-18 14:34:34,959 [DEBUG] KartenWarp: Zoom factor set to 1.3224999999999998
2025-02-18 14:34:34,975 [DEBUG] KartenWarp: Zoom UI updated to 152.1%
2025-02-18 14:34:34,975 [DEBUG] KartenWarp: Zoom factor set to 1.5208749999999995
2025-02-18 14:34:35,038 [DEBUG] KartenWarp: Zoom UI updated to 174.9%
2025-02-18 14:34:35,038 [DEBUG] KartenWarp: Zoom factor set to 1.7490062499999994
2025-02-18 14:34:35,737 [DEBUG] KartenWarp: Zoom UI updated to 201.1%
2025-02-18 14:34:35,737 [DEBUG] KartenWarp: Zoom factor set to 2.0113571874999994
2025-02-18 14:34:36,178 [DEBUG] KartenWarp: Zoom UI updated to 231.3%
2025-02-18 14:34:36,178 [DEBUG] KartenWarp: Zoom factor set to 2.313060765624999
2025-02-18 14:34:36,210 [DEBUG] KartenWarp: Zoom UI updated to 266.0%
2025-02-18 14:34:36,210 [DEBUG] KartenWarp: Zoom factor set to 2.6600198804687487
2025-02-18 14:34:36,307 [DEBUG] KartenWarp: Zoom UI updated to 305.9%
2025-02-18 14:34:36,307 [DEBUG] KartenWarp: Zoom factor set to 3.0590228625390607
2025-02-18 14:34:36,685 [DEBUG] KartenWarp: Active scene set
2025-02-18 14:34:36,685 [DEBUG] KartenWarp: FeaturePointPresenter: Refreshing UI items.
2025-02-18 14:34:36,685 [DEBUG] KartenWarp: Updating game points: [(95, 67), (69, 35), (106, 20), (142, 41), (179, 44), (224, 27), (289, 49), (276, 104), (295, 95), (235, 141), (181, 149), (169, 190), (129, 176), (105, 138), (91, 119), (84, 97), (29, 99), (153, 78)]
2025-02-18 14:34:38,220 [DEBUG] KartenWarp: Active scene set
2025-02-18 14:34:38,220 [DEBUG] KartenWarp: FeaturePointPresenter: Refreshing UI items.
2025-02-18 14:34:38,220 [DEBUG] KartenWarp: Updating game points: [(95, 67), (69, 35), (106, 20), (142, 41), (179, 44), (224, 27), (289, 49), (276, 104), (295, 95), (235, 141), (181, 149), (169, 190), (129, 176), (105, 138), (91, 119), (84, 97), (29, 99), (153, 78), (153, 78)]
2025-02-18 14:34:39,168 [DEBUG] KartenWarp: Active scene set
2025-02-18 14:34:39,168 [DEBUG] KartenWarp: FeaturePointPresenter: Refreshing UI items.
2025-02-18 14:34:39,168 [DEBUG] KartenWarp: Updating game points: [(95, 67), (69, 35), (106, 20), (142, 41), (179, 44), (224, 27), (289, 49), (276, 104), (295, 95), (235, 141), (181, 149), (169, 190), (129, 176), (105, 138), (91, 119), (84, 97), (29, 99), (153, 78), (153, 78), (185, 80)]
2025-02-18 14:34:40,028 [DEBUG] KartenWarp: Zoom UI updated to 351.8%
2025-02-18 14:34:40,028 [DEBUG] KartenWarp: Zoom factor set to 3.5178762919199196
2025-02-18 14:34:40,061 [DEBUG] KartenWarp: Zoom UI updated to 404.6%
2025-02-18 14:34:40,061 [DEBUG] KartenWarp: Zoom factor set to 4.0455577357079076
2025-02-18 14:34:41,734 [DEBUG] KartenWarp: Active scene set
2025-02-18 14:34:42,847 [DEBUG] KartenWarp: Loading project from C:/Github/TR_mod/.tools/KartenWarp/dev/tester_project.kwproj
2025-02-18 14:34:42,847 [INFO] KartenWarp: Project loaded successfully: C:/Github/TR_mod/.tools/KartenWarp/dev/tester_project.kwproj
2025-02-18 14:34:42,847 [DEBUG] KartenWarp: Setting image in scene
2025-02-18 14:34:42,847 [DEBUG] KartenWarp: Active scene set
2025-02-18 14:34:42,847 [DEBUG] KartenWarp: Updating game points: []
2025-02-18 14:34:42,847 [DEBUG] KartenWarp: FeaturePointPresenter: Refreshing UI items.
2025-02-18 14:34:42,847 [DEBUG] KartenWarp: Updating game points: [(95, 67)]
2025-02-18 14:34:42,847 [DEBUG] KartenWarp: FeaturePointPresenter: Refreshing UI items.
2025-02-18 14:34:42,847 [DEBUG] KartenWarp: Updating game points: [(95, 67), (69, 35)]
2025-02-18 14:34:42,847 [DEBUG] KartenWarp: FeaturePointPresenter: Refreshing UI items.
2025-02-18 14:34:42,847 [DEBUG] KartenWarp: Updating game points: [(95, 67), (69, 35), (106, 20)]
2025-02-18 14:34:42,847 [DEBUG] KartenWarp: FeaturePointPresenter: Refreshing UI items.
2025-02-18 14:34:42,847 [DEBUG] KartenWarp: Updating game points: [(95, 67), (69, 35), (106, 20), (142, 41)]
2025-02-18 14:34:42,847 [DEBUG] KartenWarp: FeaturePointPresenter: Refreshing UI items.
2025-02-18 14:34:42,847 [DEBUG] KartenWarp: Updating game points: [(95, 67), (69, 35), (106, 20), (142, 41), (179, 44)]
2025-02-18 14:34:42,847 [DEBUG] KartenWarp: FeaturePointPresenter: Refreshing UI items.
2025-02-18 14:34:42,847 [DEBUG] KartenWarp: Updating game points: [(95, 67), (69, 35), (106, 20), (142, 41), (179, 44), (224, 27)]
2025-02-18 14:34:42,847 [DEBUG] KartenWarp: FeaturePointPresenter: Refreshing UI items.
2025-02-18 14:34:42,847 [DEBUG] KartenWarp: Updating game points: [(95, 67), (69, 35), (106, 20), (142, 41), (179, 44), (224, 27), (289, 49)]
2025-02-18 14:34:42,847 [DEBUG] KartenWarp: FeaturePointPresenter: Refreshing UI items.
2025-02-18 14:34:42,847 [DEBUG] KartenWarp: Updating game points: [(95, 67), (69, 35), (106, 20), (142, 41), (179, 44), (224, 27), (289, 49), (276, 104)]
2025-02-18 14:34:42,847 [DEBUG] KartenWarp: FeaturePointPresenter: Refreshing UI items.
2025-02-18 14:34:42,847 [DEBUG] KartenWarp: Updating game points: [(95, 67), (69, 35), (106, 20), (142, 41), (179, 44), (224, 27), (289, 49), (276, 104), (295, 95)]
2025-02-18 14:34:42,847 [DEBUG] KartenWarp: FeaturePointPresenter: Refreshing UI items.
2025-02-18 14:34:42,847 [DEBUG] KartenWarp: Updating game points: [(95, 67), (69, 35), (106, 20), (142, 41), (179, 44), (224, 27), (289, 49), (276, 104), (295, 95), (235, 141)]
2025-02-18 14:34:42,847 [DEBUG] KartenWarp: FeaturePointPresenter: Refreshing UI items.
2025-02-18 14:34:42,847 [DEBUG] KartenWarp: Updating game points: [(95, 67), (69, 35), (106, 20), (142, 41), (179, 44), (224, 27), (289, 49), (276, 104), (295, 95), (235, 141), (181, 149)]
2025-02-18 14:34:42,847 [DEBUG] KartenWarp: FeaturePointPresenter: Refreshing UI items.
2025-02-18 14:34:42,847 [DEBUG] KartenWarp: Updating game points: [(95, 67), (69, 35), (106, 20), (142, 41), (179, 44), (224, 27), (289, 49), (276, 104), (295, 95), (235, 141), (181, 149), (169, 190)]
2025-02-18 14:34:42,847 [DEBUG] KartenWarp: FeaturePointPresenter: Refreshing UI items.
2025-02-18 14:34:42,847 [DEBUG] KartenWarp: Updating game points: [(95, 67), (69, 35), (106, 20), (142, 41), (179, 44), (224, 27), (289, 49), (276, 104), (295, 95), (235, 141), (181, 149), (169, 190), (129, 176)]
2025-02-18 14:34:42,847 [DEBUG] KartenWarp: FeaturePointPresenter: Refreshing UI items.
2025-02-18 14:34:42,847 [DEBUG] KartenWarp: Updating game points: [(95, 67), (69, 35), (106, 20), (142, 41), (179, 44), (224, 27), (289, 49), (276, 104), (295, 95), (235, 141), (181, 149), (169, 190), (129, 176), (105, 138)]
2025-02-18 14:34:42,847 [DEBUG] KartenWarp: FeaturePointPresenter: Refreshing UI items.
2025-02-18 14:34:42,847 [DEBUG] KartenWarp: Updating game points: [(95, 67), (69, 35), (106, 20), (142, 41), (179, 44), (224, 27), (289, 49), (276, 104), (295, 95), (235, 141), (181, 149), (169, 190), (129, 176), (105, 138), (91, 119)]
2025-02-18 14:34:42,847 [DEBUG] KartenWarp: FeaturePointPresenter: Refreshing UI items.
2025-02-18 14:34:42,847 [DEBUG] KartenWarp: Updating game points: [(95, 67), (69, 35), (106, 20), (142, 41), (179, 44), (224, 27), (289, 49), (276, 104), (295, 95), (235, 141), (181, 149), (169, 190), (129, 176), (105, 138), (91, 119), (84, 97)]
2025-02-18 14:34:42,847 [DEBUG] KartenWarp: FeaturePointPresenter: Refreshing UI items.
2025-02-18 14:34:42,847 [DEBUG] KartenWarp: Updating game points: [(95, 67), (69, 35), (106, 20), (142, 41), (179, 44), (224, 27), (289, 49), (276, 104), (295, 95), (235, 141), (181, 149), (169, 190), (129, 176), (105, 138), (91, 119), (84, 97), (29, 99)]
2025-02-18 14:34:42,863 [DEBUG] KartenWarp: Setting image in scene
2025-02-18 14:34:42,863 [DEBUG] KartenWarp: Updating real points: []
2025-02-18 14:34:42,863 [DEBUG] KartenWarp: FeaturePointPresenter: Refreshing UI items.
2025-02-18 14:34:42,863 [DEBUG] KartenWarp: Updating real points: [(311, 239)]
2025-02-18 14:34:42,863 [DEBUG] KartenWarp: FeaturePointPresenter: Refreshing UI items.
2025-02-18 14:34:42,863 [DEBUG] KartenWarp: Updating real points: [(311, 239), (205, 75)]
2025-02-18 14:34:42,863 [DEBUG] KartenWarp: FeaturePointPresenter: Refreshing UI items.
2025-02-18 14:34:42,863 [DEBUG] KartenWarp: Updating real points: [(311, 239), (205, 75), (356, 3)]
2025-02-18 14:34:42,863 [DEBUG] KartenWarp: FeaturePointPresenter: Refreshing UI items.
2025-02-18 14:34:42,863 [DEBUG] KartenWarp: Updating real points: [(311, 239), (205, 75), (356, 3), (506, 101)]
2025-02-18 14:34:42,863 [DEBUG] KartenWarp: FeaturePointPresenter: Refreshing UI items.
2025-02-18 14:34:42,863 [DEBUG] KartenWarp: Updating real points: [(311, 239), (205, 75), (356, 3), (506, 101), (660, 120)]
2025-02-18 14:34:42,863 [DEBUG] KartenWarp: FeaturePointPresenter: Refreshing UI items.
2025-02-18 14:34:42,863 [DEBUG] KartenWarp: Updating real points: [(311, 239), (205, 75), (356, 3), (506, 101), (660, 120), (841, 22)]
2025-02-18 14:34:42,863 [DEBUG] KartenWarp: FeaturePointPresenter: Refreshing UI items.
2025-02-18 14:34:42,863 [DEBUG] KartenWarp: Updating real points: [(311, 239), (205, 75), (356, 3), (506, 101), (660, 120), (841, 22), (1133, 106)]
2025-02-18 14:34:42,863 [DEBUG] KartenWarp: FeaturePointPresenter: Refreshing UI items.
2025-02-18 14:34:42,879 [DEBUG] KartenWarp: Updating real points: [(311, 239), (205, 75), (356, 3), (506, 101), (660, 120), (841, 22), (1133, 106), (1111, 386)]
2025-02-18 14:34:42,879 [DEBUG] KartenWarp: FeaturePointPresenter: Refreshing UI items.
2025-02-18 14:34:42,879 [DEBUG] KartenWarp: Updating real points: [(311, 239), (205, 75), (356, 3), (506, 101), (660, 120), (841, 22), (1133, 106), (1111, 386), (1175, 331)]
2025-02-18 14:34:42,879 [DEBUG] KartenWarp: FeaturePointPresenter: Refreshing UI items.
2025-02-18 14:34:42,879 [DEBUG] KartenWarp: Updating real points: [(311, 239), (205, 75), (356, 3), (506, 101), (660, 120), (841, 22), (1133, 106), (1111, 386), (1175, 331), (930, 601)]
2025-02-18 14:34:42,879 [DEBUG] KartenWarp: FeaturePointPresenter: Refreshing UI items.
2025-02-18 14:34:42,879 [DEBUG] KartenWarp: Updating real points: [(311, 239), (205, 75), (356, 3), (506, 101), (660, 120), (841, 22), (1133, 106), (1111, 386), (1175, 331), (930, 601), (701, 652)]
2025-02-18 14:34:42,879 [DEBUG] KartenWarp: FeaturePointPresenter: Refreshing UI items.
2025-02-18 14:34:42,879 [DEBUG] KartenWarp: Updating real points: [(311, 239), (205, 75), (356, 3), (506, 101), (660, 120), (841, 22), (1133, 106), (1111, 386), (1175, 331), (930, 601), (701, 652), (647, 898)]
2025-02-18 14:34:42,879 [DEBUG] KartenWarp: FeaturePointPresenter: Refreshing UI items.
2025-02-18 14:34:42,879 [DEBUG] KartenWarp: Updating real points: [(311, 239), (205, 75), (356, 3), (506, 101), (660, 120), (841, 22), (1133, 106), (1111, 386), (1175, 331), (930, 601), (701, 652), (647, 898), (449, 800)]
2025-02-18 14:34:42,879 [DEBUG] KartenWarp: FeaturePointPresenter: Refreshing UI items.
2025-02-18 14:34:42,879 [DEBUG] KartenWarp: Updating real points: [(311, 239), (205, 75), (356, 3), (506, 101), (660, 120), (841, 22), (1133, 106), (1111, 386), (1175, 331), (930, 601), (701, 652), (647, 898), (449, 800), (334, 606)]
2025-02-18 14:34:42,879 [DEBUG] KartenWarp: FeaturePointPresenter: Refreshing UI items.
2025-02-18 14:34:42,879 [DEBUG] KartenWarp: Updating real points: [(311, 239), (205, 75), (356, 3), (506, 101), (660, 120), (841, 22), (1133, 106), (1111, 386), (1175, 331), (930, 601), (701, 652), (647, 898), (449, 800), (334, 606), (276, 487)]
2025-02-18 14:34:42,879 [DEBUG] KartenWarp: FeaturePointPresenter: Refreshing UI items.
2025-02-18 14:34:42,879 [DEBUG] KartenWarp: Updating real points: [(311, 239), (205, 75), (356, 3), (506, 101), (660, 120), (841, 22), (1133, 106), (1111, 386), (1175, 331), (930, 601), (701, 652), (647, 898), (449, 800), (334, 606), (276, 487), (245, 375)]
2025-02-18 14:34:42,879 [DEBUG] KartenWarp: FeaturePointPresenter: Refreshing UI items.
2025-02-18 14:34:42,879 [DEBUG] KartenWarp: Updating real points: [(311, 239), (205, 75), (356, 3), (506, 101), (660, 120), (841, 22), (1133, 106), (1111, 386), (1175, 331), (930, 601), (701, 652), (647, 898), (449, 800), (334, 606), (276, 487), (245, 375), (19, 357)]
2025-02-18 14:34:42,879 [INFO] KartenWarp: Project loaded successfully
2025-02-18 14:34:44,591 [DEBUG] KartenWarp: Active scene set
2025-02-18 14:34:44,591 [DEBUG] KartenWarp.Transform: Starting perform_tps_transform
2025-02-18 14:34:44,591 [DEBUG] KartenWarp.Transform: Starting perform_transformation
2025-02-18 14:34:44,603 [DEBUG] KartenWarp: Converting QImage to NumPy array
2025-02-18 14:34:44,603 [DEBUG] KartenWarp.Transform: Computing TPS parameters
2025-02-18 14:34:44,619 [DEBUG] KartenWarp.Transform: Adaptive enabled: adjusted reg_lambda = 18.96295588235294
2025-02-18 14:34:44,619 [DEBUG] KartenWarp.Transform: TPS parameters computed
2025-02-18 14:34:44,619 [DEBUG] KartenWarp.Transform: Applying TPS warp
2025-02-18 14:34:44,619 [DEBUG] KartenWarp.Transform: TPS warp applied
2025-02-18 14:34:44,619 [DEBUG] KartenWarp.Transform: Transformation performed successfully
2025-02-18 14:34:44,619 [INFO] KartenWarp.Transform: TPS transform completed successfully
2025-02-18 14:34:44,619 [DEBUG] KartenWarp: Initializing ResultWindow
2025-02-18 14:34:44,635 [DEBUG] KartenWarp: Getting dark mode stylesheet
2025-02-18 14:34:44,651 [INFO] KartenWarp: TPS transformation executed successfully
2025-02-18 14:34:45,810 [DEBUG] KartenWarp: Active scene set
2025-02-18 14:34:49,013 [DEBUG] KartenWarp: Active scene set
2025-02-18 14:34:50,290 [DEBUG] KartenWarp: Active scene set
2025-02-18 14:34:51,549 [DEBUG] KartenWarp: Active scene set
2025-02-18 14:34:51,549 [DEBUG] KartenWarp: Setting image in scene
2025-02-18 14:34:51,565 [DEBUG] KartenWarp: Updating game points: []
2025-02-18 14:34:51,565 [INFO] KartenWarp: Game image loaded: C:/Github/TR_mod/.tools/KartenWarp/dev/tester_game.png
2025-02-18 14:34:52,990 [DEBUG] KartenWarp: Active scene set
2025-02-18 14:34:54,100 [DEBUG] KartenWarp: Active scene set
2025-02-18 14:34:54,944 [DEBUG] KartenWarp: Active scene set
2025-02-18 14:34:54,944 [DEBUG] KartenWarp: Setting image in scene
2025-02-18 14:34:54,960 [DEBUG] KartenWarp: Updating real points: []
2025-02-18 14:34:54,960 [INFO] KartenWarp: Real map image loaded: C:/Github/TR_mod/.tools/KartenWarp/dev/tester_real_map.png
2025-02-18 14:34:55,815 [DEBUG] KartenWarp: Zoom UI updated to 465.2%
2025-02-18 14:34:55,815 [DEBUG] KartenWarp: Zoom factor set to 4.652391396064093
2025-02-18 14:34:55,831 [DEBUG] KartenWarp: Zoom UI updated to 535.0%
2025-02-18 14:34:55,831 [DEBUG] KartenWarp: Zoom factor set to 5.350250105473707
2025-02-18 14:34:55,831 [DEBUG] KartenWarp: Zoom UI updated to 615.3%
2025-02-18 14:34:55,831 [DEBUG] KartenWarp: Zoom factor set to 6.152787621294762
2025-02-18 14:34:55,863 [DEBUG] KartenWarp: Zoom UI updated to 707.6%
2025-02-18 14:34:55,863 [DEBUG] KartenWarp: Zoom factor set to 7.075705764488976
2025-02-18 14:34:56,227 [DEBUG] KartenWarp: Zoom UI updated to 813.7%
2025-02-18 14:34:56,227 [DEBUG] KartenWarp: Zoom factor set to 8.137061629162321
2025-02-18 14:34:56,243 [DEBUG] KartenWarp: Zoom UI updated to 935.8%
2025-02-18 14:34:56,243 [DEBUG] KartenWarp: Zoom factor set to 9.35762087353667
2025-02-18 14:34:56,259 [DEBUG] KartenWarp: Zoom limit reached
2025-02-18 14:34:56,489 [DEBUG] KartenWarp: Active scene set
2025-02-18 14:34:56,490 [DEBUG] KartenWarp: FeaturePointPresenter: Refreshing UI items.
2025-02-18 14:34:56,491 [DEBUG] KartenWarp: Updating game points: [(114, 74)]
2025-02-18 14:34:57,055 [DEBUG] KartenWarp: Active scene set
2025-02-18 14:34:57,071 [DEBUG] KartenWarp: FeaturePointPresenter: Refreshing UI items.
2025-02-18 14:34:57,071 [DEBUG] KartenWarp: Updating game points: [(114, 74), (137, 71)]
2025-02-18 14:34:57,486 [DEBUG] KartenWarp: Active scene set
2025-02-18 14:34:57,486 [DEBUG] KartenWarp: FeaturePointPresenter: Refreshing UI items.
2025-02-18 14:34:57,486 [DEBUG] KartenWarp: Updating game points: [(114, 74), (137, 71), (165, 69)]
2025-02-18 14:34:57,908 [DEBUG] KartenWarp: Active scene set
2025-02-18 14:34:57,908 [DEBUG] KartenWarp: FeaturePointPresenter: Refreshing UI items.
2025-02-18 14:34:57,908 [DEBUG] KartenWarp: Updating game points: [(114, 74), (137, 71), (165, 69), (188, 71)]
2025-02-18 14:34:58,750 [DEBUG] KartenWarp: Active scene set
2025-02-18 14:34:58,750 [DEBUG] KartenWarp: Active scene set
2025-02-18 14:34:58,750 [DEBUG] KartenWarp: FeaturePointPresenter: Refreshing UI items.
2025-02-18 14:34:58,750 [DEBUG] KartenWarp: Updating real points: [(361, 264)]
2025-02-18 14:34:59,155 [DEBUG] KartenWarp: Active scene set
2025-02-18 14:34:59,155 [DEBUG] KartenWarp: FeaturePointPresenter: Refreshing UI items.
2025-02-18 14:34:59,155 [DEBUG] KartenWarp: Updating real points: [(361, 264), (481, 256)]
2025-02-18 14:34:59,588 [DEBUG] KartenWarp: Active scene set
2025-02-18 14:34:59,588 [DEBUG] KartenWarp: FeaturePointPresenter: Refreshing UI items.
2025-02-18 14:34:59,588 [DEBUG] KartenWarp: Updating real points: [(361, 264), (481, 256), (572, 236)]
2025-02-18 14:34:59,974 [DEBUG] KartenWarp: Active scene set
2025-02-18 14:34:59,974 [DEBUG] KartenWarp: FeaturePointPresenter: Refreshing UI items.
2025-02-18 14:34:59,974 [DEBUG] KartenWarp: Updating real points: [(361, 264), (481, 256), (572, 236), (711, 227)]
2025-02-18 14:35:02,359 [DEBUG] KartenWarp: Active scene set
2025-02-18 14:35:02,363 [DEBUG] KartenWarp.Transform: Starting perform_tps_transform
2025-02-18 14:35:02,363 [DEBUG] KartenWarp.Transform: Starting perform_transformation
2025-02-18 14:35:02,363 [DEBUG] KartenWarp: Converting QImage to NumPy array
2025-02-18 14:35:02,372 [DEBUG] KartenWarp.Transform: Computing TPS parameters
2025-02-18 14:35:02,372 [DEBUG] KartenWarp.Transform: Adaptive enabled: adjusted reg_lambda = 2.0951666666666666
2025-02-18 14:35:02,372 [DEBUG] KartenWarp.Transform: TPS parameters computed
2025-02-18 14:35:02,372 [DEBUG] KartenWarp.Transform: Applying TPS warp
2025-02-18 14:35:02,379 [DEBUG] KartenWarp.Transform: TPS warp applied
2025-02-18 14:35:02,379 [DEBUG] KartenWarp.Transform: Transformation performed successfully
2025-02-18 14:35:02,381 [INFO] KartenWarp.Transform: TPS transform completed successfully
2025-02-18 14:35:02,381 [DEBUG] KartenWarp: Initializing ResultWindow
2025-02-18 14:35:02,381 [DEBUG] KartenWarp: Getting dark mode stylesheet
2025-02-18 14:35:02,395 [INFO] KartenWarp: TPS transformation executed successfully
2025-02-18 14:35:03,778 [DEBUG] KartenWarp: Active scene set
