2025-02-19 18:27:31,587 [INFO] KartenWarp: Logging started in C:\Github\KartenWarp\src\temp\run_20250219_182731
2025-02-19 18:27:31,589 [INFO] KartenWarp: Transformation logger configured
2025-02-19 18:27:31,658 [DEBUG] KartenWarp: Initializing SceneState
2025-02-19 18:27:31,659 [DEBUG] KartenWarp: InteractiveScene initialized for game
2025-02-19 18:27:31,659 [DEBUG] KartenWarp: InteractiveScene initialized for real
2025-02-19 18:27:31,663 [DEBUG] KartenWarp: InteractiveView initialized
2025-02-19 18:27:33,787 [DEBUG] KartenWarp: InteractiveView initialized
2025-02-19 18:27:33,812 [DEBUG] KartenWarp: Menus created
2025-02-19 18:27:33,812 [DEBUG] KartenWarp: MainWindow initialized
2025-02-19 18:27:33,890 [DEBUG] KartenWarp: Initializing SceneState
2025-02-19 18:27:33,892 [DEBUG] KartenWarp: InteractiveScene initialized for game
2025-02-19 18:27:33,892 [DEBUG] KartenWarp: InteractiveView initialized
2025-02-19 18:27:33,892 [DEBUG] KartenWarp: DetachedWindow initialized
2025-02-19 18:27:33,925 [DEBUG] KartenWarp: DetachedWindow initialized
2025-02-19 18:27:33,926 [DEBUG] KartenWarp: DetachedWindow initialized
2025-02-19 18:27:33,956 [INFO] KartenWarp: Entered detached mode
2025-02-19 18:27:33,959 [DEBUG] KartenWarp: Mode toggled to 分離モード
2025-02-19 18:27:33,959 [DEBUG] KartenWarp: Toggle mode key pressed in DetachedWindow
2025-02-19 18:27:33,960 [DEBUG] KartenWarp: DetachedWindow forced close
2025-02-19 18:27:33,962 [DEBUG] KartenWarp: DetachedWindow force closed
2025-02-19 18:27:33,962 [DEBUG] KartenWarp: DetachedWindow forced close
2025-02-19 18:27:33,970 [DEBUG] KartenWarp: DetachedWindow force closed
2025-02-19 18:27:34,009 [INFO] KartenWarp: Returned to integrated mode
2025-02-19 18:27:34,011 [DEBUG] KartenWarp: Mode toggled to 統合モード
2025-02-19 18:27:34,011 [INFO] KartenWarp: DetachedWindow closed and mode toggled
2025-02-19 18:27:34,018 [INFO] KartenWarp: User confirmed exit. Closing application.
2025-02-19 18:27:34,034 [DEBUG] KartenWarp: Initializing SceneState
2025-02-19 18:27:34,034 [DEBUG] KartenWarp: InteractiveScene initialized for game
2025-02-19 18:27:34,034 [DEBUG] KartenWarp: InteractiveScene initialized for real
2025-02-19 18:27:34,034 [DEBUG] KartenWarp: InteractiveView initialized
2025-02-19 18:27:34,037 [DEBUG] KartenWarp: InteractiveView initialized
2025-02-19 18:27:34,056 [DEBUG] KartenWarp: Menus created
2025-02-19 18:27:34,056 [DEBUG] KartenWarp: MainWindow initialized
2025-02-19 18:27:34,096 [DEBUG] KartenWarp: Initializing SceneState
2025-02-19 18:27:34,096 [DEBUG] KartenWarp: InteractiveScene initialized for game
2025-02-19 18:27:34,098 [DEBUG] KartenWarp: InteractiveView initialized
2025-02-19 18:27:34,098 [DEBUG] KartenWarp: DetachedWindow initialized
2025-02-19 18:27:34,121 [DEBUG] KartenWarp: DetachedWindow initialized
2025-02-19 18:27:34,122 [DEBUG] KartenWarp: DetachedWindow initialized
2025-02-19 18:27:34,158 [INFO] KartenWarp: Entered detached mode
2025-02-19 18:27:34,158 [DEBUG] KartenWarp: Mode toggled to 分離モード
2025-02-19 18:27:34,158 [INFO] KartenWarp: DetachedWindow closed and mode toggled
2025-02-19 18:27:34,161 [INFO] KartenWarp: User confirmed exit. Closing application.
2025-02-19 18:27:34,165 [DEBUG] KartenWarp: Initializing SceneState
2025-02-19 18:27:34,166 [DEBUG] KartenWarp: InteractiveScene initialized for game
2025-02-19 18:27:34,167 [DEBUG] KartenWarp: Adding point: {'action': 'add', 'id': 0, 'pos': PyQt5.QtCore.QPointF(100.0, 200.0), 'pixel': (100, 200), 'desc': '[ゲーム画像] 点追加: (100, 200)', 'ellipse': None, 'text': None}
2025-02-19 18:27:34,167 [DEBUG] KartenWarp: Recording command: {'action': 'add', 'id': 0, 'pos': PyQt5.QtCore.QPointF(100.0, 200.0), 'pixel': (100, 200), 'desc': '[ゲーム画像] 点追加: (100, 200)', 'ellipse': None, 'text': None}
2025-02-19 18:27:34,169 [DEBUG] KartenWarp: Rebuilding scene
2025-02-19 18:27:34,176 [DEBUG] KartenWarp: Updating game points: [[100.0, 200.0]]
2025-02-19 18:27:34,177 [DEBUG] KartenWarp: Adding point: {'action': 'add', 'id': 1, 'pos': PyQt5.QtCore.QPointF(300.0, 400.0), 'pixel': (300, 400), 'desc': '[ゲーム画像] 点追加: (300, 400)', 'ellipse': None, 'text': None}
2025-02-19 18:27:34,177 [DEBUG] KartenWarp: Recording command: {'action': 'add', 'id': 1, 'pos': PyQt5.QtCore.QPointF(300.0, 400.0), 'pixel': (300, 400), 'desc': '[ゲーム画像] 点追加: (300, 400)', 'ellipse': None, 'text': None}
2025-02-19 18:27:34,177 [DEBUG] KartenWarp: Rebuilding scene
2025-02-19 18:27:34,178 [DEBUG] KartenWarp: Updating game points: [[100.0, 200.0], [300.0, 400.0]]
2025-02-19 18:27:34,178 [DEBUG] KartenWarp: Initializing SceneState
2025-02-19 18:27:34,179 [DEBUG] KartenWarp: InteractiveScene initialized for game
2025-02-19 18:27:34,179 [DEBUG] KartenWarp: Adding point: {'action': 'add', 'id': 0, 'pos': PyQt5.QtCore.QPointF(10.0, 20.0), 'pixel': (10, 20), 'desc': '[ゲーム画像] 点追加: (10, 20)', 'ellipse': None, 'text': None}
2025-02-19 18:27:34,179 [DEBUG] KartenWarp: Recording command: {'action': 'add', 'id': 0, 'pos': PyQt5.QtCore.QPointF(10.0, 20.0), 'pixel': (10, 20), 'desc': '[ゲーム画像] 点追加: (10, 20)', 'ellipse': None, 'text': None}
2025-02-19 18:27:34,179 [DEBUG] KartenWarp: Rebuilding scene
2025-02-19 18:27:34,179 [DEBUG] KartenWarp: Updating game points: [[10.0, 20.0]]
2025-02-19 18:27:34,179 [DEBUG] KartenWarp: Adding point: {'action': 'add', 'id': 1, 'pos': PyQt5.QtCore.QPointF(30.0, 40.0), 'pixel': (30, 40), 'desc': '[ゲーム画像] 点追加: (30, 40)', 'ellipse': None, 'text': None}
2025-02-19 18:27:34,179 [DEBUG] KartenWarp: Recording command: {'action': 'add', 'id': 1, 'pos': PyQt5.QtCore.QPointF(30.0, 40.0), 'pixel': (30, 40), 'desc': '[ゲーム画像] 点追加: (30, 40)', 'ellipse': None, 'text': None}
2025-02-19 18:27:34,179 [DEBUG] KartenWarp: Rebuilding scene
2025-02-19 18:27:34,179 [DEBUG] KartenWarp: Updating game points: [[10.0, 20.0], [30.0, 40.0]]
2025-02-19 18:27:34,179 [DEBUG] KartenWarp: Adding point: {'action': 'add', 'id': 2, 'pos': PyQt5.QtCore.QPointF(50.0, 60.0), 'pixel': (50, 60), 'desc': '[ゲーム画像] 点追加: (50, 60)', 'ellipse': None, 'text': None}
2025-02-19 18:27:34,179 [DEBUG] KartenWarp: Recording command: {'action': 'add', 'id': 2, 'pos': PyQt5.QtCore.QPointF(50.0, 60.0), 'pixel': (50, 60), 'desc': '[ゲーム画像] 点追加: (50, 60)', 'ellipse': None, 'text': None}
2025-02-19 18:27:34,179 [DEBUG] KartenWarp: Rebuilding scene
2025-02-19 18:27:34,181 [DEBUG] KartenWarp: Updating game points: [[10.0, 20.0], [30.0, 40.0], [50.0, 60.0]]
2025-02-19 18:27:34,181 [DEBUG] KartenWarp: Undo: new history index 1
2025-02-19 18:27:34,181 [DEBUG] KartenWarp: Rebuilding scene
2025-02-19 18:27:34,182 [DEBUG] KartenWarp: Updating game points: [[10.0, 20.0], [30.0, 40.0]]
2025-02-19 18:27:34,182 [DEBUG] KartenWarp: Undo: new history index 0
2025-02-19 18:27:34,182 [DEBUG] KartenWarp: Rebuilding scene
2025-02-19 18:27:34,182 [DEBUG] KartenWarp: Updating game points: [[10.0, 20.0]]
2025-02-19 18:27:34,182 [DEBUG] KartenWarp: Redo: new history index 1
2025-02-19 18:27:34,182 [DEBUG] KartenWarp: Rebuilding scene
2025-02-19 18:27:34,182 [DEBUG] KartenWarp: Updating game points: [[10.0, 20.0], [30.0, 40.0]]
2025-02-19 18:27:34,182 [DEBUG] KartenWarp: Redo: new history index 2
2025-02-19 18:27:34,182 [DEBUG] KartenWarp: Rebuilding scene
2025-02-19 18:27:34,183 [DEBUG] KartenWarp: Updating game points: [[10.0, 20.0], [30.0, 40.0], [50.0, 60.0]]
2025-02-19 18:27:34,194 [DEBUG] KartenWarp: Initializing SceneState
2025-02-19 18:27:34,194 [DEBUG] KartenWarp: InteractiveScene initialized for game
2025-02-19 18:27:34,195 [DEBUG] KartenWarp: InteractiveScene initialized for real
2025-02-19 18:27:34,195 [DEBUG] KartenWarp: InteractiveView initialized
2025-02-19 18:27:34,195 [DEBUG] KartenWarp: InteractiveView initialized
2025-02-19 18:27:34,196 [DEBUG] KartenWarp: Menus created
2025-02-19 18:27:34,196 [DEBUG] KartenWarp: MainWindow initialized
2025-02-19 18:27:34,214 [DEBUG] KartenWarp: DetachedWindow initialized
2025-02-19 18:27:34,215 [DEBUG] KartenWarp: DetachedWindow initialized
2025-02-19 18:27:34,245 [INFO] KartenWarp: Entered detached mode
2025-02-19 18:27:34,246 [DEBUG] KartenWarp: Mode toggled to 分離モード
2025-02-19 18:27:34,246 [DEBUG] KartenWarp: DetachedWindow forced close
2025-02-19 18:27:34,248 [DEBUG] KartenWarp: DetachedWindow force closed
2025-02-19 18:27:34,250 [DEBUG] KartenWarp: DetachedWindow forced close
2025-02-19 18:27:34,261 [DEBUG] KartenWarp: DetachedWindow force closed
2025-02-19 18:27:34,268 [INFO] KartenWarp: Returned to integrated mode
2025-02-19 18:27:34,269 [DEBUG] KartenWarp: Mode toggled to 統合モード
2025-02-19 18:27:34,270 [INFO] KartenWarp: User confirmed exit. Closing application.
2025-02-19 18:27:34,273 [DEBUG] KartenWarp: Initializing SceneState
2025-02-19 18:27:34,274 [DEBUG] KartenWarp: InteractiveScene initialized for game
2025-02-19 18:27:34,274 [DEBUG] KartenWarp: InteractiveScene initialized for real
2025-02-19 18:27:34,274 [DEBUG] KartenWarp: InteractiveView initialized
2025-02-19 18:27:34,275 [DEBUG] KartenWarp: InteractiveView initialized
2025-02-19 18:27:34,277 [DEBUG] KartenWarp: Menus created
2025-02-19 18:27:34,277 [DEBUG] KartenWarp: MainWindow initialized
2025-02-19 18:27:34,292 [INFO] KartenWarp: User confirmed exit. Closing application.
2025-02-19 18:27:34,303 [DEBUG] KartenWarp: Initializing SceneState
2025-02-19 18:27:34,304 [DEBUG] KartenWarp: Updating game points: [[10, 20], [30, 40]]
2025-02-19 18:27:34,304 [DEBUG] KartenWarp: Updating real points: [[50, 60], [70, 80]]
2025-02-19 18:27:34,304 [DEBUG] KartenWarp: Saving project to C:\Users\I_kor\AppData\Local\Temp\tmp7wss5861\test_project.kwproj
2025-02-19 18:27:34,305 [INFO] KartenWarp: Project saved successfully: C:\Users\I_kor\AppData\Local\Temp\tmp7wss5861\test_project.kwproj
2025-02-19 18:27:34,305 [DEBUG] KartenWarp: Loading project from C:\Users\I_kor\AppData\Local\Temp\tmp7wss5861\test_project.kwproj
2025-02-19 18:27:34,306 [INFO] KartenWarp: Project loaded successfully: C:\Users\I_kor\AppData\Local\Temp\tmp7wss5861\test_project.kwproj
2025-02-19 18:27:34,307 [DEBUG] KartenWarp: Getting dark mode stylesheet
2025-02-19 18:27:34,309 [DEBUG] KartenWarp.Transform: Starting perform_transformation
2025-02-19 18:27:34,310 [ERROR] KartenWarp.Transform: Insufficient correspondence points
2025-02-19 18:27:34,310 [DEBUG] KartenWarp.Transform: Starting perform_transformation
2025-02-19 18:27:34,312 [DEBUG] KartenWarp: Converting QImage to NumPy array
2025-02-19 18:27:34,320 [DEBUG] KartenWarp.Transform: Computing TPS parameters
2025-02-19 18:27:34,322 [DEBUG] KartenWarp.Transform: TPS parameters computed
2025-02-19 18:27:34,322 [DEBUG] KartenWarp.Transform: Applying TPS warp
2025-02-19 18:27:34,324 [DEBUG] KartenWarp.Transform: TPS warp applied
2025-02-19 18:27:34,325 [DEBUG] KartenWarp.Transform: Transformation performed successfully
2025-02-19 18:27:34,326 [DEBUG] KartenWarp: Exporting scene to C:\Users\I_kor\AppData\Local\Temp\tmp3xeunpx7
2025-02-19 18:27:34,329 [INFO] KartenWarp: Scene exported as C:\Users\I_kor\AppData\Local\Temp\tmp3xeunpx7\exported_scene.png
2025-02-19 18:27:34,329 [DEBUG] KartenWarp: Exporting scene to C:\Users\I_kor\AppData\Local\Temp\tmp3xeunpx7\test_export.png
2025-02-19 18:27:34,330 [INFO] KartenWarp: Scene exported as C:\Users\I_kor\AppData\Local\Temp\tmp3xeunpx7\test_export.png
2025-02-19 18:27:34,331 [DEBUG] KartenWarp: Converting QImage to NumPy array
