2025-02-19 17:54:07,337 [INFO] KartenWarp: Logging started in C:\Github\KartenWarp\src\temp\run_20250219_175407
2025-02-19 17:54:07,338 [INFO] KartenWarp: Transformation logger configured
2025-02-19 17:54:07,431 [DEBUG] KartenWarp: Initializing SceneState
2025-02-19 17:54:07,432 [DEBUG] KartenWarp: InteractiveScene initialized for game
2025-02-19 17:54:07,432 [DEBUG] KartenWarp: InteractiveScene initialized for real
2025-02-19 17:54:07,432 [DEBUG] KartenWarp: InteractiveView initialized
2025-02-19 17:54:08,056 [DEBUG] KartenWarp: InteractiveView initialized
2025-02-19 17:54:08,067 [DEBUG] KartenWarp: Menus created
2025-02-19 17:54:08,069 [DEBUG] KartenWarp: MainWindow initialized
2025-02-19 17:54:08,136 [DEBUG] KartenWarp: Active scene set
2025-02-19 17:54:10,832 [DEBUG] KartenWarp: Active scene set
2025-02-19 17:54:10,837 [DEBUG] KartenWarp: Grid overlay toggled to True
2025-02-19 17:54:11,587 [DEBUG] KartenWarp: Active scene set
2025-02-19 17:54:11,595 [DEBUG] KartenWarp: Getting dark mode stylesheet
2025-02-19 17:54:11,597 [DEBUG] KartenWarp: Dark mode toggled to True
2025-02-19 17:54:12,871 [DEBUG] KartenWarp: Active scene set
2025-02-19 17:54:12,879 [DEBUG] KartenWarp: OptionsDialog initialized
2025-02-19 17:54:19,653 [DEBUG] KartenWarp: OptionsDialog accept triggered
2025-02-19 17:54:19,662 [DEBUG] KartenWarp: Options saved
2025-02-19 17:54:19,665 [DEBUG] KartenWarp: Active scene set
2025-02-19 17:54:19,667 [DEBUG] KartenWarp: Menus created
2025-02-19 17:54:19,667 [DEBUG] KartenWarp: Getting dark mode stylesheet
2025-02-19 17:54:19,673 [DEBUG] KartenWarp: Options dialog accepted and settings updated
2025-02-19 17:54:22,877 [DEBUG] KartenWarp: Active scene set
2025-02-19 17:54:24,287 [DEBUG] KartenWarp: Loading project from C:/Github/KartenWarp/tester_project.kwproj
2025-02-19 17:54:24,289 [INFO] KartenWarp: Project loaded successfully: C:/Github/KartenWarp/tester_project.kwproj
2025-02-19 17:54:24,292 [DEBUG] KartenWarp: Setting image in scene
2025-02-19 17:54:24,293 [DEBUG] KartenWarp: Active scene set
2025-02-19 17:54:24,294 [DEBUG] KartenWarp: Updating game points: []
2025-02-19 17:54:24,294 [DEBUG] KartenWarp: Updating game points: []
2025-02-19 17:54:24,294 [DEBUG] KartenWarp: Adding point: {'action': 'add', 'id': 0, 'pos': PyQt5.QtCore.QPointF(95.0, 67.0), 'pixel': (95, 67), 'desc': '[ゲーム画像] 点追加: (95, 67)', 'ellipse': None, 'text': None}
2025-02-19 17:54:24,294 [DEBUG] KartenWarp: Recording command: {'action': 'add', 'id': 0, 'pos': PyQt5.QtCore.QPointF(95.0, 67.0), 'pixel': (95, 67), 'desc': '[ゲーム画像] 点追加: (95, 67)', 'ellipse': None, 'text': None}
2025-02-19 17:54:24,294 [DEBUG] KartenWarp: Rebuilding scene
2025-02-19 17:54:24,295 [DEBUG] KartenWarp: Updating game points: [[95.0, 67.0]]
2025-02-19 17:54:24,295 [DEBUG] KartenWarp: Adding point: {'action': 'add', 'id': 1, 'pos': PyQt5.QtCore.QPointF(69.0, 35.0), 'pixel': (69, 35), 'desc': '[ゲーム画像] 点追加: (69, 35)', 'ellipse': None, 'text': None}
2025-02-19 17:54:24,295 [DEBUG] KartenWarp: Recording command: {'action': 'add', 'id': 1, 'pos': PyQt5.QtCore.QPointF(69.0, 35.0), 'pixel': (69, 35), 'desc': '[ゲーム画像] 点追加: (69, 35)', 'ellipse': None, 'text': None}
2025-02-19 17:54:24,295 [DEBUG] KartenWarp: Rebuilding scene
2025-02-19 17:54:24,295 [DEBUG] KartenWarp: Updating game points: [[95.0, 67.0], [69.0, 35.0]]
2025-02-19 17:54:24,296 [DEBUG] KartenWarp: Adding point: {'action': 'add', 'id': 2, 'pos': PyQt5.QtCore.QPointF(106.0, 20.0), 'pixel': (106, 20), 'desc': '[ゲーム画像] 点追加: (106, 20)', 'ellipse': None, 'text': None}
2025-02-19 17:54:24,296 [DEBUG] KartenWarp: Recording command: {'action': 'add', 'id': 2, 'pos': PyQt5.QtCore.QPointF(106.0, 20.0), 'pixel': (106, 20), 'desc': '[ゲーム画像] 点追加: (106, 20)', 'ellipse': None, 'text': None}
2025-02-19 17:54:24,296 [DEBUG] KartenWarp: Rebuilding scene
2025-02-19 17:54:24,296 [DEBUG] KartenWarp: Updating game points: [[95.0, 67.0], [69.0, 35.0], [106.0, 20.0]]
2025-02-19 17:54:24,296 [DEBUG] KartenWarp: Adding point: {'action': 'add', 'id': 3, 'pos': PyQt5.QtCore.QPointF(142.0, 41.0), 'pixel': (142, 41), 'desc': '[ゲーム画像] 点追加: (142, 41)', 'ellipse': None, 'text': None}
2025-02-19 17:54:24,296 [DEBUG] KartenWarp: Recording command: {'action': 'add', 'id': 3, 'pos': PyQt5.QtCore.QPointF(142.0, 41.0), 'pixel': (142, 41), 'desc': '[ゲーム画像] 点追加: (142, 41)', 'ellipse': None, 'text': None}
2025-02-19 17:54:24,296 [DEBUG] KartenWarp: Rebuilding scene
2025-02-19 17:54:24,297 [DEBUG] KartenWarp: Updating game points: [[95.0, 67.0], [69.0, 35.0], [106.0, 20.0], [142.0, 41.0]]
2025-02-19 17:54:24,297 [DEBUG] KartenWarp: Adding point: {'action': 'add', 'id': 4, 'pos': PyQt5.QtCore.QPointF(179.0, 44.0), 'pixel': (179, 44), 'desc': '[ゲーム画像] 点追加: (179, 44)', 'ellipse': None, 'text': None}
2025-02-19 17:54:24,297 [DEBUG] KartenWarp: Recording command: {'action': 'add', 'id': 4, 'pos': PyQt5.QtCore.QPointF(179.0, 44.0), 'pixel': (179, 44), 'desc': '[ゲーム画像] 点追加: (179, 44)', 'ellipse': None, 'text': None}
2025-02-19 17:54:24,297 [DEBUG] KartenWarp: Rebuilding scene
2025-02-19 17:54:24,297 [DEBUG] KartenWarp: Updating game points: [[95.0, 67.0], [69.0, 35.0], [106.0, 20.0], [142.0, 41.0], [179.0, 44.0]]
2025-02-19 17:54:24,297 [DEBUG] KartenWarp: Adding point: {'action': 'add', 'id': 5, 'pos': PyQt5.QtCore.QPointF(224.0, 27.0), 'pixel': (224, 27), 'desc': '[ゲーム画像] 点追加: (224, 27)', 'ellipse': None, 'text': None}
2025-02-19 17:54:24,297 [DEBUG] KartenWarp: Recording command: {'action': 'add', 'id': 5, 'pos': PyQt5.QtCore.QPointF(224.0, 27.0), 'pixel': (224, 27), 'desc': '[ゲーム画像] 点追加: (224, 27)', 'ellipse': None, 'text': None}
2025-02-19 17:54:24,297 [DEBUG] KartenWarp: Rebuilding scene
2025-02-19 17:54:24,298 [DEBUG] KartenWarp: Updating game points: [[95.0, 67.0], [69.0, 35.0], [106.0, 20.0], [142.0, 41.0], [179.0, 44.0], [224.0, 27.0]]
2025-02-19 17:54:24,298 [DEBUG] KartenWarp: Adding point: {'action': 'add', 'id': 6, 'pos': PyQt5.QtCore.QPointF(289.0, 49.0), 'pixel': (289, 49), 'desc': '[ゲーム画像] 点追加: (289, 49)', 'ellipse': None, 'text': None}
2025-02-19 17:54:24,298 [DEBUG] KartenWarp: Recording command: {'action': 'add', 'id': 6, 'pos': PyQt5.QtCore.QPointF(289.0, 49.0), 'pixel': (289, 49), 'desc': '[ゲーム画像] 点追加: (289, 49)', 'ellipse': None, 'text': None}
2025-02-19 17:54:24,299 [DEBUG] KartenWarp: Rebuilding scene
2025-02-19 17:54:24,299 [DEBUG] KartenWarp: Updating game points: [[95.0, 67.0], [69.0, 35.0], [106.0, 20.0], [142.0, 41.0], [179.0, 44.0], [224.0, 27.0], [289.0, 49.0]]
2025-02-19 17:54:24,299 [DEBUG] KartenWarp: Adding point: {'action': 'add', 'id': 7, 'pos': PyQt5.QtCore.QPointF(276.0, 104.0), 'pixel': (276, 104), 'desc': '[ゲーム画像] 点追加: (276, 104)', 'ellipse': None, 'text': None}
2025-02-19 17:54:24,299 [DEBUG] KartenWarp: Recording command: {'action': 'add', 'id': 7, 'pos': PyQt5.QtCore.QPointF(276.0, 104.0), 'pixel': (276, 104), 'desc': '[ゲーム画像] 点追加: (276, 104)', 'ellipse': None, 'text': None}
2025-02-19 17:54:24,299 [DEBUG] KartenWarp: Rebuilding scene
2025-02-19 17:54:24,300 [DEBUG] KartenWarp: Updating game points: [[95.0, 67.0], [69.0, 35.0], [106.0, 20.0], [142.0, 41.0], [179.0, 44.0], [224.0, 27.0], [289.0, 49.0], [276.0, 104.0]]
2025-02-19 17:54:24,300 [DEBUG] KartenWarp: Adding point: {'action': 'add', 'id': 8, 'pos': PyQt5.QtCore.QPointF(295.0, 95.0), 'pixel': (295, 95), 'desc': '[ゲーム画像] 点追加: (295, 95)', 'ellipse': None, 'text': None}
2025-02-19 17:54:24,300 [DEBUG] KartenWarp: Recording command: {'action': 'add', 'id': 8, 'pos': PyQt5.QtCore.QPointF(295.0, 95.0), 'pixel': (295, 95), 'desc': '[ゲーム画像] 点追加: (295, 95)', 'ellipse': None, 'text': None}
2025-02-19 17:54:24,300 [DEBUG] KartenWarp: Rebuilding scene
2025-02-19 17:54:24,303 [DEBUG] KartenWarp: Updating game points: [[95.0, 67.0], [69.0, 35.0], [106.0, 20.0], [142.0, 41.0], [179.0, 44.0], [224.0, 27.0], [289.0, 49.0], [276.0, 104.0], [295.0, 95.0]]
2025-02-19 17:54:24,303 [DEBUG] KartenWarp: Adding point: {'action': 'add', 'id': 9, 'pos': PyQt5.QtCore.QPointF(235.0, 141.0), 'pixel': (235, 141), 'desc': '[ゲーム画像] 点追加: (235, 141)', 'ellipse': None, 'text': None}
2025-02-19 17:54:24,303 [DEBUG] KartenWarp: Recording command: {'action': 'add', 'id': 9, 'pos': PyQt5.QtCore.QPointF(235.0, 141.0), 'pixel': (235, 141), 'desc': '[ゲーム画像] 点追加: (235, 141)', 'ellipse': None, 'text': None}
2025-02-19 17:54:24,303 [DEBUG] KartenWarp: Rebuilding scene
2025-02-19 17:54:24,304 [DEBUG] KartenWarp: Updating game points: [[95.0, 67.0], [69.0, 35.0], [106.0, 20.0], [142.0, 41.0], [179.0, 44.0], [224.0, 27.0], [289.0, 49.0], [276.0, 104.0], [295.0, 95.0], [235.0, 141.0]]
2025-02-19 17:54:24,304 [DEBUG] KartenWarp: Adding point: {'action': 'add', 'id': 10, 'pos': PyQt5.QtCore.QPointF(181.0, 149.0), 'pixel': (181, 149), 'desc': '[ゲーム画像] 点追加: (181, 149)', 'ellipse': None, 'text': None}
2025-02-19 17:54:24,304 [DEBUG] KartenWarp: Recording command: {'action': 'add', 'id': 10, 'pos': PyQt5.QtCore.QPointF(181.0, 149.0), 'pixel': (181, 149), 'desc': '[ゲーム画像] 点追加: (181, 149)', 'ellipse': None, 'text': None}
2025-02-19 17:54:24,305 [DEBUG] KartenWarp: Rebuilding scene
2025-02-19 17:54:24,306 [DEBUG] KartenWarp: Updating game points: [[95.0, 67.0], [69.0, 35.0], [106.0, 20.0], [142.0, 41.0], [179.0, 44.0], [224.0, 27.0], [289.0, 49.0], [276.0, 104.0], [295.0, 95.0], [235.0, 141.0], [181.0, 149.0]]
2025-02-19 17:54:24,306 [DEBUG] KartenWarp: Adding point: {'action': 'add', 'id': 11, 'pos': PyQt5.QtCore.QPointF(169.0, 190.0), 'pixel': (169, 190), 'desc': '[ゲーム画像] 点追加: (169, 190)', 'ellipse': None, 'text': None}
2025-02-19 17:54:24,306 [DEBUG] KartenWarp: Recording command: {'action': 'add', 'id': 11, 'pos': PyQt5.QtCore.QPointF(169.0, 190.0), 'pixel': (169, 190), 'desc': '[ゲーム画像] 点追加: (169, 190)', 'ellipse': None, 'text': None}
2025-02-19 17:54:24,306 [DEBUG] KartenWarp: Rebuilding scene
2025-02-19 17:54:24,307 [DEBUG] KartenWarp: Updating game points: [[95.0, 67.0], [69.0, 35.0], [106.0, 20.0], [142.0, 41.0], [179.0, 44.0], [224.0, 27.0], [289.0, 49.0], [276.0, 104.0], [295.0, 95.0], [235.0, 141.0], [181.0, 149.0], [169.0, 190.0]]
2025-02-19 17:54:24,307 [DEBUG] KartenWarp: Adding point: {'action': 'add', 'id': 12, 'pos': PyQt5.QtCore.QPointF(129.0, 176.0), 'pixel': (129, 176), 'desc': '[ゲーム画像] 点追加: (129, 176)', 'ellipse': None, 'text': None}
2025-02-19 17:54:24,307 [DEBUG] KartenWarp: Recording command: {'action': 'add', 'id': 12, 'pos': PyQt5.QtCore.QPointF(129.0, 176.0), 'pixel': (129, 176), 'desc': '[ゲーム画像] 点追加: (129, 176)', 'ellipse': None, 'text': None}
2025-02-19 17:54:24,307 [DEBUG] KartenWarp: Rebuilding scene
2025-02-19 17:54:24,309 [DEBUG] KartenWarp: Updating game points: [[95.0, 67.0], [69.0, 35.0], [106.0, 20.0], [142.0, 41.0], [179.0, 44.0], [224.0, 27.0], [289.0, 49.0], [276.0, 104.0], [295.0, 95.0], [235.0, 141.0], [181.0, 149.0], [169.0, 190.0], [129.0, 176.0]]
2025-02-19 17:54:24,309 [DEBUG] KartenWarp: Adding point: {'action': 'add', 'id': 13, 'pos': PyQt5.QtCore.QPointF(105.0, 138.0), 'pixel': (105, 138), 'desc': '[ゲーム画像] 点追加: (105, 138)', 'ellipse': None, 'text': None}
2025-02-19 17:54:24,309 [DEBUG] KartenWarp: Recording command: {'action': 'add', 'id': 13, 'pos': PyQt5.QtCore.QPointF(105.0, 138.0), 'pixel': (105, 138), 'desc': '[ゲーム画像] 点追加: (105, 138)', 'ellipse': None, 'text': None}
2025-02-19 17:54:24,309 [DEBUG] KartenWarp: Rebuilding scene
2025-02-19 17:54:24,310 [DEBUG] KartenWarp: Updating game points: [[95.0, 67.0], [69.0, 35.0], [106.0, 20.0], [142.0, 41.0], [179.0, 44.0], [224.0, 27.0], [289.0, 49.0], [276.0, 104.0], [295.0, 95.0], [235.0, 141.0], [181.0, 149.0], [169.0, 190.0], [129.0, 176.0], [105.0, 138.0]]
2025-02-19 17:54:24,310 [DEBUG] KartenWarp: Adding point: {'action': 'add', 'id': 14, 'pos': PyQt5.QtCore.QPointF(91.0, 119.0), 'pixel': (91, 119), 'desc': '[ゲーム画像] 点追加: (91, 119)', 'ellipse': None, 'text': None}
2025-02-19 17:54:24,310 [DEBUG] KartenWarp: Recording command: {'action': 'add', 'id': 14, 'pos': PyQt5.QtCore.QPointF(91.0, 119.0), 'pixel': (91, 119), 'desc': '[ゲーム画像] 点追加: (91, 119)', 'ellipse': None, 'text': None}
2025-02-19 17:54:24,310 [DEBUG] KartenWarp: Rebuilding scene
2025-02-19 17:54:24,311 [DEBUG] KartenWarp: Updating game points: [[95.0, 67.0], [69.0, 35.0], [106.0, 20.0], [142.0, 41.0], [179.0, 44.0], [224.0, 27.0], [289.0, 49.0], [276.0, 104.0], [295.0, 95.0], [235.0, 141.0], [181.0, 149.0], [169.0, 190.0], [129.0, 176.0], [105.0, 138.0], [91.0, 119.0]]
2025-02-19 17:54:24,311 [DEBUG] KartenWarp: Adding point: {'action': 'add', 'id': 15, 'pos': PyQt5.QtCore.QPointF(84.0, 97.0), 'pixel': (84, 97), 'desc': '[ゲーム画像] 点追加: (84, 97)', 'ellipse': None, 'text': None}
2025-02-19 17:54:24,311 [DEBUG] KartenWarp: Recording command: {'action': 'add', 'id': 15, 'pos': PyQt5.QtCore.QPointF(84.0, 97.0), 'pixel': (84, 97), 'desc': '[ゲーム画像] 点追加: (84, 97)', 'ellipse': None, 'text': None}
2025-02-19 17:54:24,311 [DEBUG] KartenWarp: Rebuilding scene
2025-02-19 17:54:24,313 [DEBUG] KartenWarp: Updating game points: [[95.0, 67.0], [69.0, 35.0], [106.0, 20.0], [142.0, 41.0], [179.0, 44.0], [224.0, 27.0], [289.0, 49.0], [276.0, 104.0], [295.0, 95.0], [235.0, 141.0], [181.0, 149.0], [169.0, 190.0], [129.0, 176.0], [105.0, 138.0], [91.0, 119.0], [84.0, 97.0]]
2025-02-19 17:54:24,313 [DEBUG] KartenWarp: Adding point: {'action': 'add', 'id': 16, 'pos': PyQt5.QtCore.QPointF(29.0, 99.0), 'pixel': (29, 99), 'desc': '[ゲーム画像] 点追加: (29, 99)', 'ellipse': None, 'text': None}
2025-02-19 17:54:24,313 [DEBUG] KartenWarp: Recording command: {'action': 'add', 'id': 16, 'pos': PyQt5.QtCore.QPointF(29.0, 99.0), 'pixel': (29, 99), 'desc': '[ゲーム画像] 点追加: (29, 99)', 'ellipse': None, 'text': None}
2025-02-19 17:54:24,313 [DEBUG] KartenWarp: Rebuilding scene
2025-02-19 17:54:24,314 [DEBUG] KartenWarp: Updating game points: [[95.0, 67.0], [69.0, 35.0], [106.0, 20.0], [142.0, 41.0], [179.0, 44.0], [224.0, 27.0], [289.0, 49.0], [276.0, 104.0], [295.0, 95.0], [235.0, 141.0], [181.0, 149.0], [169.0, 190.0], [129.0, 176.0], [105.0, 138.0], [91.0, 119.0], [84.0, 97.0], [29.0, 99.0]]
2025-02-19 17:54:24,368 [DEBUG] KartenWarp: Setting image in scene
2025-02-19 17:54:24,374 [DEBUG] KartenWarp: Updating real points: []
2025-02-19 17:54:24,374 [DEBUG] KartenWarp: Updating real points: []
2025-02-19 17:54:24,374 [DEBUG] KartenWarp: Adding point: {'action': 'add', 'id': 0, 'pos': PyQt5.QtCore.QPointF(311.0, 239.0), 'pixel': (311, 239), 'desc': '[実地図画像] 点追加: (311, 239)', 'ellipse': None, 'text': None}
2025-02-19 17:54:24,375 [DEBUG] KartenWarp: Recording command: {'action': 'add', 'id': 0, 'pos': PyQt5.QtCore.QPointF(311.0, 239.0), 'pixel': (311, 239), 'desc': '[実地図画像] 点追加: (311, 239)', 'ellipse': None, 'text': None}
2025-02-19 17:54:24,375 [DEBUG] KartenWarp: Rebuilding scene
2025-02-19 17:54:24,375 [DEBUG] KartenWarp: Updating real points: [[311.0, 239.0]]
2025-02-19 17:54:24,375 [DEBUG] KartenWarp: Adding point: {'action': 'add', 'id': 1, 'pos': PyQt5.QtCore.QPointF(205.0, 75.0), 'pixel': (205, 75), 'desc': '[実地図画像] 点追加: (205, 75)', 'ellipse': None, 'text': None}
2025-02-19 17:54:24,375 [DEBUG] KartenWarp: Recording command: {'action': 'add', 'id': 1, 'pos': PyQt5.QtCore.QPointF(205.0, 75.0), 'pixel': (205, 75), 'desc': '[実地図画像] 点追加: (205, 75)', 'ellipse': None, 'text': None}
2025-02-19 17:54:24,375 [DEBUG] KartenWarp: Rebuilding scene
2025-02-19 17:54:24,376 [DEBUG] KartenWarp: Updating real points: [[311.0, 239.0], [205.0, 75.0]]
2025-02-19 17:54:24,376 [DEBUG] KartenWarp: Adding point: {'action': 'add', 'id': 2, 'pos': PyQt5.QtCore.QPointF(356.0, 3.0), 'pixel': (356, 3), 'desc': '[実地図画像] 点追加: (356, 3)', 'ellipse': None, 'text': None}
2025-02-19 17:54:24,376 [DEBUG] KartenWarp: Recording command: {'action': 'add', 'id': 2, 'pos': PyQt5.QtCore.QPointF(356.0, 3.0), 'pixel': (356, 3), 'desc': '[実地図画像] 点追加: (356, 3)', 'ellipse': None, 'text': None}
2025-02-19 17:54:24,376 [DEBUG] KartenWarp: Rebuilding scene
2025-02-19 17:54:24,376 [DEBUG] KartenWarp: Updating real points: [[311.0, 239.0], [205.0, 75.0], [356.0, 3.0]]
2025-02-19 17:54:24,376 [DEBUG] KartenWarp: Adding point: {'action': 'add', 'id': 3, 'pos': PyQt5.QtCore.QPointF(506.0, 101.0), 'pixel': (506, 101), 'desc': '[実地図画像] 点追加: (506, 101)', 'ellipse': None, 'text': None}
2025-02-19 17:54:24,376 [DEBUG] KartenWarp: Recording command: {'action': 'add', 'id': 3, 'pos': PyQt5.QtCore.QPointF(506.0, 101.0), 'pixel': (506, 101), 'desc': '[実地図画像] 点追加: (506, 101)', 'ellipse': None, 'text': None}
2025-02-19 17:54:24,376 [DEBUG] KartenWarp: Rebuilding scene
2025-02-19 17:54:24,377 [DEBUG] KartenWarp: Updating real points: [[311.0, 239.0], [205.0, 75.0], [356.0, 3.0], [506.0, 101.0]]
2025-02-19 17:54:24,377 [DEBUG] KartenWarp: Adding point: {'action': 'add', 'id': 4, 'pos': PyQt5.QtCore.QPointF(660.0, 120.0), 'pixel': (660, 120), 'desc': '[実地図画像] 点追加: (660, 120)', 'ellipse': None, 'text': None}
2025-02-19 17:54:24,377 [DEBUG] KartenWarp: Recording command: {'action': 'add', 'id': 4, 'pos': PyQt5.QtCore.QPointF(660.0, 120.0), 'pixel': (660, 120), 'desc': '[実地図画像] 点追加: (660, 120)', 'ellipse': None, 'text': None}
2025-02-19 17:54:24,377 [DEBUG] KartenWarp: Rebuilding scene
2025-02-19 17:54:24,377 [DEBUG] KartenWarp: Updating real points: [[311.0, 239.0], [205.0, 75.0], [356.0, 3.0], [506.0, 101.0], [660.0, 120.0]]
2025-02-19 17:54:24,377 [DEBUG] KartenWarp: Adding point: {'action': 'add', 'id': 5, 'pos': PyQt5.QtCore.QPointF(841.0, 22.0), 'pixel': (841, 22), 'desc': '[実地図画像] 点追加: (841, 22)', 'ellipse': None, 'text': None}
2025-02-19 17:54:24,377 [DEBUG] KartenWarp: Recording command: {'action': 'add', 'id': 5, 'pos': PyQt5.QtCore.QPointF(841.0, 22.0), 'pixel': (841, 22), 'desc': '[実地図画像] 点追加: (841, 22)', 'ellipse': None, 'text': None}
2025-02-19 17:54:24,377 [DEBUG] KartenWarp: Rebuilding scene
2025-02-19 17:54:24,377 [DEBUG] KartenWarp: Updating real points: [[311.0, 239.0], [205.0, 75.0], [356.0, 3.0], [506.0, 101.0], [660.0, 120.0], [841.0, 22.0]]
2025-02-19 17:54:24,377 [DEBUG] KartenWarp: Adding point: {'action': 'add', 'id': 6, 'pos': PyQt5.QtCore.QPointF(1133.0, 106.0), 'pixel': (1133, 106), 'desc': '[実地図画像] 点追加: (1133, 106)', 'ellipse': None, 'text': None}
2025-02-19 17:54:24,377 [DEBUG] KartenWarp: Recording command: {'action': 'add', 'id': 6, 'pos': PyQt5.QtCore.QPointF(1133.0, 106.0), 'pixel': (1133, 106), 'desc': '[実地図画像] 点追加: (1133, 106)', 'ellipse': None, 'text': None}
2025-02-19 17:54:24,377 [DEBUG] KartenWarp: Rebuilding scene
2025-02-19 17:54:24,378 [DEBUG] KartenWarp: Updating real points: [[311.0, 239.0], [205.0, 75.0], [356.0, 3.0], [506.0, 101.0], [660.0, 120.0], [841.0, 22.0], [1133.0, 106.0]]
2025-02-19 17:54:24,378 [DEBUG] KartenWarp: Adding point: {'action': 'add', 'id': 7, 'pos': PyQt5.QtCore.QPointF(1111.0, 386.0), 'pixel': (1111, 386), 'desc': '[実地図画像] 点追加: (1111, 386)', 'ellipse': None, 'text': None}
2025-02-19 17:54:24,378 [DEBUG] KartenWarp: Recording command: {'action': 'add', 'id': 7, 'pos': PyQt5.QtCore.QPointF(1111.0, 386.0), 'pixel': (1111, 386), 'desc': '[実地図画像] 点追加: (1111, 386)', 'ellipse': None, 'text': None}
2025-02-19 17:54:24,378 [DEBUG] KartenWarp: Rebuilding scene
2025-02-19 17:54:24,379 [DEBUG] KartenWarp: Updating real points: [[311.0, 239.0], [205.0, 75.0], [356.0, 3.0], [506.0, 101.0], [660.0, 120.0], [841.0, 22.0], [1133.0, 106.0], [1111.0, 386.0]]
2025-02-19 17:54:24,379 [DEBUG] KartenWarp: Adding point: {'action': 'add', 'id': 8, 'pos': PyQt5.QtCore.QPointF(1175.0, 331.0), 'pixel': (1175, 331), 'desc': '[実地図画像] 点追加: (1175, 331)', 'ellipse': None, 'text': None}
2025-02-19 17:54:24,379 [DEBUG] KartenWarp: Recording command: {'action': 'add', 'id': 8, 'pos': PyQt5.QtCore.QPointF(1175.0, 331.0), 'pixel': (1175, 331), 'desc': '[実地図画像] 点追加: (1175, 331)', 'ellipse': None, 'text': None}
2025-02-19 17:54:24,379 [DEBUG] KartenWarp: Rebuilding scene
2025-02-19 17:54:24,380 [DEBUG] KartenWarp: Updating real points: [[311.0, 239.0], [205.0, 75.0], [356.0, 3.0], [506.0, 101.0], [660.0, 120.0], [841.0, 22.0], [1133.0, 106.0], [1111.0, 386.0], [1175.0, 331.0]]
2025-02-19 17:54:24,380 [DEBUG] KartenWarp: Adding point: {'action': 'add', 'id': 9, 'pos': PyQt5.QtCore.QPointF(930.0, 601.0), 'pixel': (930, 601), 'desc': '[実地図画像] 点追加: (930, 601)', 'ellipse': None, 'text': None}
2025-02-19 17:54:24,380 [DEBUG] KartenWarp: Recording command: {'action': 'add', 'id': 9, 'pos': PyQt5.QtCore.QPointF(930.0, 601.0), 'pixel': (930, 601), 'desc': '[実地図画像] 点追加: (930, 601)', 'ellipse': None, 'text': None}
2025-02-19 17:54:24,380 [DEBUG] KartenWarp: Rebuilding scene
2025-02-19 17:54:24,381 [DEBUG] KartenWarp: Updating real points: [[311.0, 239.0], [205.0, 75.0], [356.0, 3.0], [506.0, 101.0], [660.0, 120.0], [841.0, 22.0], [1133.0, 106.0], [1111.0, 386.0], [1175.0, 331.0], [930.0, 601.0]]
2025-02-19 17:54:24,381 [DEBUG] KartenWarp: Adding point: {'action': 'add', 'id': 10, 'pos': PyQt5.QtCore.QPointF(701.0, 652.0), 'pixel': (701, 652), 'desc': '[実地図画像] 点追加: (701, 652)', 'ellipse': None, 'text': None}
2025-02-19 17:54:24,381 [DEBUG] KartenWarp: Recording command: {'action': 'add', 'id': 10, 'pos': PyQt5.QtCore.QPointF(701.0, 652.0), 'pixel': (701, 652), 'desc': '[実地図画像] 点追加: (701, 652)', 'ellipse': None, 'text': None}
2025-02-19 17:54:24,381 [DEBUG] KartenWarp: Rebuilding scene
2025-02-19 17:54:24,382 [DEBUG] KartenWarp: Updating real points: [[311.0, 239.0], [205.0, 75.0], [356.0, 3.0], [506.0, 101.0], [660.0, 120.0], [841.0, 22.0], [1133.0, 106.0], [1111.0, 386.0], [1175.0, 331.0], [930.0, 601.0], [701.0, 652.0]]
2025-02-19 17:54:24,382 [DEBUG] KartenWarp: Adding point: {'action': 'add', 'id': 11, 'pos': PyQt5.QtCore.QPointF(647.0, 898.0), 'pixel': (647, 898), 'desc': '[実地図画像] 点追加: (647, 898)', 'ellipse': None, 'text': None}
2025-02-19 17:54:24,382 [DEBUG] KartenWarp: Recording command: {'action': 'add', 'id': 11, 'pos': PyQt5.QtCore.QPointF(647.0, 898.0), 'pixel': (647, 898), 'desc': '[実地図画像] 点追加: (647, 898)', 'ellipse': None, 'text': None}
2025-02-19 17:54:24,382 [DEBUG] KartenWarp: Rebuilding scene
2025-02-19 17:54:24,383 [DEBUG] KartenWarp: Updating real points: [[311.0, 239.0], [205.0, 75.0], [356.0, 3.0], [506.0, 101.0], [660.0, 120.0], [841.0, 22.0], [1133.0, 106.0], [1111.0, 386.0], [1175.0, 331.0], [930.0, 601.0], [701.0, 652.0], [647.0, 898.0]]
2025-02-19 17:54:24,383 [DEBUG] KartenWarp: Adding point: {'action': 'add', 'id': 12, 'pos': PyQt5.QtCore.QPointF(449.0, 800.0), 'pixel': (449, 800), 'desc': '[実地図画像] 点追加: (449, 800)', 'ellipse': None, 'text': None}
2025-02-19 17:54:24,383 [DEBUG] KartenWarp: Recording command: {'action': 'add', 'id': 12, 'pos': PyQt5.QtCore.QPointF(449.0, 800.0), 'pixel': (449, 800), 'desc': '[実地図画像] 点追加: (449, 800)', 'ellipse': None, 'text': None}
2025-02-19 17:54:24,383 [DEBUG] KartenWarp: Rebuilding scene
2025-02-19 17:54:24,384 [DEBUG] KartenWarp: Updating real points: [[311.0, 239.0], [205.0, 75.0], [356.0, 3.0], [506.0, 101.0], [660.0, 120.0], [841.0, 22.0], [1133.0, 106.0], [1111.0, 386.0], [1175.0, 331.0], [930.0, 601.0], [701.0, 652.0], [647.0, 898.0], [449.0, 800.0]]
2025-02-19 17:54:24,384 [DEBUG] KartenWarp: Adding point: {'action': 'add', 'id': 13, 'pos': PyQt5.QtCore.QPointF(334.0, 606.0), 'pixel': (334, 606), 'desc': '[実地図画像] 点追加: (334, 606)', 'ellipse': None, 'text': None}
2025-02-19 17:54:24,384 [DEBUG] KartenWarp: Recording command: {'action': 'add', 'id': 13, 'pos': PyQt5.QtCore.QPointF(334.0, 606.0), 'pixel': (334, 606), 'desc': '[実地図画像] 点追加: (334, 606)', 'ellipse': None, 'text': None}
2025-02-19 17:54:24,384 [DEBUG] KartenWarp: Rebuilding scene
2025-02-19 17:54:24,385 [DEBUG] KartenWarp: Updating real points: [[311.0, 239.0], [205.0, 75.0], [356.0, 3.0], [506.0, 101.0], [660.0, 120.0], [841.0, 22.0], [1133.0, 106.0], [1111.0, 386.0], [1175.0, 331.0], [930.0, 601.0], [701.0, 652.0], [647.0, 898.0], [449.0, 800.0], [334.0, 606.0]]
2025-02-19 17:54:24,385 [DEBUG] KartenWarp: Adding point: {'action': 'add', 'id': 14, 'pos': PyQt5.QtCore.QPointF(276.0, 487.0), 'pixel': (276, 487), 'desc': '[実地図画像] 点追加: (276, 487)', 'ellipse': None, 'text': None}
2025-02-19 17:54:24,385 [DEBUG] KartenWarp: Recording command: {'action': 'add', 'id': 14, 'pos': PyQt5.QtCore.QPointF(276.0, 487.0), 'pixel': (276, 487), 'desc': '[実地図画像] 点追加: (276, 487)', 'ellipse': None, 'text': None}
2025-02-19 17:54:24,385 [DEBUG] KartenWarp: Rebuilding scene
2025-02-19 17:54:24,386 [DEBUG] KartenWarp: Updating real points: [[311.0, 239.0], [205.0, 75.0], [356.0, 3.0], [506.0, 101.0], [660.0, 120.0], [841.0, 22.0], [1133.0, 106.0], [1111.0, 386.0], [1175.0, 331.0], [930.0, 601.0], [701.0, 652.0], [647.0, 898.0], [449.0, 800.0], [334.0, 606.0], [276.0, 487.0]]
2025-02-19 17:54:24,386 [DEBUG] KartenWarp: Adding point: {'action': 'add', 'id': 15, 'pos': PyQt5.QtCore.QPointF(245.0, 375.0), 'pixel': (245, 375), 'desc': '[実地図画像] 点追加: (245, 375)', 'ellipse': None, 'text': None}
2025-02-19 17:54:24,386 [DEBUG] KartenWarp: Recording command: {'action': 'add', 'id': 15, 'pos': PyQt5.QtCore.QPointF(245.0, 375.0), 'pixel': (245, 375), 'desc': '[実地図画像] 点追加: (245, 375)', 'ellipse': None, 'text': None}
2025-02-19 17:54:24,386 [DEBUG] KartenWarp: Rebuilding scene
2025-02-19 17:54:24,389 [DEBUG] KartenWarp: Updating real points: [[311.0, 239.0], [205.0, 75.0], [356.0, 3.0], [506.0, 101.0], [660.0, 120.0], [841.0, 22.0], [1133.0, 106.0], [1111.0, 386.0], [1175.0, 331.0], [930.0, 601.0], [701.0, 652.0], [647.0, 898.0], [449.0, 800.0], [334.0, 606.0], [276.0, 487.0], [245.0, 375.0]]
2025-02-19 17:54:24,389 [DEBUG] KartenWarp: Adding point: {'action': 'add', 'id': 16, 'pos': PyQt5.QtCore.QPointF(19.0, 357.0), 'pixel': (19, 357), 'desc': '[実地図画像] 点追加: (19, 357)', 'ellipse': None, 'text': None}
2025-02-19 17:54:24,389 [DEBUG] KartenWarp: Recording command: {'action': 'add', 'id': 16, 'pos': PyQt5.QtCore.QPointF(19.0, 357.0), 'pixel': (19, 357), 'desc': '[実地図画像] 点追加: (19, 357)', 'ellipse': None, 'text': None}
2025-02-19 17:54:24,389 [DEBUG] KartenWarp: Rebuilding scene
2025-02-19 17:54:24,391 [DEBUG] KartenWarp: Updating real points: [[311.0, 239.0], [205.0, 75.0], [356.0, 3.0], [506.0, 101.0], [660.0, 120.0], [841.0, 22.0], [1133.0, 106.0], [1111.0, 386.0], [1175.0, 331.0], [930.0, 601.0], [701.0, 652.0], [647.0, 898.0], [449.0, 800.0], [334.0, 606.0], [276.0, 487.0], [245.0, 375.0], [19.0, 357.0]]
2025-02-19 17:54:24,391 [INFO] KartenWarp: Project loaded successfully
2025-02-19 17:54:24,931 [DEBUG] KartenWarp: Zoom UI updated to 115.0%
2025-02-19 17:54:24,931 [DEBUG] KartenWarp: Zoom factor set to 1.15
2025-02-19 17:54:24,945 [DEBUG] KartenWarp: Zoom UI updated to 132.2%
2025-02-19 17:54:24,945 [DEBUG] KartenWarp: Zoom factor set to 1.3224999999999998
2025-02-19 17:54:24,959 [DEBUG] KartenWarp: Zoom UI updated to 152.1%
2025-02-19 17:54:24,960 [DEBUG] KartenWarp: Zoom factor set to 1.5208749999999995
2025-02-19 17:54:24,989 [DEBUG] KartenWarp: Zoom UI updated to 174.9%
2025-02-19 17:54:24,990 [DEBUG] KartenWarp: Zoom factor set to 1.7490062499999994
2025-02-19 17:54:25,268 [DEBUG] KartenWarp: Zoom UI updated to 201.1%
2025-02-19 17:54:25,268 [DEBUG] KartenWarp: Zoom factor set to 2.0113571874999994
2025-02-19 17:54:25,275 [DEBUG] KartenWarp: Zoom UI updated to 231.3%
2025-02-19 17:54:25,275 [DEBUG] KartenWarp: Zoom factor set to 2.313060765624999
2025-02-19 17:54:25,283 [DEBUG] KartenWarp: Zoom UI updated to 266.0%
2025-02-19 17:54:25,283 [DEBUG] KartenWarp: Zoom factor set to 2.6600198804687487
2025-02-19 17:54:25,305 [DEBUG] KartenWarp: Zoom UI updated to 305.9%
2025-02-19 17:54:25,305 [DEBUG] KartenWarp: Zoom factor set to 3.0590228625390607
2025-02-19 17:54:25,322 [DEBUG] KartenWarp: Zoom UI updated to 351.8%
2025-02-19 17:54:25,323 [DEBUG] KartenWarp: Zoom factor set to 3.5178762919199196
2025-02-19 17:54:25,381 [DEBUG] KartenWarp: Zoom UI updated to 404.6%
2025-02-19 17:54:25,381 [DEBUG] KartenWarp: Zoom factor set to 4.0455577357079076
2025-02-19 17:54:25,770 [DEBUG] KartenWarp: Zoom UI updated to 115.0%
2025-02-19 17:54:25,770 [DEBUG] KartenWarp: Zoom factor set to 1.15
2025-02-19 17:54:25,793 [DEBUG] KartenWarp: Zoom UI updated to 132.2%
2025-02-19 17:54:25,793 [DEBUG] KartenWarp: Zoom factor set to 1.3224999999999998
2025-02-19 17:54:25,815 [DEBUG] KartenWarp: Zoom UI updated to 152.1%
2025-02-19 17:54:25,815 [DEBUG] KartenWarp: Zoom factor set to 1.5208749999999995
2025-02-19 17:54:25,861 [DEBUG] KartenWarp: Zoom UI updated to 174.9%
2025-02-19 17:54:25,861 [DEBUG] KartenWarp: Zoom factor set to 1.7490062499999994
2025-02-19 17:54:26,005 [DEBUG] KartenWarp: Active scene set
2025-02-19 17:54:26,007 [DEBUG] KartenWarp: Panning started
2025-02-19 17:54:26,297 [DEBUG] KartenWarp: Panning ended
2025-02-19 17:54:26,403 [DEBUG] KartenWarp: Zoom UI updated to 152.1%
2025-02-19 17:54:26,404 [DEBUG] KartenWarp: Zoom factor set to 1.5208749999999998
2025-02-19 17:54:26,440 [DEBUG] KartenWarp: Zoom UI updated to 132.2%
2025-02-19 17:54:26,440 [DEBUG] KartenWarp: Zoom factor set to 1.3225
2025-02-19 17:54:26,470 [DEBUG] KartenWarp: Zoom UI updated to 115.0%
2025-02-19 17:54:26,471 [DEBUG] KartenWarp: Zoom factor set to 1.1500000000000001
2025-02-19 17:54:26,505 [DEBUG] KartenWarp: Zoom UI updated to 100.0%
2025-02-19 17:54:26,505 [DEBUG] KartenWarp: Zoom factor set to 1.0000000000000002
2025-02-19 17:54:26,567 [DEBUG] KartenWarp: Zoom UI updated to 87.0%
2025-02-19 17:54:26,567 [DEBUG] KartenWarp: Zoom factor set to 0.8695652173913047
2025-02-19 17:54:27,121 [DEBUG] KartenWarp: Zoom UI updated to 100.0%
2025-02-19 17:54:27,122 [DEBUG] KartenWarp: Zoom factor set to 1.0000000000000002
2025-02-19 17:54:27,160 [DEBUG] KartenWarp: Zoom UI updated to 115.0%
2025-02-19 17:54:27,160 [DEBUG] KartenWarp: Zoom factor set to 1.1500000000000001
2025-02-19 17:54:27,225 [DEBUG] KartenWarp: Zoom UI updated to 132.2%
2025-02-19 17:54:27,225 [DEBUG] KartenWarp: Zoom factor set to 1.3225
2025-02-19 17:54:27,337 [DEBUG] KartenWarp: Zoom UI updated to 152.1%
2025-02-19 17:54:27,339 [DEBUG] KartenWarp: Zoom factor set to 1.520875
2025-02-19 17:54:27,521 [DEBUG] KartenWarp: Panning started
2025-02-19 17:54:27,813 [DEBUG] KartenWarp: Panning ended
2025-02-19 17:54:27,931 [DEBUG] KartenWarp: Zoom UI updated to 132.2%
2025-02-19 17:54:27,931 [DEBUG] KartenWarp: Zoom factor set to 1.3225
2025-02-19 17:54:28,096 [DEBUG] KartenWarp: Zoom UI updated to 115.0%
2025-02-19 17:54:28,096 [DEBUG] KartenWarp: Zoom factor set to 1.1500000000000001
2025-02-19 17:54:28,125 [DEBUG] KartenWarp: Zoom UI updated to 100.0%
2025-02-19 17:54:28,125 [DEBUG] KartenWarp: Zoom factor set to 1.0000000000000002
2025-02-19 17:54:28,491 [DEBUG] KartenWarp: Zoom UI updated to 87.0%
2025-02-19 17:54:28,491 [DEBUG] KartenWarp: Zoom factor set to 0.8695652173913047
2025-02-19 17:54:28,516 [DEBUG] KartenWarp: Zoom UI updated to 75.6%
2025-02-19 17:54:28,516 [DEBUG] KartenWarp: Zoom factor set to 0.7561436672967867
2025-02-19 17:54:28,981 [DEBUG] KartenWarp: Zoom UI updated to 87.0%
2025-02-19 17:54:28,981 [DEBUG] KartenWarp: Zoom factor set to 0.8695652173913047
2025-02-19 17:54:29,007 [DEBUG] KartenWarp: Zoom UI updated to 100.0%
2025-02-19 17:54:29,007 [DEBUG] KartenWarp: Zoom factor set to 1.0000000000000002
2025-02-19 17:54:29,025 [DEBUG] KartenWarp: Zoom UI updated to 115.0%
2025-02-19 17:54:29,026 [DEBUG] KartenWarp: Zoom factor set to 1.1500000000000001
2025-02-19 17:54:29,056 [DEBUG] KartenWarp: Zoom UI updated to 132.2%
2025-02-19 17:54:29,056 [DEBUG] KartenWarp: Zoom factor set to 1.3225
2025-02-19 17:54:29,078 [DEBUG] KartenWarp: Zoom UI updated to 152.1%
2025-02-19 17:54:29,078 [DEBUG] KartenWarp: Zoom factor set to 1.520875
2025-02-19 17:54:29,214 [DEBUG] KartenWarp: Zoom UI updated to 174.9%
2025-02-19 17:54:29,215 [DEBUG] KartenWarp: Zoom factor set to 1.7490062499999999
2025-02-19 17:54:29,312 [DEBUG] KartenWarp: Zoom UI updated to 152.1%
2025-02-19 17:54:29,312 [DEBUG] KartenWarp: Zoom factor set to 1.520875
2025-02-19 17:54:29,332 [DEBUG] KartenWarp: Zoom UI updated to 132.2%
2025-02-19 17:54:29,333 [DEBUG] KartenWarp: Zoom factor set to 1.3225
2025-02-19 17:54:29,354 [DEBUG] KartenWarp: Zoom UI updated to 115.0%
2025-02-19 17:54:29,354 [DEBUG] KartenWarp: Zoom factor set to 1.1500000000000001
2025-02-19 17:54:29,378 [DEBUG] KartenWarp: Zoom UI updated to 100.0%
2025-02-19 17:54:29,379 [DEBUG] KartenWarp: Zoom factor set to 1.0000000000000002
2025-02-19 17:54:29,400 [DEBUG] KartenWarp: Zoom UI updated to 87.0%
2025-02-19 17:54:29,401 [DEBUG] KartenWarp: Zoom factor set to 0.8695652173913047
2025-02-19 17:54:29,723 [DEBUG] KartenWarp: Zoom UI updated to 75.6%
2025-02-19 17:54:29,723 [DEBUG] KartenWarp: Zoom factor set to 0.7561436672967867
2025-02-19 17:54:29,753 [DEBUG] KartenWarp: Zoom UI updated to 65.8%
2025-02-19 17:54:29,754 [DEBUG] KartenWarp: Zoom factor set to 0.6575162324319885
2025-02-19 17:54:29,986 [DEBUG] KartenWarp: Panning started
2025-02-19 17:54:30,431 [DEBUG] KartenWarp: Panning ended
2025-02-19 17:54:30,540 [DEBUG] KartenWarp: Zoom UI updated to 75.6%
2025-02-19 17:54:30,541 [DEBUG] KartenWarp: Zoom factor set to 0.7561436672967867
2025-02-19 17:54:30,571 [DEBUG] KartenWarp: Zoom UI updated to 87.0%
2025-02-19 17:54:30,571 [DEBUG] KartenWarp: Zoom factor set to 0.8695652173913047
2025-02-19 17:54:30,624 [DEBUG] KartenWarp: Zoom UI updated to 100.0%
2025-02-19 17:54:30,624 [DEBUG] KartenWarp: Zoom factor set to 1.0000000000000002
2025-02-19 17:54:31,035 [DEBUG] KartenWarp: Zoom UI updated to 115.0%
2025-02-19 17:54:31,036 [DEBUG] KartenWarp: Zoom factor set to 1.1500000000000001
2025-02-19 17:54:31,067 [DEBUG] KartenWarp: Zoom UI updated to 132.2%
2025-02-19 17:54:31,068 [DEBUG] KartenWarp: Zoom factor set to 1.3225
2025-02-19 17:54:31,221 [DEBUG] KartenWarp: Panning started
2025-02-19 17:54:31,473 [DEBUG] KartenWarp: Panning ended
2025-02-19 17:54:34,360 [DEBUG] KartenWarp: Active scene set
2025-02-19 17:54:34,367 [DEBUG] KartenWarp.Transform: Starting perform_tps_transform
2025-02-19 17:54:34,367 [ERROR] KartenWarp.Transform: Error in TPS transform
Traceback (most recent call last):
  File "C:\Github\KartenWarp\src\core.py", line 167, in perform_tps_transform
    if not sceneA.game_pixmap:
           ^^^^^^^^^^^^^^^^^^
AttributeError: 'InteractiveScene' object has no attribute 'game_pixmap'
2025-02-19 17:54:34,368 [ERROR] KartenWarp: TPS transformation error: Regularization parameter setting and TPS parameter calculation failed: 'InteractiveScene' object has no attribute 'game_pixmap'
2025-02-19 17:54:41,101 [DEBUG] KartenWarp: Active scene set
2025-02-19 17:54:41,105 [DEBUG] KartenWarp.Transform: Starting perform_tps_transform
2025-02-19 17:54:41,105 [ERROR] KartenWarp.Transform: Error in TPS transform
Traceback (most recent call last):
  File "C:\Github\KartenWarp\src\core.py", line 167, in perform_tps_transform
    if not sceneA.game_pixmap:
           ^^^^^^^^^^^^^^^^^^
AttributeError: 'InteractiveScene' object has no attribute 'game_pixmap'
2025-02-19 17:54:41,109 [ERROR] KartenWarp: TPS transformation error: Regularization parameter setting and TPS parameter calculation failed: 'InteractiveScene' object has no attribute 'game_pixmap'
2025-02-19 17:54:42,619 [DEBUG] KartenWarp: Active scene set
2025-02-19 17:54:43,943 [DEBUG] KartenWarp: Active scene set
2025-02-19 17:54:44,813 [DEBUG] KartenWarp: Active scene set
2025-02-19 17:54:44,816 [DEBUG] KartenWarp: Setting image in scene
2025-02-19 17:54:44,822 [DEBUG] KartenWarp: Updating game points: []
2025-02-19 17:54:44,824 [INFO] KartenWarp: Game image loaded: C:/Github/KartenWarp/tester_game.png
2025-02-19 17:54:47,590 [DEBUG] KartenWarp: Active scene set
2025-02-19 17:54:48,760 [DEBUG] KartenWarp: Active scene set
2025-02-19 17:54:49,739 [DEBUG] KartenWarp: Active scene set
2025-02-19 17:54:49,757 [DEBUG] KartenWarp: Setting image in scene
2025-02-19 17:54:49,765 [DEBUG] KartenWarp: Updating real points: []
2025-02-19 17:54:49,766 [INFO] KartenWarp: Real map image loaded: C:/Github/KartenWarp/tester_real_map.png
2025-02-19 17:54:52,174 [DEBUG] KartenWarp: DetachedWindow initialized
2025-02-19 17:54:52,174 [DEBUG] KartenWarp: Getting dark mode stylesheet
2025-02-19 17:54:52,177 [DEBUG] KartenWarp: DetachedWindow initialized
2025-02-19 17:54:52,177 [DEBUG] KartenWarp: Getting dark mode stylesheet
2025-02-19 17:54:52,212 [INFO] KartenWarp: Entered detached mode
2025-02-19 17:54:52,212 [DEBUG] KartenWarp: Mode toggled to 分離モード
2025-02-19 17:54:52,212 [DEBUG] KartenWarp: Active scene set
2025-02-19 17:54:52,213 [DEBUG] KartenWarp: Active scene set
2025-02-19 17:54:53,303 [DEBUG] KartenWarp: Zoom UI updated to 465.2%
2025-02-19 17:54:53,303 [DEBUG] KartenWarp: Zoom factor set to 4.652391396064093
2025-02-19 17:54:53,327 [DEBUG] KartenWarp: Zoom UI updated to 535.0%
2025-02-19 17:54:53,329 [DEBUG] KartenWarp: Zoom factor set to 5.350250105473707
2025-02-19 17:54:53,357 [DEBUG] KartenWarp: Zoom UI updated to 615.3%
2025-02-19 17:54:53,357 [DEBUG] KartenWarp: Zoom factor set to 6.152787621294762
2025-02-19 17:54:53,424 [DEBUG] KartenWarp: Zoom UI updated to 707.6%
2025-02-19 17:54:53,424 [DEBUG] KartenWarp: Zoom factor set to 7.075705764488976
2025-02-19 17:54:53,746 [DEBUG] KartenWarp: Zoom UI updated to 813.7%
2025-02-19 17:54:53,746 [DEBUG] KartenWarp: Zoom factor set to 8.137061629162321
2025-02-19 17:54:53,814 [DEBUG] KartenWarp: Active scene set
2025-02-19 17:54:53,814 [DEBUG] KartenWarp: Panning started
2025-02-19 17:54:54,055 [DEBUG] KartenWarp: Panning ended
2025-02-19 17:54:54,617 [DEBUG] KartenWarp: Active scene set
2025-02-19 17:54:54,618 [DEBUG] KartenWarp: Adding point: {'action': 'add', 'id': 0, 'pos': PyQt5.QtCore.QPointF(70.0, 33.0), 'pixel': (70, 33), 'desc': '[ゲーム画像] 点追加: (70, 33)', 'ellipse': None, 'text': None}
2025-02-19 17:54:54,618 [DEBUG] KartenWarp: Recording command: {'action': 'add', 'id': 0, 'pos': PyQt5.QtCore.QPointF(70.0, 33.0), 'pixel': (70, 33), 'desc': '[ゲーム画像] 点追加: (70, 33)', 'ellipse': None, 'text': None}
2025-02-19 17:54:54,618 [DEBUG] KartenWarp: Rebuilding scene
2025-02-19 17:54:54,619 [DEBUG] KartenWarp: Updating game points: [[70.0, 33.0]]
2025-02-19 17:54:55,377 [DEBUG] KartenWarp: Active scene set
2025-02-19 17:54:55,377 [DEBUG] KartenWarp: Adding point: {'action': 'add', 'id': 1, 'pos': PyQt5.QtCore.QPointF(103.0, 20.0), 'pixel': (103, 20), 'desc': '[ゲーム画像] 点追加: (103, 20)', 'ellipse': None, 'text': None}
2025-02-19 17:54:55,377 [DEBUG] KartenWarp: Recording command: {'action': 'add', 'id': 1, 'pos': PyQt5.QtCore.QPointF(103.0, 20.0), 'pixel': (103, 20), 'desc': '[ゲーム画像] 点追加: (103, 20)', 'ellipse': None, 'text': None}
2025-02-19 17:54:55,377 [DEBUG] KartenWarp: Rebuilding scene
2025-02-19 17:54:55,379 [DEBUG] KartenWarp: Updating game points: [[70.0, 33.0], [103.0, 20.0]]
2025-02-19 17:54:56,167 [DEBUG] KartenWarp: Active scene set
2025-02-19 17:54:56,167 [DEBUG] KartenWarp: Adding point: {'action': 'add', 'id': 2, 'pos': PyQt5.QtCore.QPointF(145.0, 32.0), 'pixel': (145, 32), 'desc': '[ゲーム画像] 点追加: (145, 32)', 'ellipse': None, 'text': None}
2025-02-19 17:54:56,167 [DEBUG] KartenWarp: Recording command: {'action': 'add', 'id': 2, 'pos': PyQt5.QtCore.QPointF(145.0, 32.0), 'pixel': (145, 32), 'desc': '[ゲーム画像] 点追加: (145, 32)', 'ellipse': None, 'text': None}
2025-02-19 17:54:56,167 [DEBUG] KartenWarp: Rebuilding scene
2025-02-19 17:54:56,168 [DEBUG] KartenWarp: Updating game points: [[70.0, 33.0], [103.0, 20.0], [145.0, 32.0]]
2025-02-19 17:54:57,011 [DEBUG] KartenWarp: Panning started
2025-02-19 17:54:57,235 [DEBUG] KartenWarp: Panning ended
2025-02-19 17:54:57,693 [DEBUG] KartenWarp: Active scene set
2025-02-19 17:54:57,694 [DEBUG] KartenWarp: Adding point: {'action': 'add', 'id': 3, 'pos': PyQt5.QtCore.QPointF(220.0, 27.0), 'pixel': (220, 27), 'desc': '[ゲーム画像] 点追加: (220, 27)', 'ellipse': None, 'text': None}
2025-02-19 17:54:57,694 [DEBUG] KartenWarp: Recording command: {'action': 'add', 'id': 3, 'pos': PyQt5.QtCore.QPointF(220.0, 27.0), 'pixel': (220, 27), 'desc': '[ゲーム画像] 点追加: (220, 27)', 'ellipse': None, 'text': None}
2025-02-19 17:54:57,694 [DEBUG] KartenWarp: Rebuilding scene
2025-02-19 17:54:57,696 [DEBUG] KartenWarp: Updating game points: [[70.0, 33.0], [103.0, 20.0], [145.0, 32.0], [220.0, 27.0]]
2025-02-19 17:54:58,030 [DEBUG] KartenWarp: Zoom UI updated to 707.6%
2025-02-19 17:54:58,030 [DEBUG] KartenWarp: Zoom factor set to 7.075705764488976
2025-02-19 17:54:58,059 [DEBUG] KartenWarp: Zoom UI updated to 615.3%
2025-02-19 17:54:58,059 [DEBUG] KartenWarp: Zoom factor set to 6.152787621294762
2025-02-19 17:54:58,089 [DEBUG] KartenWarp: Zoom UI updated to 535.0%
2025-02-19 17:54:58,089 [DEBUG] KartenWarp: Zoom factor set to 5.350250105473707
2025-02-19 17:54:59,291 [DEBUG] KartenWarp: Active scene set
2025-02-19 17:54:59,291 [DEBUG] KartenWarp: Active scene set
2025-02-19 17:54:59,291 [DEBUG] KartenWarp: Adding point: {'action': 'add', 'id': 0, 'pos': PyQt5.QtCore.QPointF(213.0, 72.0), 'pixel': (213, 72), 'desc': '[実地図画像] 点追加: (213, 72)', 'ellipse': None, 'text': None}
2025-02-19 17:54:59,291 [DEBUG] KartenWarp: Recording command: {'action': 'add', 'id': 0, 'pos': PyQt5.QtCore.QPointF(213.0, 72.0), 'pixel': (213, 72), 'desc': '[実地図画像] 点追加: (213, 72)', 'ellipse': None, 'text': None}
2025-02-19 17:54:59,292 [DEBUG] KartenWarp: Rebuilding scene
2025-02-19 17:54:59,292 [DEBUG] KartenWarp: Updating real points: [[213.0, 72.0]]
2025-02-19 17:55:00,356 [DEBUG] KartenWarp: Active scene set
2025-02-19 17:55:00,357 [DEBUG] KartenWarp: Adding point: {'action': 'add', 'id': 1, 'pos': PyQt5.QtCore.QPointF(346.0, 10.0), 'pixel': (346, 10), 'desc': '[実地図画像] 点追加: (346, 10)', 'ellipse': None, 'text': None}
2025-02-19 17:55:00,357 [DEBUG] KartenWarp: Recording command: {'action': 'add', 'id': 1, 'pos': PyQt5.QtCore.QPointF(346.0, 10.0), 'pixel': (346, 10), 'desc': '[実地図画像] 点追加: (346, 10)', 'ellipse': None, 'text': None}
2025-02-19 17:55:00,357 [DEBUG] KartenWarp: Rebuilding scene
2025-02-19 17:55:00,357 [DEBUG] KartenWarp: Updating real points: [[213.0, 72.0], [346.0, 10.0]]
2025-02-19 17:55:02,320 [DEBUG] KartenWarp: Active scene set
2025-02-19 17:55:02,321 [DEBUG] KartenWarp: Adding point: {'action': 'add', 'id': 2, 'pos': PyQt5.QtCore.QPointF(516.0, 64.0), 'pixel': (516, 64), 'desc': '[実地図画像] 点追加: (516, 64)', 'ellipse': None, 'text': None}
2025-02-19 17:55:02,321 [DEBUG] KartenWarp: Recording command: {'action': 'add', 'id': 2, 'pos': PyQt5.QtCore.QPointF(516.0, 64.0), 'pixel': (516, 64), 'desc': '[実地図画像] 点追加: (516, 64)', 'ellipse': None, 'text': None}
2025-02-19 17:55:02,321 [DEBUG] KartenWarp: Rebuilding scene
2025-02-19 17:55:02,323 [DEBUG] KartenWarp: Updating real points: [[213.0, 72.0], [346.0, 10.0], [516.0, 64.0]]
2025-02-19 17:55:04,009 [DEBUG] KartenWarp: Active scene set
2025-02-19 17:55:04,009 [DEBUG] KartenWarp: Adding point: {'action': 'add', 'id': 3, 'pos': PyQt5.QtCore.QPointF(838.0, 25.0), 'pixel': (838, 25), 'desc': '[実地図画像] 点追加: (838, 25)', 'ellipse': None, 'text': None}
2025-02-19 17:55:04,010 [DEBUG] KartenWarp: Recording command: {'action': 'add', 'id': 3, 'pos': PyQt5.QtCore.QPointF(838.0, 25.0), 'pixel': (838, 25), 'desc': '[実地図画像] 点追加: (838, 25)', 'ellipse': None, 'text': None}
2025-02-19 17:55:04,010 [DEBUG] KartenWarp: Rebuilding scene
2025-02-19 17:55:04,011 [DEBUG] KartenWarp: Updating real points: [[213.0, 72.0], [346.0, 10.0], [516.0, 64.0], [838.0, 25.0]]
2025-02-19 17:55:07,296 [DEBUG] KartenWarp: DetachedWindow forced close
2025-02-19 17:55:07,301 [DEBUG] KartenWarp: DetachedWindow force closed
2025-02-19 17:55:07,306 [DEBUG] KartenWarp: DetachedWindow forced close
2025-02-19 17:55:07,319 [DEBUG] KartenWarp: DetachedWindow force closed
2025-02-19 17:55:07,359 [DEBUG] KartenWarp: Active scene set
2025-02-19 17:55:08,350 [DEBUG] KartenWarp: Active scene set
2025-02-19 17:55:08,350 [INFO] KartenWarp: Returned to integrated mode
2025-02-19 17:55:08,351 [DEBUG] KartenWarp: Mode toggled to 統合モード
2025-02-19 17:55:08,351 [DEBUG] KartenWarp: Toggle mode key pressed in DetachedWindow
2025-02-19 17:55:12,221 [DEBUG] KartenWarp: Zoom UI updated to 115.0%
2025-02-19 17:55:12,221 [DEBUG] KartenWarp: Zoom factor set to 1.1500000000000001
2025-02-19 17:55:12,228 [DEBUG] KartenWarp: Zoom UI updated to 100.0%
2025-02-19 17:55:12,229 [DEBUG] KartenWarp: Zoom factor set to 1.0000000000000002
2025-02-19 17:55:12,248 [DEBUG] KartenWarp: Zoom UI updated to 87.0%
2025-02-19 17:55:12,248 [DEBUG] KartenWarp: Zoom factor set to 0.8695652173913047
2025-02-19 17:55:12,307 [DEBUG] KartenWarp: Zoom UI updated to 75.6%
2025-02-19 17:55:12,308 [DEBUG] KartenWarp: Zoom factor set to 0.7561436672967867
2025-02-19 17:55:14,536 [DEBUG] KartenWarp: Active scene set
2025-02-19 17:55:14,542 [DEBUG] KartenWarp.Transform: Starting perform_tps_transform
2025-02-19 17:55:14,542 [ERROR] KartenWarp.Transform: Error in TPS transform
Traceback (most recent call last):
  File "C:\Github\KartenWarp\src\core.py", line 167, in perform_tps_transform
    if not sceneA.game_pixmap:
           ^^^^^^^^^^^^^^^^^^
AttributeError: 'InteractiveScene' object has no attribute 'game_pixmap'
2025-02-19 17:55:14,543 [ERROR] KartenWarp: TPS transformation error: Regularization parameter setting and TPS parameter calculation failed: 'InteractiveScene' object has no attribute 'game_pixmap'
2025-02-19 17:55:19,646 [DEBUG] KartenWarp: Active scene set
2025-02-19 17:55:19,651 [DEBUG] KartenWarp.Transform: Starting perform_tps_transform
2025-02-19 17:55:19,651 [ERROR] KartenWarp.Transform: Error in TPS transform
Traceback (most recent call last):
  File "C:\Github\KartenWarp\src\core.py", line 167, in perform_tps_transform
    if not sceneA.game_pixmap:
           ^^^^^^^^^^^^^^^^^^
AttributeError: 'InteractiveScene' object has no attribute 'game_pixmap'
2025-02-19 17:55:19,652 [ERROR] KartenWarp: TPS transformation error: Regularization parameter setting and TPS parameter calculation failed: 'InteractiveScene' object has no attribute 'game_pixmap'
2025-02-19 17:55:25,478 [DEBUG] KartenWarp: Active scene set
2025-02-19 17:55:25,484 [DEBUG] KartenWarp.Transform: Starting perform_tps_transform
2025-02-19 17:55:25,484 [ERROR] KartenWarp.Transform: Error in TPS transform
Traceback (most recent call last):
  File "C:\Github\KartenWarp\src\core.py", line 167, in perform_tps_transform
    if not sceneA.game_pixmap:
           ^^^^^^^^^^^^^^^^^^
AttributeError: 'InteractiveScene' object has no attribute 'game_pixmap'
2025-02-19 17:55:25,485 [ERROR] KartenWarp: TPS transformation error: Regularization parameter setting and TPS parameter calculation failed: 'InteractiveScene' object has no attribute 'game_pixmap'
2025-02-19 17:55:31,240 [DEBUG] KartenWarp: Active scene set
2025-02-19 17:55:31,246 [DEBUG] KartenWarp.Transform: Starting perform_tps_transform
2025-02-19 17:55:31,246 [ERROR] KartenWarp.Transform: Error in TPS transform
Traceback (most recent call last):
  File "C:\Github\KartenWarp\src\core.py", line 167, in perform_tps_transform
    if not sceneA.game_pixmap:
           ^^^^^^^^^^^^^^^^^^
AttributeError: 'InteractiveScene' object has no attribute 'game_pixmap'
2025-02-19 17:55:31,247 [ERROR] KartenWarp: TPS transformation error: Regularization parameter setting and TPS parameter calculation failed: 'InteractiveScene' object has no attribute 'game_pixmap'
2025-02-19 17:55:39,098 [DEBUG] KartenWarp: Active scene set
2025-02-19 17:59:27,706 [DEBUG] KartenWarp: Active scene set
