2025-02-18 14:06:34,595 [DEBUG] KartenWarp.Transform: Starting perform_tps_transform
2025-02-18 14:06:34,595 [DEBUG] KartenWarp.Transform: Starting perform_transformation
2025-02-18 14:06:34,595 [DEBUG] KartenWarp.Transform: Computing TPS parameters
2025-02-18 14:06:34,595 [DEBUG] KartenWarp.Transform: Adaptive enabled: adjusted reg_lambda = 0.4166666666666667
2025-02-18 14:06:34,595 [DEBUG] KartenWarp.Transform: TPS parameters computed
2025-02-18 14:06:34,595 [DEBUG] KartenWarp.Transform: Applying TPS warp
2025-02-18 14:06:34,595 [DEBUG] KartenWarp.Transform: TPS warp applied
2025-02-18 14:06:34,595 [DEBUG] KartenWarp.Transform: Transformation performed successfully
2025-02-18 14:06:34,611 [INFO] KartenWarp.Transform: TPS transform completed successfully
2025-02-18 14:06:36,212 [DEBUG] KartenWarp.Transform: Starting perform_transformation
2025-02-18 14:06:36,212 [DEBUG] KartenWarp.Transform: Computing TPS parameters
2025-02-18 14:06:36,212 [DEBUG] KartenWarp.Transform: Starting perform_tps_transform
2025-02-18 14:06:36,212 [ERROR] KartenWarp.Transform: Game image not loaded
2025-02-18 14:06:36,212 [DEBUG] KartenWarp.Transform: Starting perform_transformation
2025-02-18 14:06:36,212 [DEBUG] KartenWarp.Transform: Computing TPS parameters
2025-02-18 14:06:36,212 [DEBUG] KartenWarp.Transform: Adaptive enabled: adjusted reg_lambda = 8.533333333333335
2025-02-18 14:06:36,212 [DEBUG] KartenWarp.Transform: TPS parameters computed
2025-02-18 14:06:36,212 [DEBUG] KartenWarp.Transform: Applying TPS warp
2025-02-18 14:06:36,212 [DEBUG] KartenWarp.Transform: TPS warp applied
2025-02-18 14:06:36,212 [DEBUG] KartenWarp.Transform: Transformation performed successfully
2025-02-18 14:06:36,212 [DEBUG] KartenWarp.Transform: Starting perform_transformation
2025-02-18 14:06:36,212 [ERROR] KartenWarp.Transform: Insufficient correspondence points
2025-02-18 14:06:36,212 [DEBUG] KartenWarp.Transform: Starting perform_transformation
2025-02-18 14:06:36,212 [DEBUG] KartenWarp.Transform: Computing TPS parameters
2025-02-18 14:06:36,212 [DEBUG] KartenWarp.Transform: TPS parameters computed
2025-02-18 14:06:36,222 [DEBUG] KartenWarp.Transform: Applying TPS warp
2025-02-18 14:06:36,222 [DEBUG] KartenWarp.Transform: TPS warp applied
2025-02-18 14:06:36,222 [DEBUG] KartenWarp.Transform: Transformation performed successfully
