2025-02-19 00:40:59,998 [INFO] KartenWarp: Logging started in C:\Github\TR_mod\.tools\KartenWarp\dev\temp\run_20250219_004059
2025-02-19 00:40:59,999 [INFO] KartenWarp: Transformation logger configured
2025-02-19 00:40:59,999 [DEBUG] KartenWarp: Initializing SceneState
2025-02-19 00:41:00,079 [DEBUG] KartenWarp: Extracted 100 localization keys from source code.
2025-02-19 00:41:00,080 [DEBUG] KartenWarp: Updated de.json with 100 keys. Written to temp folder.
2025-02-19 00:41:00,080 [DEBUG] KartenWarp: Updated en.json with 100 keys. Written to temp folder.
2025-02-19 00:41:00,081 [DEBUG] KartenWarp: Updated ja.json with 100 keys. Written to temp folder.
2025-02-19 00:41:00,083 [DEBUG] KartenWarp: Loaded localization from C:\Github\TR_mod\.tools\KartenWarp\dev\temp\ja.json
2025-02-19 00:41:00,085 [DEBUG] KartenWarp: theme.py module loaded
2025-02-19 00:41:00,093 [DEBUG] KartenWarp: SceneState.__init__
2025-02-19 00:41:00,093 [DEBUG] KartenWarp: InteractiveScene initialized for game
2025-02-19 00:41:00,094 [DEBUG] KartenWarp: InteractiveScene initialized for real
2025-02-19 00:41:00,095 [DEBUG] KartenWarp: InteractiveView.__init__
2025-02-19 00:41:01,327 [DEBUG] KartenWarp: InteractiveView.__init__
2025-02-19 00:41:01,338 [DEBUG] KartenWarp: Menus created
2025-02-19 00:41:01,338 [DEBUG] KartenWarp: MainWindow initialized
2025-02-19 00:41:01,338 [DEBUG] KartenWarp: Getting dark mode stylesheet
2025-02-19 00:41:01,407 [DEBUG] KartenWarp: SceneState.__init__
2025-02-19 00:41:01,407 [DEBUG] KartenWarp: InteractiveScene initialized for game
2025-02-19 00:41:01,408 [DEBUG] KartenWarp: InteractiveView.__init__
2025-02-19 00:41:01,408 [DEBUG] KartenWarp: DetachedWindow initialized
2025-02-19 00:41:01,408 [DEBUG] KartenWarp: Getting dark mode stylesheet
2025-02-19 00:41:01,427 [INFO] KartenWarp: DetachedWindow closed and mode toggled
2025-02-19 00:41:01,440 [DEBUG] KartenWarp: DetachedWindow initialized
2025-02-19 00:41:01,441 [DEBUG] KartenWarp: Getting dark mode stylesheet
2025-02-19 00:41:01,441 [DEBUG] KartenWarp: DetachedWindow initialized
2025-02-19 00:41:01,441 [DEBUG] KartenWarp: Getting dark mode stylesheet
2025-02-19 00:41:01,474 [INFO] KartenWarp: Entered detached mode
2025-02-19 00:41:01,475 [DEBUG] KartenWarp: Mode toggled to 分離モード
2025-02-19 00:41:01,475 [INFO] KartenWarp: DetachedWindow closed and mode toggled
2025-02-19 00:41:01,475 [INFO] KartenWarp: User confirmed exit. Closing application.
2025-02-19 00:41:01,482 [DEBUG] KartenWarp: SceneState.__init__
2025-02-19 00:41:01,482 [DEBUG] KartenWarp: InteractiveScene initialized for game
2025-02-19 00:41:01,482 [DEBUG] KartenWarp: InteractiveScene initialized for real
2025-02-19 00:41:01,483 [DEBUG] KartenWarp: InteractiveView.__init__
2025-02-19 00:41:01,483 [DEBUG] KartenWarp: InteractiveView.__init__
2025-02-19 00:41:01,485 [DEBUG] KartenWarp: Menus created
2025-02-19 00:41:01,485 [DEBUG] KartenWarp: MainWindow initialized
2025-02-19 00:41:01,485 [DEBUG] KartenWarp: Getting dark mode stylesheet
2025-02-19 00:41:01,503 [DEBUG] KartenWarp: SceneState.__init__
2025-02-19 00:41:01,504 [DEBUG] KartenWarp: InteractiveScene initialized for game
2025-02-19 00:41:01,504 [DEBUG] KartenWarp: InteractiveView.__init__
2025-02-19 00:41:01,504 [DEBUG] KartenWarp: DetachedWindow initialized
2025-02-19 00:41:01,504 [DEBUG] KartenWarp: Getting dark mode stylesheet
2025-02-19 00:41:01,524 [DEBUG] KartenWarp: DetachedWindow initialized
2025-02-19 00:41:01,524 [DEBUG] KartenWarp: Getting dark mode stylesheet
2025-02-19 00:41:01,527 [DEBUG] KartenWarp: DetachedWindow initialized
2025-02-19 00:41:01,527 [DEBUG] KartenWarp: Getting dark mode stylesheet
2025-02-19 00:41:01,560 [INFO] KartenWarp: Entered detached mode
2025-02-19 00:41:01,561 [DEBUG] KartenWarp: Mode toggled to 分離モード
2025-02-19 00:41:01,561 [DEBUG] KartenWarp: Toggle mode key pressed in DetachedWindow
2025-02-19 00:41:01,561 [DEBUG] KartenWarp: DetachedWindow forced close, skipping confirm dialog
2025-02-19 00:41:01,565 [DEBUG] KartenWarp: DetachedWindow force closed
2025-02-19 00:41:01,571 [DEBUG] KartenWarp: DetachedWindow forced close, skipping confirm dialog
2025-02-19 00:41:01,579 [DEBUG] KartenWarp: DetachedWindow force closed
2025-02-19 00:41:01,599 [INFO] KartenWarp: Returned to integrated mode
2025-02-19 00:41:01,600 [DEBUG] KartenWarp: Mode toggled to 統合モード
2025-02-19 00:41:01,600 [INFO] KartenWarp: DetachedWindow closed and mode toggled
2025-02-19 00:41:01,611 [INFO] KartenWarp: User confirmed exit. Closing application.
2025-02-19 00:41:01,616 [DEBUG] KartenWarp: SceneState.__init__
2025-02-19 00:41:01,616 [DEBUG] KartenWarp: InteractiveScene initialized for game
2025-02-19 00:41:01,616 [DEBUG] KartenWarp: InteractiveScene initialized for real
2025-02-19 00:41:01,616 [DEBUG] KartenWarp: InteractiveView.__init__
2025-02-19 00:41:01,617 [DEBUG] KartenWarp: InteractiveView.__init__
2025-02-19 00:41:01,618 [DEBUG] KartenWarp: Menus created
2025-02-19 00:41:01,619 [DEBUG] KartenWarp: MainWindow initialized
2025-02-19 00:41:01,619 [DEBUG] KartenWarp: Getting dark mode stylesheet
2025-02-19 00:41:01,635 [DEBUG] KartenWarp: SceneState.__init__
2025-02-19 00:41:01,635 [DEBUG] KartenWarp: InteractiveScene initialized for game
2025-02-19 00:41:01,635 [DEBUG] KartenWarp: InteractiveView.__init__
2025-02-19 00:41:01,635 [DEBUG] KartenWarp: DetachedWindow initialized
2025-02-19 00:41:01,635 [DEBUG] KartenWarp: Getting dark mode stylesheet
2025-02-19 00:41:01,654 [DEBUG] KartenWarp: Undo executed in DetachedWindow
2025-02-19 00:41:01,659 [DEBUG] KartenWarp: Redo executed in DetachedWindow
2025-02-19 00:41:01,661 [DEBUG] KartenWarp: DetachedWindow initialized
2025-02-19 00:41:01,661 [DEBUG] KartenWarp: Getting dark mode stylesheet
2025-02-19 00:41:01,662 [DEBUG] KartenWarp: DetachedWindow initialized
2025-02-19 00:41:01,662 [DEBUG] KartenWarp: Getting dark mode stylesheet
2025-02-19 00:41:01,704 [INFO] KartenWarp: Entered detached mode
2025-02-19 00:41:01,704 [DEBUG] KartenWarp: Mode toggled to 分離モード
2025-02-19 00:41:01,704 [INFO] KartenWarp: DetachedWindow closed and mode toggled
2025-02-19 00:41:01,709 [INFO] KartenWarp: User confirmed exit. Closing application.
2025-02-19 00:41:01,714 [DEBUG] KartenWarp: SceneState.__init__
2025-02-19 00:41:01,714 [DEBUG] KartenWarp: InteractiveScene initialized for game
2025-02-19 00:41:01,714 [DEBUG] KartenWarp: InteractiveScene initialized for real
2025-02-19 00:41:01,714 [DEBUG] KartenWarp: InteractiveView.__init__
2025-02-19 00:41:01,715 [DEBUG] KartenWarp: InteractiveView.__init__
2025-02-19 00:41:01,718 [DEBUG] KartenWarp: Menus created
2025-02-19 00:41:01,718 [DEBUG] KartenWarp: MainWindow initialized
2025-02-19 00:41:01,718 [DEBUG] KartenWarp: Getting dark mode stylesheet
2025-02-19 00:41:01,740 [DEBUG] KartenWarp: SceneState.__init__
2025-02-19 00:41:01,740 [DEBUG] KartenWarp: InteractiveScene initialized for game
2025-02-19 00:41:01,741 [DEBUG] KartenWarp: InteractiveView.__init__
2025-02-19 00:41:01,741 [DEBUG] KartenWarp: DetachedWindow initialized
2025-02-19 00:41:01,741 [DEBUG] KartenWarp: Getting dark mode stylesheet
2025-02-19 00:41:01,767 [DEBUG] KartenWarp: DetachedWindow initialized
2025-02-19 00:41:01,767 [DEBUG] KartenWarp: Getting dark mode stylesheet
2025-02-19 00:41:01,769 [DEBUG] KartenWarp: DetachedWindow initialized
2025-02-19 00:41:01,769 [DEBUG] KartenWarp: Getting dark mode stylesheet
2025-02-19 00:41:01,801 [INFO] KartenWarp: Entered detached mode
2025-02-19 00:41:01,801 [DEBUG] KartenWarp: Mode toggled to 分離モード
2025-02-19 00:41:01,801 [INFO] KartenWarp: DetachedWindow closed and mode toggled
2025-02-19 00:41:01,803 [INFO] KartenWarp: User confirmed exit. Closing application.
2025-02-19 00:41:01,810 [DEBUG] KartenWarp: SceneState.__init__
2025-02-19 00:41:01,810 [DEBUG] KartenWarp: InteractiveScene initialized for game
2025-02-19 00:41:01,810 [DEBUG] KartenWarp: FeaturePointPresenter: Refreshing UI items.
2025-02-19 00:41:01,836 [DEBUG] KartenWarp: Updating game points: [[50, 50]]
2025-02-19 00:41:01,836 [DEBUG] KartenWarp: FeaturePointPresenter: Refreshing UI items.
2025-02-19 00:41:01,836 [DEBUG] KartenWarp: Updating game points: [[50, 50], [100, 100]]
2025-02-19 00:41:01,836 [DEBUG] KartenWarp: HistoryDialog initialized
2025-02-19 00:41:01,837 [DEBUG] KartenWarp: Refreshing history dialog
2025-02-19 00:41:01,861 [DEBUG] KartenWarp: Active scene set
2025-02-19 00:41:01,862 [DEBUG] KartenWarp: Active scene set
2025-02-19 00:41:01,863 [DEBUG] KartenWarp: Active scene set
2025-02-19 00:41:01,863 [DEBUG] KartenWarp: Active scene set
2025-02-19 00:41:01,863 [DEBUG] KartenWarp: Active scene set
2025-02-19 00:41:01,863 [DEBUG] KartenWarp: Active scene set
2025-02-19 00:41:02,074 [DEBUG] KartenWarp: SceneState.__init__
2025-02-19 00:41:02,074 [DEBUG] KartenWarp: InteractiveScene initialized for game
2025-02-19 00:41:02,074 [DEBUG] KartenWarp: FeaturePointPresenter: Refreshing UI items.
2025-02-19 00:41:02,075 [DEBUG] KartenWarp: Updating game points: [[50, 50]]
2025-02-19 00:41:02,075 [DEBUG] KartenWarp: FeaturePointPresenter: Refreshing UI items.
2025-02-19 00:41:02,075 [DEBUG] KartenWarp: Updating game points: [[50, 50], [100, 100]]
2025-02-19 00:41:02,075 [DEBUG] KartenWarp: HistoryDialog initialized
2025-02-19 00:41:02,076 [DEBUG] KartenWarp: Refreshing history dialog
2025-02-19 00:41:02,094 [DEBUG] KartenWarp: Active scene set
2025-02-19 00:41:02,295 [DEBUG] KartenWarp: FeaturePointPresenter: Refreshing UI items.
2025-02-19 00:41:02,296 [DEBUG] KartenWarp: Updating game points: [[50, 50]]
2025-02-19 00:41:02,296 [DEBUG] KartenWarp: FeaturePointPresenter: Refreshing UI items.
2025-02-19 00:41:02,296 [DEBUG] KartenWarp: Updating game points: [[50, 50]]
2025-02-19 00:41:02,296 [DEBUG] KartenWarp: Refreshing history dialog
2025-02-19 00:41:02,296 [DEBUG] KartenWarp: Jumped to history index 0
2025-02-19 00:41:02,308 [DEBUG] KartenWarp: SceneState.__init__
2025-02-19 00:41:02,308 [DEBUG] KartenWarp: InteractiveScene initialized for game
2025-02-19 00:41:02,308 [DEBUG] KartenWarp: InteractiveScene initialized for real
2025-02-19 00:41:02,308 [DEBUG] KartenWarp: InteractiveView.__init__
2025-02-19 00:41:02,309 [DEBUG] KartenWarp: InteractiveView.__init__
2025-02-19 00:41:02,311 [DEBUG] KartenWarp: Menus created
2025-02-19 00:41:02,311 [DEBUG] KartenWarp: MainWindow initialized
2025-02-19 00:41:02,311 [DEBUG] KartenWarp: Getting dark mode stylesheet
2025-02-19 00:41:02,345 [DEBUG] KartenWarp: Setting image in scene
2025-02-19 00:41:02,345 [DEBUG] KartenWarp: Active scene set
2025-02-19 00:41:02,346 [DEBUG] KartenWarp: Active scene set
2025-02-19 00:41:02,361 [DEBUG] KartenWarp: Updating game points: []
2025-02-19 00:41:02,363 [DEBUG] KartenWarp: Setting image in scene
2025-02-19 00:41:02,367 [DEBUG] KartenWarp: Updating real points: []
2025-02-19 00:41:02,368 [DEBUG] KartenWarp: FeaturePointPresenter: Refreshing UI items.
2025-02-19 00:41:02,368 [DEBUG] KartenWarp: Updating game points: [[10, 10]]
2025-02-19 00:41:02,368 [DEBUG] KartenWarp: FeaturePointPresenter: Refreshing UI items.
2025-02-19 00:41:02,368 [DEBUG] KartenWarp: Updating game points: [[10, 10], [20, 25]]
2025-02-19 00:41:02,368 [DEBUG] KartenWarp: FeaturePointPresenter: Refreshing UI items.
2025-02-19 00:41:02,369 [DEBUG] KartenWarp: Updating game points: [[10, 10], [20, 25], [30, 30]]
2025-02-19 00:41:02,369 [DEBUG] KartenWarp: FeaturePointPresenter: Refreshing UI items.
2025-02-19 00:41:02,369 [DEBUG] KartenWarp: Updating real points: [[15, 15]]
2025-02-19 00:41:02,369 [DEBUG] KartenWarp: FeaturePointPresenter: Refreshing UI items.
2025-02-19 00:41:02,369 [DEBUG] KartenWarp: Updating real points: [[15, 15], [25, 28]]
2025-02-19 00:41:02,369 [DEBUG] KartenWarp: FeaturePointPresenter: Refreshing UI items.
2025-02-19 00:41:02,369 [DEBUG] KartenWarp: Updating real points: [[15, 15], [25, 28], [35, 35]]
2025-02-19 00:41:02,369 [DEBUG] KartenWarp.Transform: Starting perform_tps_transform
2025-02-19 00:41:02,370 [DEBUG] KartenWarp.Transform: Starting perform_transformation
2025-02-19 00:41:02,370 [DEBUG] KartenWarp: Converting QImage to NumPy array
2025-02-19 00:41:02,370 [DEBUG] KartenWarp.Transform: Computing TPS parameters
2025-02-19 00:41:02,370 [DEBUG] KartenWarp.Transform: Adaptive enabled: adjusted reg_lambda = 0.4166666666666667
2025-02-19 00:41:02,370 [DEBUG] KartenWarp.Transform: TPS parameters computed
2025-02-19 00:41:02,370 [DEBUG] KartenWarp.Transform: Applying TPS warp
2025-02-19 00:41:02,371 [DEBUG] KartenWarp.Transform: TPS warp applied
2025-02-19 00:41:02,371 [DEBUG] KartenWarp.Transform: Transformation performed successfully
2025-02-19 00:41:02,374 [INFO] KartenWarp.Transform: TPS transform completed successfully
2025-02-19 00:41:02,374 [DEBUG] KartenWarp: Initializing ResultWindow
2025-02-19 00:41:02,374 [DEBUG] KartenWarp: Getting dark mode stylesheet
2025-02-19 00:41:02,391 [INFO] KartenWarp: TPS transformation executed successfully
2025-02-19 00:41:02,393 [INFO] KartenWarp: User confirmed exit. Closing application.
2025-02-19 00:41:02,413 [DEBUG] KartenWarp: SceneState.__init__
2025-02-19 00:41:02,414 [DEBUG] KartenWarp: InteractiveScene initialized for game
2025-02-19 00:41:02,414 [DEBUG] KartenWarp: FeaturePointPresenter: Refreshing UI items.
2025-02-19 00:41:02,414 [DEBUG] KartenWarp: Updating game points: [[100, 200]]
2025-02-19 00:41:02,414 [DEBUG] KartenWarp: FeaturePointPresenter: Refreshing UI items.
2025-02-19 00:41:02,415 [DEBUG] KartenWarp: Updating game points: [[100, 200], [300, 400]]
2025-02-19 00:41:02,415 [DEBUG] KartenWarp: SceneState.__init__
2025-02-19 00:41:02,415 [DEBUG] KartenWarp: InteractiveScene initialized for game
2025-02-19 00:41:02,415 [DEBUG] KartenWarp: FeaturePointPresenter: Refreshing UI items.
2025-02-19 00:41:02,416 [DEBUG] KartenWarp: Updating game points: [[10, 20]]
2025-02-19 00:41:02,416 [DEBUG] KartenWarp: FeaturePointPresenter: Refreshing UI items.
2025-02-19 00:41:02,416 [DEBUG] KartenWarp: Updating game points: []
2025-02-19 00:41:02,416 [DEBUG] KartenWarp: FeaturePointPresenter: Refreshing UI items.
2025-02-19 00:41:02,416 [DEBUG] KartenWarp: Updating game points: [[10, 20]]
2025-02-19 00:41:02,416 [DEBUG] KartenWarp: FeaturePointPresenter: Refreshing UI items.
2025-02-19 00:41:02,416 [DEBUG] KartenWarp: Updating game points: [[100, 200]]
2025-02-19 00:41:02,417 [DEBUG] KartenWarp: SceneState.__init__
2025-02-19 00:41:02,417 [DEBUG] KartenWarp: InteractiveScene initialized for game
2025-02-19 00:41:02,417 [DEBUG] KartenWarp: Setting image in scene
2025-02-19 00:41:02,417 [DEBUG] KartenWarp: Updating game points: []
2025-02-19 00:41:02,417 [DEBUG] KartenWarp: SceneState.__init__
2025-02-19 00:41:02,417 [DEBUG] KartenWarp: InteractiveScene initialized for game
2025-02-19 00:41:02,417 [DEBUG] KartenWarp: FeaturePointPresenter: Refreshing UI items.
2025-02-19 00:41:02,418 [DEBUG] KartenWarp: Updating game points: [[10, 20]]
2025-02-19 00:41:02,418 [DEBUG] KartenWarp: FeaturePointPresenter: Refreshing UI items.
2025-02-19 00:41:02,418 [DEBUG] KartenWarp: Updating game points: [[10, 20], [30, 40]]
2025-02-19 00:41:02,418 [DEBUG] KartenWarp: FeaturePointPresenter: Refreshing UI items.
2025-02-19 00:41:02,419 [DEBUG] KartenWarp: Updating game points: [[10, 20], [30, 40], [50, 60]]
2025-02-19 00:41:02,419 [DEBUG] KartenWarp: FeaturePointPresenter: Refreshing UI items.
2025-02-19 00:41:02,420 [DEBUG] KartenWarp: Updating game points: [[10, 20], [30, 40]]
2025-02-19 00:41:02,420 [DEBUG] KartenWarp: FeaturePointPresenter: Refreshing UI items.
2025-02-19 00:41:02,423 [DEBUG] KartenWarp: Updating game points: [[10, 20]]
2025-02-19 00:41:02,423 [DEBUG] KartenWarp: FeaturePointPresenter: Refreshing UI items.
2025-02-19 00:41:02,424 [DEBUG] KartenWarp: Updating game points: [[10, 20], [30, 40]]
2025-02-19 00:41:02,424 [DEBUG] KartenWarp: FeaturePointPresenter: Refreshing UI items.
2025-02-19 00:41:02,425 [DEBUG] KartenWarp: Updating game points: [[10, 20], [30, 40], [50, 60]]
2025-02-19 00:41:02,425 [DEBUG] KartenWarp: SceneState.__init__
2025-02-19 00:41:02,425 [DEBUG] KartenWarp: InteractiveScene initialized for game
2025-02-19 00:41:02,426 [DEBUG] KartenWarp: InteractiveView.__init__
2025-02-19 00:41:02,483 [DEBUG] KartenWarp: Panning started
2025-02-19 00:41:02,484 [DEBUG] KartenWarp: Panning ended
2025-02-19 00:41:02,497 [DEBUG] KartenWarp: SceneState.__init__
2025-02-19 00:41:02,497 [DEBUG] KartenWarp: InteractiveScene initialized for game
2025-02-19 00:41:02,498 [DEBUG] KartenWarp: InteractiveView.__init__
2025-02-19 00:41:02,560 [DEBUG] KartenWarp: Zoom factor set to 1.15
2025-02-19 00:41:02,576 [ERROR] KartenWarp: Error loading localization; falling back to Japanese
Traceback (most recent call last):
  File "C:\Github\TR_mod\.tools\KartenWarp\dev\kartenwarp\localization.py", line 66, in load_localization
    with open(file_path, "r", encoding="utf-8") as f:
         ^^^^^^^^^^^^^^^^^^^^^^^^^^^^^^^^^^^^^^
  File "C:\Program Files\WindowsApps\PythonSoftwareFoundation.Python.3.11_3.11.2544.0_x64__qbz5n2kfra8p0\Lib\unittest\mock.py", line 1124, in __call__
    return self._mock_call(*args, **kwargs)
           ^^^^^^^^^^^^^^^^^^^^^^^^^^^^^^^^
  File "C:\Program Files\WindowsApps\PythonSoftwareFoundation.Python.3.11_3.11.2544.0_x64__qbz5n2kfra8p0\Lib\unittest\mock.py", line 1128, in _mock_call
    return self._execute_mock_call(*args, **kwargs)
           ^^^^^^^^^^^^^^^^^^^^^^^^^^^^^^^^^^^^^^^^
  File "C:\Program Files\WindowsApps\PythonSoftwareFoundation.Python.3.11_3.11.2544.0_x64__qbz5n2kfra8p0\Lib\unittest\mock.py", line 1183, in _execute_mock_call
    raise effect
ValueError: JSON Decode Error
2025-02-19 00:41:02,578 [ERROR] KartenWarp: Error loading fallback localization. Using minimal built-in fallback.
Traceback (most recent call last):
  File "C:\Github\TR_mod\.tools\KartenWarp\dev\kartenwarp\localization.py", line 78, in load_localization
    with open(fallback_path, "r", encoding="utf-8") as f:
         ^^^^^^^^^^^^^^^^^^^^^^^^^^^^^^^^^^^^^^^^^^
  File "C:\Program Files\WindowsApps\PythonSoftwareFoundation.Python.3.11_3.11.2544.0_x64__qbz5n2kfra8p0\Lib\unittest\mock.py", line 1124, in __call__
    return self._mock_call(*args, **kwargs)
           ^^^^^^^^^^^^^^^^^^^^^^^^^^^^^^^^
  File "C:\Program Files\WindowsApps\PythonSoftwareFoundation.Python.3.11_3.11.2544.0_x64__qbz5n2kfra8p0\Lib\unittest\mock.py", line 1128, in _mock_call
    return self._execute_mock_call(*args, **kwargs)
           ^^^^^^^^^^^^^^^^^^^^^^^^^^^^^^^^^^^^^^^^
  File "C:\Program Files\WindowsApps\PythonSoftwareFoundation.Python.3.11_3.11.2544.0_x64__qbz5n2kfra8p0\Lib\unittest\mock.py", line 1183, in _execute_mock_call
    raise effect
  File "C:\Github\TR_mod\.tools\KartenWarp\dev\kartenwarp\localization.py", line 66, in load_localization
    with open(file_path, "r", encoding="utf-8") as f:
         ^^^^^^^^^^^^^^^^^^^^^^^^^^^^^^^^^^^^^^
  File "C:\Program Files\WindowsApps\PythonSoftwareFoundation.Python.3.11_3.11.2544.0_x64__qbz5n2kfra8p0\Lib\unittest\mock.py", line 1124, in __call__
    return self._mock_call(*args, **kwargs)
           ^^^^^^^^^^^^^^^^^^^^^^^^^^^^^^^^
  File "C:\Program Files\WindowsApps\PythonSoftwareFoundation.Python.3.11_3.11.2544.0_x64__qbz5n2kfra8p0\Lib\unittest\mock.py", line 1128, in _mock_call
    return self._execute_mock_call(*args, **kwargs)
           ^^^^^^^^^^^^^^^^^^^^^^^^^^^^^^^^^^^^^^^^
  File "C:\Program Files\WindowsApps\PythonSoftwareFoundation.Python.3.11_3.11.2544.0_x64__qbz5n2kfra8p0\Lib\unittest\mock.py", line 1183, in _execute_mock_call
    raise effect
ValueError: JSON Decode Error
2025-02-19 00:41:02,653 [ERROR] KartenWarp: Error loading localization; falling back to Japanese
Traceback (most recent call last):
  File "C:\Github\TR_mod\.tools\KartenWarp\dev\kartenwarp\localization.py", line 66, in load_localization
    with open(file_path, "r", encoding="utf-8") as f:
         ^^^^^^^^^^^^^^^^^^^^^^^^^^^^^^^^^^^^^^
  File "C:\Program Files\WindowsApps\PythonSoftwareFoundation.Python.3.11_3.11.2544.0_x64__qbz5n2kfra8p0\Lib\unittest\mock.py", line 1124, in __call__
    return self._mock_call(*args, **kwargs)
           ^^^^^^^^^^^^^^^^^^^^^^^^^^^^^^^^
  File "C:\Program Files\WindowsApps\PythonSoftwareFoundation.Python.3.11_3.11.2544.0_x64__qbz5n2kfra8p0\Lib\unittest\mock.py", line 1128, in _mock_call
    return self._execute_mock_call(*args, **kwargs)
           ^^^^^^^^^^^^^^^^^^^^^^^^^^^^^^^^^^^^^^^^
  File "C:\Program Files\WindowsApps\PythonSoftwareFoundation.Python.3.11_3.11.2544.0_x64__qbz5n2kfra8p0\Lib\unittest\mock.py", line 1183, in _execute_mock_call
    raise effect
FileNotFoundError
2025-02-19 00:41:02,654 [ERROR] KartenWarp: Error loading fallback localization. Using minimal built-in fallback.
Traceback (most recent call last):
  File "C:\Github\TR_mod\.tools\KartenWarp\dev\kartenwarp\localization.py", line 66, in load_localization
    with open(file_path, "r", encoding="utf-8") as f:
         ^^^^^^^^^^^^^^^^^^^^^^^^^^^^^^^^^^^^^^
  File "C:\Program Files\WindowsApps\PythonSoftwareFoundation.Python.3.11_3.11.2544.0_x64__qbz5n2kfra8p0\Lib\unittest\mock.py", line 1124, in __call__
    return self._mock_call(*args, **kwargs)
           ^^^^^^^^^^^^^^^^^^^^^^^^^^^^^^^^
  File "C:\Program Files\WindowsApps\PythonSoftwareFoundation.Python.3.11_3.11.2544.0_x64__qbz5n2kfra8p0\Lib\unittest\mock.py", line 1128, in _mock_call
    return self._execute_mock_call(*args, **kwargs)
           ^^^^^^^^^^^^^^^^^^^^^^^^^^^^^^^^^^^^^^^^
  File "C:\Program Files\WindowsApps\PythonSoftwareFoundation.Python.3.11_3.11.2544.0_x64__qbz5n2kfra8p0\Lib\unittest\mock.py", line 1183, in _execute_mock_call
    raise effect
FileNotFoundError

During handling of the above exception, another exception occurred:

Traceback (most recent call last):
  File "C:\Github\TR_mod\.tools\KartenWarp\dev\kartenwarp\localization.py", line 78, in load_localization
    with open(fallback_path, "r", encoding="utf-8") as f:
         ^^^^^^^^^^^^^^^^^^^^^^^^^^^^^^^^^^^^^^^^^^
  File "C:\Program Files\WindowsApps\PythonSoftwareFoundation.Python.3.11_3.11.2544.0_x64__qbz5n2kfra8p0\Lib\unittest\mock.py", line 1124, in __call__
    return self._mock_call(*args, **kwargs)
           ^^^^^^^^^^^^^^^^^^^^^^^^^^^^^^^^
  File "C:\Program Files\WindowsApps\PythonSoftwareFoundation.Python.3.11_3.11.2544.0_x64__qbz5n2kfra8p0\Lib\unittest\mock.py", line 1128, in _mock_call
    return self._execute_mock_call(*args, **kwargs)
           ^^^^^^^^^^^^^^^^^^^^^^^^^^^^^^^^^^^^^^^^
  File "C:\Program Files\WindowsApps\PythonSoftwareFoundation.Python.3.11_3.11.2544.0_x64__qbz5n2kfra8p0\Lib\unittest\mock.py", line 1183, in _execute_mock_call
    raise effect
FileNotFoundError
2025-02-19 00:41:02,660 [DEBUG] KartenWarp: SceneState.__init__
2025-02-19 00:41:02,661 [DEBUG] KartenWarp: InteractiveScene initialized for game
2025-02-19 00:41:02,661 [DEBUG] KartenWarp: InteractiveScene initialized for real
2025-02-19 00:41:02,661 [DEBUG] KartenWarp: InteractiveView.__init__
2025-02-19 00:41:02,661 [DEBUG] KartenWarp: InteractiveView.__init__
2025-02-19 00:41:02,663 [DEBUG] KartenWarp: Menus created
2025-02-19 00:41:02,663 [DEBUG] KartenWarp: MainWindow initialized
2025-02-19 00:41:02,663 [DEBUG] KartenWarp: Getting dark mode stylesheet
2025-02-19 00:41:02,687 [INFO] KartenWarp: Game image loading cancelled
2025-02-19 00:41:02,688 [INFO] KartenWarp: User confirmed exit. Closing application.
2025-02-19 00:41:02,703 [DEBUG] KartenWarp: SceneState.__init__
2025-02-19 00:41:02,703 [DEBUG] KartenWarp: InteractiveScene initialized for game
2025-02-19 00:41:02,703 [DEBUG] KartenWarp: InteractiveScene initialized for real
2025-02-19 00:41:02,705 [DEBUG] KartenWarp: InteractiveView.__init__
2025-02-19 00:41:02,707 [DEBUG] KartenWarp: InteractiveView.__init__
2025-02-19 00:41:02,711 [DEBUG] KartenWarp: Menus created
2025-02-19 00:41:02,711 [DEBUG] KartenWarp: MainWindow initialized
2025-02-19 00:41:02,711 [DEBUG] KartenWarp: Getting dark mode stylesheet
2025-02-19 00:41:02,757 [DEBUG] KartenWarp: OptionsDialog initialized
2025-02-19 00:41:02,767 [DEBUG] KartenWarp: Menus created
2025-02-19 00:41:02,767 [DEBUG] KartenWarp: Getting dark mode stylesheet
2025-02-19 00:41:02,772 [DEBUG] KartenWarp: Options dialog accepted and settings updated
2025-02-19 00:41:02,772 [INFO] KartenWarp: User confirmed exit. Closing application.
2025-02-19 00:41:02,787 [DEBUG] KartenWarp: SceneState.__init__
2025-02-19 00:41:02,788 [DEBUG] KartenWarp: InteractiveScene initialized for game
2025-02-19 00:41:02,788 [DEBUG] KartenWarp: InteractiveScene initialized for real
2025-02-19 00:41:02,788 [DEBUG] KartenWarp: InteractiveView.__init__
2025-02-19 00:41:02,789 [DEBUG] KartenWarp: InteractiveView.__init__
2025-02-19 00:41:02,792 [DEBUG] KartenWarp: Menus created
2025-02-19 00:41:02,792 [DEBUG] KartenWarp: MainWindow initialized
2025-02-19 00:41:02,792 [DEBUG] KartenWarp: Getting dark mode stylesheet
2025-02-19 00:41:02,834 [DEBUG] KartenWarp: DetachedWindow initialized
2025-02-19 00:41:02,834 [DEBUG] KartenWarp: Getting dark mode stylesheet
2025-02-19 00:41:02,836 [DEBUG] KartenWarp: DetachedWindow initialized
2025-02-19 00:41:02,836 [DEBUG] KartenWarp: Getting dark mode stylesheet
2025-02-19 00:41:02,877 [INFO] KartenWarp: Entered detached mode
2025-02-19 00:41:02,877 [DEBUG] KartenWarp: Mode toggled to 分離モード
2025-02-19 00:41:02,877 [DEBUG] KartenWarp: DetachedWindow forced close, skipping confirm dialog
2025-02-19 00:41:02,881 [DEBUG] KartenWarp: DetachedWindow force closed
2025-02-19 00:41:02,884 [DEBUG] KartenWarp: DetachedWindow forced close, skipping confirm dialog
2025-02-19 00:41:02,891 [DEBUG] KartenWarp: DetachedWindow force closed
2025-02-19 00:41:02,900 [INFO] KartenWarp: Returned to integrated mode
2025-02-19 00:41:02,901 [DEBUG] KartenWarp: Mode toggled to 統合モード
2025-02-19 00:41:02,901 [INFO] KartenWarp: User confirmed exit. Closing application.
2025-02-19 00:41:02,906 [DEBUG] KartenWarp: SceneState.__init__
2025-02-19 00:41:02,906 [DEBUG] KartenWarp: InteractiveScene initialized for game
2025-02-19 00:41:02,906 [DEBUG] KartenWarp: InteractiveScene initialized for real
2025-02-19 00:41:02,907 [DEBUG] KartenWarp: InteractiveView.__init__
2025-02-19 00:41:02,907 [DEBUG] KartenWarp: InteractiveView.__init__
2025-02-19 00:41:02,909 [DEBUG] KartenWarp: Menus created
2025-02-19 00:41:02,909 [DEBUG] KartenWarp: MainWindow initialized
2025-02-19 00:41:02,909 [DEBUG] KartenWarp: Getting dark mode stylesheet
2025-02-19 00:41:02,929 [INFO] KartenWarp: User confirmed exit. Closing application.
2025-02-19 00:41:02,939 [DEBUG] KartenWarp: OptionsDialog initialized
2025-02-19 00:41:02,940 [DEBUG] KartenWarp: OptionsDialog accept triggered
2025-02-19 00:41:02,941 [ERROR] KartenWarp: TPS regularization parameter invalid
Traceback (most recent call last):
  File "C:\Github\TR_mod\.tools\KartenWarp\dev\kartenwarp\ui\options_dialog.py", line 111, in accept
    raise ValueError("Regularization parameter must be positive.")
ValueError: Regularization parameter must be positive.
2025-02-19 00:41:02,943 [DEBUG] KartenWarp: SceneState.__init__
2025-02-19 00:41:02,943 [DEBUG] KartenWarp: Updating game points: [[10, 20], [30, 40]]
2025-02-19 00:41:02,943 [DEBUG] KartenWarp: Updating real points: [[50, 60], [70, 80]]
2025-02-19 00:41:02,943 [DEBUG] KartenWarp: Saving project to C:\Users\I_kor\AppData\Local\Temp\tmp82blgctg\test_project.kwproj
2025-02-19 00:41:02,944 [INFO] KartenWarp: Project saved successfully: C:\Users\I_kor\AppData\Local\Temp\tmp82blgctg\test_project.kwproj
2025-02-19 00:41:02,944 [DEBUG] KartenWarp: Loading project from C:\Users\I_kor\AppData\Local\Temp\tmp82blgctg\test_project.kwproj
2025-02-19 00:41:02,945 [INFO] KartenWarp: Project loaded successfully: C:\Users\I_kor\AppData\Local\Temp\tmp82blgctg\test_project.kwproj
2025-02-19 00:41:02,946 [DEBUG] KartenWarp: SceneState.__init__
2025-02-19 00:41:02,946 [DEBUG] KartenWarp: Saving project to C:\Users\I_kor\AppData\Local\Temp\tmpxdyx7gh9\test_project.kwproj
2025-02-19 00:41:02,947 [INFO] KartenWarp: Project saved successfully: C:\Users\I_kor\AppData\Local\Temp\tmpxdyx7gh9\test_project.kwproj
2025-02-19 00:41:02,947 [DEBUG] KartenWarp: Loading project from C:\Users\I_kor\AppData\Local\Temp\tmpxdyx7gh9\test_project.kwproj
2025-02-19 00:41:02,956 [INFO] KartenWarp: Project loaded successfully: C:\Users\I_kor\AppData\Local\Temp\tmpxdyx7gh9\test_project.kwproj
2025-02-19 00:41:02,957 [DEBUG] KartenWarp: Initializing ResultWindow
2025-02-19 00:41:02,957 [DEBUG] KartenWarp: Getting dark mode stylesheet
2025-02-19 00:41:02,977 [DEBUG] KartenWarp: Active scene set
2025-02-19 00:41:02,977 [DEBUG] KartenWarp: Active scene set
2025-02-19 00:41:02,998 [INFO] KartenWarp: Export cancelled by user
2025-02-19 00:41:04,214 [INFO] KartenWarp: Exported scene to C:/temp/dummy_export.png
2025-02-19 00:41:04,331 [DEBUG] KartenWarp: Initializing ResultWindow
2025-02-19 00:41:04,331 [DEBUG] KartenWarp: Getting dark mode stylesheet
2025-02-19 00:41:04,410 [DEBUG] KartenWarp: SceneState.__init__
2025-02-19 00:41:04,410 [DEBUG] KartenWarp: InteractiveScene initialized for game
2025-02-19 00:41:04,410 [DEBUG] KartenWarp: InteractiveScene initialized for real
2025-02-19 00:41:04,410 [DEBUG] KartenWarp: Updating game points: [[10, 10], [20, 20], [30, 30]]
2025-02-19 00:41:04,410 [DEBUG] KartenWarp: Updating real points: [[10, 10], [20, 20], [30, 30]]
2025-02-19 00:41:04,411 [DEBUG] KartenWarp.Transform: Starting perform_transformation
2025-02-19 00:41:04,411 [DEBUG] KartenWarp: Converting QImage to NumPy array
2025-02-19 00:41:04,411 [DEBUG] KartenWarp.Transform: Computing TPS parameters
2025-02-19 00:41:04,411 [DEBUG] KartenWarp: SceneState.__init__
2025-02-19 00:41:04,412 [DEBUG] KartenWarp: InteractiveScene initialized for game
2025-02-19 00:41:04,412 [DEBUG] KartenWarp: InteractiveScene initialized for real
2025-02-19 00:41:04,412 [DEBUG] KartenWarp: Updating game points: [[10, 10], [20, 20], [30, 30]]
2025-02-19 00:41:04,412 [DEBUG] KartenWarp: Updating real points: [[10, 10], [20, 20], [30, 30]]
2025-02-19 00:41:04,412 [DEBUG] KartenWarp.Transform: Starting perform_tps_transform
2025-02-19 00:41:04,412 [ERROR] KartenWarp.Transform: Game image not loaded
2025-02-19 00:41:04,413 [DEBUG] KartenWarp: Getting dark mode stylesheet
2025-02-19 00:41:04,413 [DEBUG] KartenWarp.Transform: Starting perform_transformation
2025-02-19 00:41:04,413 [DEBUG] KartenWarp: Converting QImage to NumPy array
2025-02-19 00:41:04,413 [DEBUG] KartenWarp.Transform: Computing TPS parameters
2025-02-19 00:41:04,414 [DEBUG] KartenWarp.Transform: Adaptive enabled: adjusted reg_lambda = 8.533333333333335
2025-02-19 00:41:04,414 [DEBUG] KartenWarp.Transform: TPS parameters computed
2025-02-19 00:41:04,414 [DEBUG] KartenWarp.Transform: Applying TPS warp
2025-02-19 00:41:04,415 [DEBUG] KartenWarp.Transform: TPS warp applied
2025-02-19 00:41:04,415 [DEBUG] KartenWarp.Transform: Transformation performed successfully
2025-02-19 00:41:04,415 [DEBUG] KartenWarp.Transform: Starting perform_transformation
2025-02-19 00:41:04,415 [ERROR] KartenWarp.Transform: Insufficient correspondence points
2025-02-19 00:41:04,416 [DEBUG] KartenWarp.Transform: Starting perform_transformation
2025-02-19 00:41:04,416 [DEBUG] KartenWarp: Converting QImage to NumPy array
2025-02-19 00:41:04,416 [DEBUG] KartenWarp.Transform: Computing TPS parameters
2025-02-19 00:41:04,416 [DEBUG] KartenWarp.Transform: TPS parameters computed
2025-02-19 00:41:04,416 [DEBUG] KartenWarp.Transform: Applying TPS warp
2025-02-19 00:41:04,417 [DEBUG] KartenWarp.Transform: TPS warp applied
2025-02-19 00:41:04,417 [DEBUG] KartenWarp.Transform: Transformation performed successfully
2025-02-19 00:41:04,418 [DEBUG] KartenWarp: Exporting scene to C:\Users\I_kor\AppData\Local\Temp\tmpxf_xnu2p
2025-02-19 00:41:04,420 [INFO] KartenWarp: Scene exported as C:\Users\I_kor\AppData\Local\Temp\tmpxf_xnu2p\exported_scene.png
2025-02-19 00:41:04,423 [DEBUG] KartenWarp: Exporting scene to C:\Users\I_kor\AppData\Local\Temp\tmpcyy19zfh
2025-02-19 00:41:04,425 [INFO] KartenWarp: Scene exported as C:\Users\I_kor\AppData\Local\Temp\tmpcyy19zfh\exported_scene_1.png
2025-02-19 00:41:04,430 [DEBUG] KartenWarp: Exporting scene to C:\Users\I_kor\AppData\Local\Temp\tmp4ekh8jlr\test_export.png
2025-02-19 00:41:04,432 [INFO] KartenWarp: Scene exported as C:\Users\I_kor\AppData\Local\Temp\tmp4ekh8jlr\test_export.png
2025-02-19 00:41:04,433 [DEBUG] KartenWarp: Converting QImage to NumPy array
