2025-02-19 00:41:02,369 [DEBUG] KartenWarp.Transform: Starting perform_tps_transform
2025-02-19 00:41:02,370 [DEBUG] KartenWarp.Transform: Starting perform_transformation
2025-02-19 00:41:02,370 [DEBUG] KartenWarp.Transform: Computing TPS parameters
2025-02-19 00:41:02,370 [DEBUG] KartenWarp.Transform: Adaptive enabled: adjusted reg_lambda = 0.4166666666666667
2025-02-19 00:41:02,370 [DEBUG] KartenWarp.Transform: TPS parameters computed
2025-02-19 00:41:02,370 [DEBUG] KartenWarp.Transform: Applying TPS warp
2025-02-19 00:41:02,371 [DEBUG] KartenWarp.Transform: TPS warp applied
2025-02-19 00:41:02,371 [DEBUG] KartenWarp.Transform: Transformation performed successfully
2025-02-19 00:41:02,374 [INFO] KartenWarp.Transform: TPS transform completed successfully
2025-02-19 00:41:04,411 [DEBUG] KartenWarp.Transform: Starting perform_transformation
2025-02-19 00:41:04,411 [DEBUG] KartenWarp.Transform: Computing TPS parameters
2025-02-19 00:41:04,412 [DEBUG] KartenWarp.Transform: Starting perform_tps_transform
2025-02-19 00:41:04,412 [ERROR] KartenWarp.Transform: Game image not loaded
2025-02-19 00:41:04,413 [DEBUG] KartenWarp.Transform: Starting perform_transformation
2025-02-19 00:41:04,413 [DEBUG] KartenWarp.Transform: Computing TPS parameters
2025-02-19 00:41:04,414 [DEBUG] KartenWarp.Transform: Adaptive enabled: adjusted reg_lambda = 8.533333333333335
2025-02-19 00:41:04,414 [DEBUG] KartenWarp.Transform: TPS parameters computed
2025-02-19 00:41:04,414 [DEBUG] KartenWarp.Transform: Applying TPS warp
2025-02-19 00:41:04,415 [DEBUG] KartenWarp.Transform: TPS warp applied
2025-02-19 00:41:04,415 [DEBUG] KartenWarp.Transform: Transformation performed successfully
2025-02-19 00:41:04,415 [DEBUG] KartenWarp.Transform: Starting perform_transformation
2025-02-19 00:41:04,415 [ERROR] KartenWarp.Transform: Insufficient correspondence points
2025-02-19 00:41:04,416 [DEBUG] KartenWarp.Transform: Starting perform_transformation
2025-02-19 00:41:04,416 [DEBUG] KartenWarp.Transform: Computing TPS parameters
2025-02-19 00:41:04,416 [DEBUG] KartenWarp.Transform: TPS parameters computed
2025-02-19 00:41:04,416 [DEBUG] KartenWarp.Transform: Applying TPS warp
2025-02-19 00:41:04,417 [DEBUG] KartenWarp.Transform: TPS warp applied
2025-02-19 00:41:04,417 [DEBUG] KartenWarp.Transform: Transformation performed successfully
