2025-02-18 14:19:12,102 [INFO] KartenWarp: Logging started in C:\Github\TR_mod\.tools\KartenWarp\dev\temp\run_20250218_141912
2025-02-18 14:19:12,102 [INFO] KartenWarp: Transformation logger configured
2025-02-18 14:19:12,117 [DEBUG] KartenWarp: Extracted 100 localization keys from source code.
2025-02-18 14:19:12,117 [DEBUG] KartenWarp: Updated de.json with 100 keys. Written to temp folder.
2025-02-18 14:19:12,117 [DEBUG] KartenWarp: Updated en.json with 100 keys. Written to temp folder.
2025-02-18 14:19:12,117 [DEBUG] KartenWarp: Updated ja.json with 100 keys. Written to temp folder.
2025-02-18 14:19:12,149 [DEBUG] KartenWarp: Loaded localization from C:\Github\TR_mod\.tools\KartenWarp\dev\temp\ja.json
2025-02-18 14:19:12,149 [DEBUG] KartenWarp: Initializing SceneState
2025-02-18 14:19:12,228 [DEBUG] KartenWarp: theme.py module loaded
2025-02-18 14:19:12,228 [DEBUG] KartenWarp: Starting application
2025-02-18 14:19:12,228 [DEBUG] KartenWarp: SceneState.__init__
2025-02-18 14:19:12,228 [DEBUG] KartenWarp: InteractiveScene initialized for game
2025-02-18 14:19:12,228 [DEBUG] KartenWarp: InteractiveScene initialized for real
2025-02-18 14:19:12,228 [DEBUG] KartenWarp: InteractiveView.__init__
2025-02-18 14:19:12,704 [DEBUG] KartenWarp: InteractiveView.__init__
2025-02-18 14:19:12,714 [DEBUG] KartenWarp: Menus created
2025-02-18 14:19:12,714 [DEBUG] KartenWarp: MainWindow initialized
2025-02-18 14:19:12,714 [DEBUG] KartenWarp: Getting dark mode stylesheet
2025-02-18 14:19:12,783 [INFO] KartenWarp: Main window shown; entering event loop
2025-02-18 14:19:12,783 [DEBUG] KartenWarp: Active scene set
2025-02-18 14:19:15,709 [DEBUG] KartenWarp: Active scene set
2025-02-18 14:19:15,727 [DEBUG] KartenWarp: Grid overlay toggled to False
2025-02-18 14:19:16,807 [DEBUG] KartenWarp: Active scene set
2025-02-18 14:19:16,813 [DEBUG] KartenWarp: Grid overlay toggled to True
2025-02-18 14:19:19,582 [DEBUG] KartenWarp: Active scene set
2025-02-18 14:19:21,054 [DEBUG] KartenWarp: Loading project from C:/Github/TR_mod/.tools/KartenWarp/dev/tester_project.kwproj
2025-02-18 14:19:21,054 [INFO] KartenWarp: Project loaded successfully: C:/Github/TR_mod/.tools/KartenWarp/dev/tester_project.kwproj
2025-02-18 14:19:21,054 [DEBUG] KartenWarp: Setting image in scene
2025-02-18 14:19:21,054 [DEBUG] KartenWarp: Active scene set
2025-02-18 14:19:21,054 [DEBUG] KartenWarp: Updating game points: []
2025-02-18 14:19:21,054 [DEBUG] KartenWarp: FeaturePointPresenter: Refreshing UI items.
2025-02-18 14:19:21,054 [DEBUG] KartenWarp: FeaturePointPresenter: Refreshing UI items.
2025-02-18 14:19:21,054 [DEBUG] KartenWarp: FeaturePointPresenter: Refreshing UI items.
2025-02-18 14:19:21,054 [DEBUG] KartenWarp: FeaturePointPresenter: Refreshing UI items.
2025-02-18 14:19:21,069 [DEBUG] KartenWarp: FeaturePointPresenter: Refreshing UI items.
2025-02-18 14:19:21,071 [DEBUG] KartenWarp: FeaturePointPresenter: Refreshing UI items.
2025-02-18 14:19:21,071 [DEBUG] KartenWarp: FeaturePointPresenter: Refreshing UI items.
2025-02-18 14:19:21,071 [DEBUG] KartenWarp: FeaturePointPresenter: Refreshing UI items.
2025-02-18 14:19:21,071 [DEBUG] KartenWarp: FeaturePointPresenter: Refreshing UI items.
2025-02-18 14:19:21,071 [DEBUG] KartenWarp: FeaturePointPresenter: Refreshing UI items.
2025-02-18 14:19:21,071 [DEBUG] KartenWarp: FeaturePointPresenter: Refreshing UI items.
2025-02-18 14:19:21,071 [DEBUG] KartenWarp: FeaturePointPresenter: Refreshing UI items.
2025-02-18 14:19:21,071 [DEBUG] KartenWarp: FeaturePointPresenter: Refreshing UI items.
2025-02-18 14:19:21,071 [DEBUG] KartenWarp: FeaturePointPresenter: Refreshing UI items.
2025-02-18 14:19:21,071 [DEBUG] KartenWarp: FeaturePointPresenter: Refreshing UI items.
2025-02-18 14:19:21,071 [DEBUG] KartenWarp: FeaturePointPresenter: Refreshing UI items.
2025-02-18 14:19:21,071 [DEBUG] KartenWarp: FeaturePointPresenter: Refreshing UI items.
2025-02-18 14:19:21,087 [DEBUG] KartenWarp: Setting image in scene
2025-02-18 14:19:21,100 [DEBUG] KartenWarp: Updating real points: []
2025-02-18 14:19:21,100 [DEBUG] KartenWarp: FeaturePointPresenter: Refreshing UI items.
2025-02-18 14:19:21,100 [DEBUG] KartenWarp: FeaturePointPresenter: Refreshing UI items.
2025-02-18 14:19:21,100 [DEBUG] KartenWarp: FeaturePointPresenter: Refreshing UI items.
2025-02-18 14:19:21,104 [DEBUG] KartenWarp: FeaturePointPresenter: Refreshing UI items.
2025-02-18 14:19:21,104 [DEBUG] KartenWarp: FeaturePointPresenter: Refreshing UI items.
2025-02-18 14:19:21,104 [DEBUG] KartenWarp: FeaturePointPresenter: Refreshing UI items.
2025-02-18 14:19:21,104 [DEBUG] KartenWarp: FeaturePointPresenter: Refreshing UI items.
2025-02-18 14:19:21,104 [DEBUG] KartenWarp: FeaturePointPresenter: Refreshing UI items.
2025-02-18 14:19:21,104 [DEBUG] KartenWarp: FeaturePointPresenter: Refreshing UI items.
2025-02-18 14:19:21,104 [DEBUG] KartenWarp: FeaturePointPresenter: Refreshing UI items.
2025-02-18 14:19:21,104 [DEBUG] KartenWarp: FeaturePointPresenter: Refreshing UI items.
2025-02-18 14:19:21,104 [DEBUG] KartenWarp: FeaturePointPresenter: Refreshing UI items.
2025-02-18 14:19:21,104 [DEBUG] KartenWarp: FeaturePointPresenter: Refreshing UI items.
2025-02-18 14:19:21,104 [DEBUG] KartenWarp: FeaturePointPresenter: Refreshing UI items.
2025-02-18 14:19:21,104 [DEBUG] KartenWarp: FeaturePointPresenter: Refreshing UI items.
2025-02-18 14:19:21,104 [DEBUG] KartenWarp: FeaturePointPresenter: Refreshing UI items.
2025-02-18 14:19:21,104 [DEBUG] KartenWarp: FeaturePointPresenter: Refreshing UI items.
2025-02-18 14:19:21,104 [INFO] KartenWarp: Project loaded successfully
2025-02-18 14:19:21,617 [DEBUG] KartenWarp: Zoom UI updated to 115.0%
2025-02-18 14:19:21,617 [DEBUG] KartenWarp: Zoom factor set to 1.15
2025-02-18 14:19:21,617 [DEBUG] KartenWarp: Zoom UI updated to 132.2%
2025-02-18 14:19:21,617 [DEBUG] KartenWarp: Zoom factor set to 1.3224999999999998
2025-02-18 14:19:21,633 [DEBUG] KartenWarp: Zoom UI updated to 152.1%
2025-02-18 14:19:21,633 [DEBUG] KartenWarp: Zoom factor set to 1.5208749999999995
2025-02-18 14:19:21,681 [DEBUG] KartenWarp: Zoom UI updated to 174.9%
2025-02-18 14:19:21,681 [DEBUG] KartenWarp: Zoom factor set to 1.7490062499999994
2025-02-18 14:19:24,618 [DEBUG] KartenWarp: Active scene set
2025-02-18 14:19:24,618 [DEBUG] KartenWarp: OptionsDialog initialized
2025-02-18 14:19:30,071 [DEBUG] KartenWarp: OptionsDialog accept triggered
2025-02-18 14:19:30,081 [DEBUG] KartenWarp: Loaded localization from C:\Github\TR_mod\.tools\KartenWarp\dev\temp\ja.json
2025-02-18 14:19:30,081 [DEBUG] KartenWarp: Language set to ja
2025-02-18 14:19:30,081 [DEBUG] KartenWarp: Options saved
2025-02-18 14:19:30,087 [DEBUG] KartenWarp: Active scene set
2025-02-18 14:19:30,088 [DEBUG] KartenWarp: Menus created
2025-02-18 14:19:30,088 [DEBUG] KartenWarp: Getting dark mode stylesheet
2025-02-18 14:19:30,092 [DEBUG] KartenWarp: Options dialog accepted and settings updated
2025-02-18 14:19:30,578 [DEBUG] KartenWarp: Zoom UI updated to 201.1%
2025-02-18 14:19:30,579 [DEBUG] KartenWarp: Zoom factor set to 2.0113571874999994
2025-02-18 14:19:30,585 [DEBUG] KartenWarp: Zoom UI updated to 231.3%
2025-02-18 14:19:30,585 [DEBUG] KartenWarp: Zoom factor set to 2.313060765624999
2025-02-18 14:19:30,603 [DEBUG] KartenWarp: Zoom UI updated to 266.0%
2025-02-18 14:19:30,603 [DEBUG] KartenWarp: Zoom factor set to 2.6600198804687487
2025-02-18 14:19:30,619 [DEBUG] KartenWarp: Zoom UI updated to 305.9%
2025-02-18 14:19:30,619 [DEBUG] KartenWarp: Zoom factor set to 3.0590228625390607
2025-02-18 14:19:30,652 [DEBUG] KartenWarp: Zoom UI updated to 351.8%
2025-02-18 14:19:30,652 [DEBUG] KartenWarp: Zoom factor set to 3.5178762919199196
2025-02-18 14:19:30,731 [DEBUG] KartenWarp: Zoom UI updated to 404.6%
2025-02-18 14:19:30,731 [DEBUG] KartenWarp: Zoom factor set to 4.0455577357079076
2025-02-18 14:19:31,443 [DEBUG] KartenWarp: Panning started
2025-02-18 14:19:31,639 [DEBUG] KartenWarp: Panning ended
2025-02-18 14:19:31,736 [DEBUG] KartenWarp: Zoom UI updated to 351.8%
2025-02-18 14:19:31,736 [DEBUG] KartenWarp: Zoom factor set to 3.51787629191992
2025-02-18 14:19:31,768 [DEBUG] KartenWarp: Zoom UI updated to 305.9%
2025-02-18 14:19:31,768 [DEBUG] KartenWarp: Zoom factor set to 3.059022862539061
2025-02-18 14:19:31,791 [DEBUG] KartenWarp: Zoom UI updated to 266.0%
2025-02-18 14:19:31,791 [DEBUG] KartenWarp: Zoom factor set to 2.660019880468749
2025-02-18 14:19:31,832 [DEBUG] KartenWarp: Zoom UI updated to 231.3%
2025-02-18 14:19:31,832 [DEBUG] KartenWarp: Zoom factor set to 2.3130607656249995
2025-02-18 14:19:32,262 [DEBUG] KartenWarp: Zoom UI updated to 201.1%
2025-02-18 14:19:32,262 [DEBUG] KartenWarp: Zoom factor set to 2.0113571875
2025-02-18 14:19:32,294 [DEBUG] KartenWarp: Zoom UI updated to 174.9%
2025-02-18 14:19:32,294 [DEBUG] KartenWarp: Zoom factor set to 1.74900625
2025-02-18 14:19:32,326 [DEBUG] KartenWarp: Zoom UI updated to 152.1%
2025-02-18 14:19:32,326 [DEBUG] KartenWarp: Zoom factor set to 1.5208750000000002
2025-02-18 14:19:32,357 [DEBUG] KartenWarp: Zoom UI updated to 132.3%
2025-02-18 14:19:32,357 [DEBUG] KartenWarp: Zoom factor set to 1.3225000000000002
2025-02-18 14:19:32,789 [DEBUG] KartenWarp: Zoom UI updated to 115.0%
2025-02-18 14:19:32,789 [DEBUG] KartenWarp: Zoom factor set to 1.1500000000000004
2025-02-18 14:19:32,801 [DEBUG] KartenWarp: Zoom UI updated to 100.0%
2025-02-18 14:19:32,801 [DEBUG] KartenWarp: Zoom factor set to 1.0000000000000004
2025-02-18 14:19:32,834 [DEBUG] KartenWarp: Zoom UI updated to 87.0%
2025-02-18 14:19:32,834 [DEBUG] KartenWarp: Zoom factor set to 0.8695652173913048
2025-02-18 14:19:32,930 [DEBUG] KartenWarp: Zoom UI updated to 75.6%
2025-02-18 14:19:32,930 [DEBUG] KartenWarp: Zoom factor set to 0.7561436672967868
2025-02-18 14:19:33,510 [DEBUG] KartenWarp: Zoom UI updated to 87.0%
2025-02-18 14:19:33,510 [DEBUG] KartenWarp: Zoom factor set to 0.8695652173913048
2025-02-18 14:19:33,526 [DEBUG] KartenWarp: Zoom UI updated to 100.0%
2025-02-18 14:19:33,526 [DEBUG] KartenWarp: Zoom factor set to 1.0000000000000004
2025-02-18 14:19:33,541 [DEBUG] KartenWarp: Zoom UI updated to 115.0%
2025-02-18 14:19:33,541 [DEBUG] KartenWarp: Zoom factor set to 1.1500000000000004
2025-02-18 14:19:33,558 [DEBUG] KartenWarp: Zoom UI updated to 132.3%
2025-02-18 14:19:33,558 [DEBUG] KartenWarp: Zoom factor set to 1.3225000000000002
2025-02-18 14:19:33,883 [DEBUG] KartenWarp: Zoom UI updated to 152.1%
2025-02-18 14:19:33,883 [DEBUG] KartenWarp: Zoom factor set to 1.5208750000000002
2025-02-18 14:19:33,899 [DEBUG] KartenWarp: Zoom UI updated to 174.9%
2025-02-18 14:19:33,899 [DEBUG] KartenWarp: Zoom factor set to 1.74900625
2025-02-18 14:19:33,899 [DEBUG] KartenWarp: Zoom UI updated to 201.1%
2025-02-18 14:19:33,899 [DEBUG] KartenWarp: Zoom factor set to 2.0113571875
2025-02-18 14:19:33,931 [DEBUG] KartenWarp: Zoom UI updated to 231.3%
2025-02-18 14:19:33,931 [DEBUG] KartenWarp: Zoom factor set to 2.3130607656249995
2025-02-18 14:19:33,963 [DEBUG] KartenWarp: Zoom UI updated to 266.0%
2025-02-18 14:19:33,963 [DEBUG] KartenWarp: Zoom factor set to 2.660019880468749
2025-02-18 14:19:34,250 [DEBUG] KartenWarp: Zoom UI updated to 305.9%
2025-02-18 14:19:34,250 [DEBUG] KartenWarp: Zoom factor set to 3.059022862539061
2025-02-18 14:19:34,274 [DEBUG] KartenWarp: Zoom UI updated to 351.8%
2025-02-18 14:19:34,275 [DEBUG] KartenWarp: Zoom factor set to 3.51787629191992
2025-02-18 14:19:34,282 [DEBUG] KartenWarp: Zoom UI updated to 404.6%
2025-02-18 14:19:34,282 [DEBUG] KartenWarp: Zoom factor set to 4.0455577357079076
2025-02-18 14:19:34,289 [DEBUG] KartenWarp: Zoom UI updated to 465.2%
2025-02-18 14:19:34,289 [DEBUG] KartenWarp: Zoom factor set to 4.652391396064093
2025-02-18 14:19:34,320 [DEBUG] KartenWarp: Zoom UI updated to 535.0%
2025-02-18 14:19:34,320 [DEBUG] KartenWarp: Zoom factor set to 5.350250105473707
2025-02-18 14:19:34,658 [DEBUG] KartenWarp: Zoom UI updated to 615.3%
2025-02-18 14:19:34,658 [DEBUG] KartenWarp: Zoom factor set to 6.152787621294762
2025-02-18 14:19:34,675 [DEBUG] KartenWarp: Zoom UI updated to 707.6%
2025-02-18 14:19:34,675 [DEBUG] KartenWarp: Zoom factor set to 7.075705764488976
2025-02-18 14:19:34,690 [DEBUG] KartenWarp: Zoom UI updated to 813.7%
2025-02-18 14:19:34,690 [DEBUG] KartenWarp: Zoom factor set to 8.137061629162321
2025-02-18 14:19:34,706 [DEBUG] KartenWarp: Zoom UI updated to 935.8%
2025-02-18 14:19:34,706 [DEBUG] KartenWarp: Zoom factor set to 9.35762087353667
2025-02-18 14:19:34,739 [DEBUG] KartenWarp: Zoom limit reached
2025-02-18 14:19:35,066 [DEBUG] KartenWarp: Zoom limit reached
2025-02-18 14:19:35,066 [DEBUG] KartenWarp: Zoom limit reached
2025-02-18 14:19:35,082 [DEBUG] KartenWarp: Zoom limit reached
2025-02-18 14:19:35,098 [DEBUG] KartenWarp: Zoom limit reached
2025-02-18 14:19:35,130 [DEBUG] KartenWarp: Zoom limit reached
2025-02-18 14:19:35,349 [DEBUG] KartenWarp: Panning started
2025-02-18 14:19:35,569 [DEBUG] KartenWarp: Panning ended
2025-02-18 14:19:35,792 [DEBUG] KartenWarp: Zoom limit reached
2025-02-18 14:19:35,792 [DEBUG] KartenWarp: Zoom limit reached
2025-02-18 14:19:35,808 [DEBUG] KartenWarp: Zoom limit reached
2025-02-18 14:19:35,828 [DEBUG] KartenWarp: Zoom limit reached
2025-02-18 14:19:35,864 [DEBUG] KartenWarp: Zoom limit reached
2025-02-18 14:19:35,910 [DEBUG] KartenWarp: Zoom limit reached
2025-02-18 14:19:36,038 [DEBUG] KartenWarp: Zoom UI updated to 813.7%
2025-02-18 14:19:36,054 [DEBUG] KartenWarp: Zoom factor set to 8.137061629162321
2025-02-18 14:19:36,054 [DEBUG] KartenWarp: Zoom UI updated to 707.6%
2025-02-18 14:19:36,054 [DEBUG] KartenWarp: Zoom factor set to 7.075705764488976
2025-02-18 14:19:36,070 [DEBUG] KartenWarp: Zoom UI updated to 615.3%
2025-02-18 14:19:36,070 [DEBUG] KartenWarp: Zoom factor set to 6.152787621294762
2025-02-18 14:19:36,086 [DEBUG] KartenWarp: Zoom UI updated to 535.0%
2025-02-18 14:19:36,086 [DEBUG] KartenWarp: Zoom factor set to 5.350250105473707
2025-02-18 14:19:36,102 [DEBUG] KartenWarp: Zoom UI updated to 465.2%
2025-02-18 14:19:36,102 [DEBUG] KartenWarp: Zoom factor set to 4.652391396064093
2025-02-18 14:19:36,119 [DEBUG] KartenWarp: Zoom UI updated to 404.6%
2025-02-18 14:19:36,119 [DEBUG] KartenWarp: Zoom factor set to 4.0455577357079076
2025-02-18 14:19:36,635 [DEBUG] KartenWarp: Panning started
2025-02-18 14:19:36,922 [DEBUG] KartenWarp: Panning ended
2025-02-18 14:19:37,973 [DEBUG] KartenWarp: Active scene set
2025-02-18 14:19:37,973 [DEBUG] KartenWarp: FeaturePointPresenter: Refreshing UI items.
2025-02-18 14:19:39,844 [DEBUG] KartenWarp: Active scene set
2025-02-18 14:19:39,844 [DEBUG] KartenWarp: FeaturePointPresenter: Refreshing UI items.
2025-02-18 14:19:40,896 [DEBUG] KartenWarp: Active scene set
2025-02-18 14:19:40,896 [DEBUG] KartenWarp: FeaturePointPresenter: Refreshing UI items.
2025-02-18 14:19:42,010 [DEBUG] KartenWarp: Active scene set
2025-02-18 14:19:42,010 [DEBUG] KartenWarp: FeaturePointPresenter: Refreshing UI items.
2025-02-18 14:19:43,315 [DEBUG] KartenWarp: Active scene set
2025-02-18 14:19:43,315 [DEBUG] KartenWarp: FeaturePointPresenter: Refreshing UI items.
2025-02-18 14:19:44,810 [DEBUG] KartenWarp: Active scene set
2025-02-18 14:19:44,810 [DEBUG] KartenWarp: FeaturePointPresenter: Refreshing UI items.
2025-02-18 14:19:45,400 [DEBUG] KartenWarp: Zoom UI updated to 465.2%
2025-02-18 14:19:45,401 [DEBUG] KartenWarp: Zoom factor set to 4.652391396064093
2025-02-18 14:19:45,407 [DEBUG] KartenWarp: Zoom UI updated to 535.0%
2025-02-18 14:19:45,407 [DEBUG] KartenWarp: Zoom factor set to 5.350250105473707
2025-02-18 14:19:45,411 [DEBUG] KartenWarp: Zoom UI updated to 615.3%
2025-02-18 14:19:45,412 [DEBUG] KartenWarp: Zoom factor set to 6.152787621294762
2025-02-18 14:19:45,427 [DEBUG] KartenWarp: Zoom UI updated to 707.6%
2025-02-18 14:19:45,429 [DEBUG] KartenWarp: Zoom factor set to 7.075705764488976
2025-02-18 14:19:45,435 [DEBUG] KartenWarp: Zoom UI updated to 813.7%
2025-02-18 14:19:45,436 [DEBUG] KartenWarp: Zoom factor set to 8.137061629162321
2025-02-18 14:19:45,442 [DEBUG] KartenWarp: Zoom UI updated to 935.8%
2025-02-18 14:19:45,442 [DEBUG] KartenWarp: Zoom factor set to 9.35762087353667
2025-02-18 14:19:45,451 [DEBUG] KartenWarp: Zoom limit reached
2025-02-18 14:19:45,468 [DEBUG] KartenWarp: Zoom limit reached
2025-02-18 14:19:45,484 [DEBUG] KartenWarp: Zoom limit reached
2025-02-18 14:19:45,484 [DEBUG] KartenWarp: Zoom limit reached
2025-02-18 14:19:45,515 [DEBUG] KartenWarp: Zoom limit reached
2025-02-18 14:19:45,531 [DEBUG] KartenWarp: Zoom limit reached
2025-02-18 14:19:45,547 [DEBUG] KartenWarp: Zoom limit reached
2025-02-18 14:19:45,556 [DEBUG] KartenWarp: Zoom limit reached
2025-02-18 14:19:45,579 [DEBUG] KartenWarp: Zoom limit reached
2025-02-18 14:19:45,595 [DEBUG] KartenWarp: Zoom limit reached
2025-02-18 14:19:45,611 [DEBUG] KartenWarp: Zoom limit reached
2025-02-18 14:19:45,627 [DEBUG] KartenWarp: Zoom limit reached
2025-02-18 14:19:45,643 [DEBUG] KartenWarp: Zoom limit reached
2025-02-18 14:19:45,675 [DEBUG] KartenWarp: Zoom limit reached
2025-02-18 14:19:45,691 [DEBUG] KartenWarp: Zoom limit reached
2025-02-18 14:19:45,723 [DEBUG] KartenWarp: Zoom limit reached
2025-02-18 14:19:45,723 [DEBUG] KartenWarp: Zoom limit reached
2025-02-18 14:19:45,739 [DEBUG] KartenWarp: Zoom limit reached
2025-02-18 14:19:45,755 [DEBUG] KartenWarp: Zoom limit reached
2025-02-18 14:19:45,755 [DEBUG] KartenWarp: Zoom limit reached
2025-02-18 14:19:45,771 [DEBUG] KartenWarp: Zoom limit reached
2025-02-18 14:19:45,787 [DEBUG] KartenWarp: Zoom limit reached
2025-02-18 14:19:45,787 [DEBUG] KartenWarp: Zoom limit reached
2025-02-18 14:19:45,803 [DEBUG] KartenWarp: Zoom limit reached
2025-02-18 14:19:45,819 [DEBUG] KartenWarp: Zoom limit reached
2025-02-18 14:19:45,819 [DEBUG] KartenWarp: Zoom limit reached
2025-02-18 14:19:45,835 [DEBUG] KartenWarp: Zoom limit reached
2025-02-18 14:19:45,851 [DEBUG] KartenWarp: Zoom limit reached
2025-02-18 14:19:45,883 [DEBUG] KartenWarp: Zoom limit reached
2025-02-18 14:19:45,899 [DEBUG] KartenWarp: Zoom limit reached
2025-02-18 14:19:45,919 [DEBUG] KartenWarp: Zoom limit reached
2025-02-18 14:19:45,919 [DEBUG] KartenWarp: Zoom limit reached
2025-02-18 14:19:45,952 [DEBUG] KartenWarp: Zoom limit reached
2025-02-18 14:19:45,960 [DEBUG] KartenWarp: Zoom limit reached
2025-02-18 14:19:45,983 [DEBUG] KartenWarp: Zoom limit reached
2025-02-18 14:19:46,000 [DEBUG] KartenWarp: Zoom limit reached
2025-02-18 14:19:46,000 [DEBUG] KartenWarp: Zoom limit reached
2025-02-18 14:19:46,016 [DEBUG] KartenWarp: Zoom limit reached
2025-02-18 14:19:46,032 [DEBUG] KartenWarp: Zoom limit reached
2025-02-18 14:19:46,048 [DEBUG] KartenWarp: Zoom limit reached
2025-02-18 14:19:46,064 [DEBUG] KartenWarp: Zoom limit reached
2025-02-18 14:19:46,079 [DEBUG] KartenWarp: Zoom limit reached
2025-02-18 14:19:46,111 [DEBUG] KartenWarp: Zoom limit reached
2025-02-18 14:19:46,127 [DEBUG] KartenWarp: Zoom limit reached
2025-02-18 14:19:46,127 [DEBUG] KartenWarp: Zoom limit reached
2025-02-18 14:19:46,502 [DEBUG] KartenWarp: Active scene set
2025-02-18 14:19:46,502 [DEBUG] KartenWarp: FeaturePointPresenter: Refreshing UI items.
2025-02-18 14:19:47,499 [DEBUG] KartenWarp: Active scene set
2025-02-18 14:19:47,499 [DEBUG] KartenWarp: FeaturePointPresenter: Refreshing UI items.
2025-02-18 14:19:48,714 [DEBUG] KartenWarp: Active scene set
2025-02-18 14:19:49,292 [DEBUG] KartenWarp: Active scene set
2025-02-18 14:19:49,906 [DEBUG] KartenWarp: Active scene set
2025-02-18 14:19:50,098 [DEBUG] KartenWarp: Active scene set
2025-02-18 14:19:50,098 [DEBUG] KartenWarp: FeaturePointPresenter: Refreshing UI items.
2025-02-18 14:19:50,685 [DEBUG] KartenWarp: Active scene set
2025-02-18 14:19:50,685 [DEBUG] KartenWarp: FeaturePointPresenter: Refreshing UI items.
2025-02-18 14:19:50,976 [DEBUG] KartenWarp: Active scene set
2025-02-18 14:19:50,976 [DEBUG] KartenWarp: FeaturePointPresenter: Refreshing UI items.
2025-02-18 14:19:51,168 [DEBUG] KartenWarp: Active scene set
2025-02-18 14:19:51,168 [DEBUG] KartenWarp: FeaturePointPresenter: Refreshing UI items.
2025-02-18 14:19:51,398 [DEBUG] KartenWarp: Active scene set
2025-02-18 14:19:51,398 [DEBUG] KartenWarp: FeaturePointPresenter: Refreshing UI items.
2025-02-18 14:19:51,398 [DEBUG] KartenWarp: Active scene set
2025-02-18 14:19:51,572 [DEBUG] KartenWarp: Active scene set
2025-02-18 14:19:51,572 [DEBUG] KartenWarp: FeaturePointPresenter: Refreshing UI items.
2025-02-18 14:19:51,963 [DEBUG] KartenWarp: Active scene set
2025-02-18 14:19:51,963 [DEBUG] KartenWarp: FeaturePointPresenter: Refreshing UI items.
2025-02-18 14:19:52,171 [DEBUG] KartenWarp: Active scene set
2025-02-18 14:19:52,171 [DEBUG] KartenWarp: FeaturePointPresenter: Refreshing UI items.
2025-02-18 14:19:52,345 [DEBUG] KartenWarp: Active scene set
2025-02-18 14:19:52,346 [DEBUG] KartenWarp: FeaturePointPresenter: Refreshing UI items.
2025-02-18 14:19:52,480 [DEBUG] KartenWarp: Active scene set
2025-02-18 14:19:52,544 [DEBUG] KartenWarp: Active scene set
2025-02-18 14:19:52,544 [DEBUG] KartenWarp: FeaturePointPresenter: Refreshing UI items.
2025-02-18 14:19:52,719 [DEBUG] KartenWarp: Active scene set
2025-02-18 14:19:52,719 [DEBUG] KartenWarp: FeaturePointPresenter: Refreshing UI items.
2025-02-18 14:19:52,916 [DEBUG] KartenWarp: Active scene set
2025-02-18 14:19:52,916 [DEBUG] KartenWarp: FeaturePointPresenter: Refreshing UI items.
2025-02-18 14:19:53,106 [DEBUG] KartenWarp: Active scene set
2025-02-18 14:19:53,106 [DEBUG] KartenWarp: FeaturePointPresenter: Refreshing UI items.
2025-02-18 14:19:53,298 [DEBUG] KartenWarp: Active scene set
2025-02-18 14:19:53,298 [DEBUG] KartenWarp: FeaturePointPresenter: Refreshing UI items.
2025-02-18 14:19:53,313 [DEBUG] KartenWarp: Active scene set
2025-02-18 14:19:53,659 [DEBUG] KartenWarp: Active scene set
2025-02-18 14:19:53,659 [DEBUG] KartenWarp: FeaturePointPresenter: Refreshing UI items.
2025-02-18 14:19:54,337 [DEBUG] KartenWarp: Active scene set
2025-02-18 14:19:54,337 [DEBUG] KartenWarp: FeaturePointPresenter: Refreshing UI items.
2025-02-18 14:19:55,282 [DEBUG] KartenWarp: Active scene set
2025-02-18 14:19:55,282 [DEBUG] KartenWarp: FeaturePointPresenter: Refreshing UI items.
2025-02-18 14:19:56,838 [DEBUG] KartenWarp: Active scene set
2025-02-18 14:19:56,838 [DEBUG] KartenWarp: FeaturePointPresenter: Refreshing UI items.
2025-02-18 14:19:57,817 [DEBUG] KartenWarp: Active scene set
2025-02-18 14:19:57,817 [DEBUG] KartenWarp: FeaturePointPresenter: Refreshing UI items.
2025-02-18 14:19:58,277 [DEBUG] KartenWarp: Active scene set
2025-02-18 14:19:58,277 [DEBUG] KartenWarp: FeaturePointPresenter: Refreshing UI items.
2025-02-18 14:19:58,798 [DEBUG] KartenWarp: Active scene set
2025-02-18 14:19:58,798 [DEBUG] KartenWarp: FeaturePointPresenter: Refreshing UI items.
2025-02-18 14:19:59,410 [DEBUG] KartenWarp: Active scene set
2025-02-18 14:19:59,410 [DEBUG] KartenWarp: FeaturePointPresenter: Refreshing UI items.
2025-02-18 14:19:59,931 [DEBUG] KartenWarp: Active scene set
2025-02-18 14:19:59,931 [DEBUG] KartenWarp: FeaturePointPresenter: Refreshing UI items.
2025-02-18 14:20:00,341 [DEBUG] KartenWarp: Active scene set
2025-02-18 14:20:00,341 [DEBUG] KartenWarp: FeaturePointPresenter: Refreshing UI items.
2025-02-18 14:20:00,726 [DEBUG] KartenWarp: Active scene set
2025-02-18 14:20:00,726 [DEBUG] KartenWarp: FeaturePointPresenter: Refreshing UI items.
2025-02-18 14:20:01,098 [DEBUG] KartenWarp: Active scene set
2025-02-18 14:20:01,098 [DEBUG] KartenWarp: FeaturePointPresenter: Refreshing UI items.
2025-02-18 14:20:01,427 [DEBUG] KartenWarp: Active scene set
2025-02-18 14:20:01,427 [DEBUG] KartenWarp: FeaturePointPresenter: Refreshing UI items.
2025-02-18 14:20:01,945 [DEBUG] KartenWarp: Active scene set
2025-02-18 14:20:02,059 [DEBUG] KartenWarp: Active scene set
2025-02-18 14:20:02,059 [DEBUG] KartenWarp: FeaturePointPresenter: Refreshing UI items.
2025-02-18 14:20:02,413 [DEBUG] KartenWarp: Active scene set
2025-02-18 14:20:02,413 [DEBUG] KartenWarp: FeaturePointPresenter: Refreshing UI items.
2025-02-18 14:20:03,041 [DEBUG] KartenWarp: Active scene set
2025-02-18 14:20:03,041 [DEBUG] KartenWarp: FeaturePointPresenter: Refreshing UI items.
2025-02-18 14:20:03,708 [DEBUG] KartenWarp: Active scene set
2025-02-18 14:20:03,708 [DEBUG] KartenWarp: FeaturePointPresenter: Refreshing UI items.
2025-02-18 14:20:04,586 [DEBUG] KartenWarp: Active scene set
2025-02-18 14:20:04,586 [DEBUG] KartenWarp: FeaturePointPresenter: Refreshing UI items.
2025-02-18 14:20:06,054 [DEBUG] KartenWarp: Active scene set
2025-02-18 14:20:06,054 [DEBUG] KartenWarp: FeaturePointPresenter: Refreshing UI items.
2025-02-18 14:20:06,690 [DEBUG] KartenWarp: Active scene set
2025-02-18 14:20:06,706 [DEBUG] KartenWarp: FeaturePointPresenter: Refreshing UI items.
2025-02-18 14:20:07,157 [DEBUG] KartenWarp: Active scene set
2025-02-18 14:20:07,157 [DEBUG] KartenWarp: FeaturePointPresenter: Refreshing UI items.
2025-02-18 14:20:07,622 [DEBUG] KartenWarp: Active scene set
2025-02-18 14:20:07,622 [DEBUG] KartenWarp: FeaturePointPresenter: Refreshing UI items.
2025-02-18 14:20:07,932 [DEBUG] KartenWarp: Active scene set
2025-02-18 14:20:07,932 [DEBUG] KartenWarp: FeaturePointPresenter: Refreshing UI items.
2025-02-18 14:20:08,172 [DEBUG] KartenWarp: Active scene set
2025-02-18 14:20:08,172 [DEBUG] KartenWarp: FeaturePointPresenter: Refreshing UI items.
2025-02-18 14:20:08,337 [DEBUG] KartenWarp: Active scene set
2025-02-18 14:20:08,337 [DEBUG] KartenWarp: FeaturePointPresenter: Refreshing UI items.
2025-02-18 14:20:08,608 [DEBUG] KartenWarp: Active scene set
2025-02-18 14:20:08,608 [DEBUG] KartenWarp: FeaturePointPresenter: Refreshing UI items.
2025-02-18 14:20:08,805 [DEBUG] KartenWarp: Active scene set
2025-02-18 14:20:08,805 [DEBUG] KartenWarp: FeaturePointPresenter: Refreshing UI items.
2025-02-18 14:20:09,155 [DEBUG] KartenWarp: Active scene set
2025-02-18 14:20:09,155 [DEBUG] KartenWarp: FeaturePointPresenter: Refreshing UI items.
2025-02-18 14:20:09,371 [DEBUG] KartenWarp: Active scene set
2025-02-18 14:20:09,371 [DEBUG] KartenWarp: FeaturePointPresenter: Refreshing UI items.
2025-02-18 14:20:09,611 [DEBUG] KartenWarp: Active scene set
2025-02-18 14:20:09,611 [DEBUG] KartenWarp: FeaturePointPresenter: Refreshing UI items.
2025-02-18 14:20:09,811 [DEBUG] KartenWarp: Active scene set
2025-02-18 14:20:09,812 [DEBUG] KartenWarp: FeaturePointPresenter: Refreshing UI items.
2025-02-18 14:20:10,032 [DEBUG] KartenWarp: Active scene set
2025-02-18 14:20:10,032 [DEBUG] KartenWarp: FeaturePointPresenter: Refreshing UI items.
2025-02-18 14:20:10,255 [DEBUG] KartenWarp: Active scene set
2025-02-18 14:20:10,255 [DEBUG] KartenWarp: FeaturePointPresenter: Refreshing UI items.
2025-02-18 14:20:10,841 [DEBUG] KartenWarp: Active scene set
2025-02-18 14:20:10,841 [DEBUG] KartenWarp: FeaturePointPresenter: Refreshing UI items.
2025-02-18 14:20:11,303 [DEBUG] KartenWarp: Active scene set
2025-02-18 14:20:11,303 [DEBUG] KartenWarp: FeaturePointPresenter: Refreshing UI items.
2025-02-18 14:20:11,536 [DEBUG] KartenWarp: Active scene set
2025-02-18 14:20:11,536 [DEBUG] KartenWarp: FeaturePointPresenter: Refreshing UI items.
2025-02-18 14:20:11,969 [DEBUG] KartenWarp: Active scene set
2025-02-18 14:20:11,969 [DEBUG] KartenWarp: FeaturePointPresenter: Refreshing UI items.
2025-02-18 14:20:12,339 [DEBUG] KartenWarp: Active scene set
2025-02-18 14:20:12,355 [DEBUG] KartenWarp: FeaturePointPresenter: Refreshing UI items.
2025-02-18 14:20:12,853 [DEBUG] KartenWarp: Zoom limit reached
2025-02-18 14:20:12,853 [DEBUG] KartenWarp: Zoom limit reached
2025-02-18 14:20:12,869 [DEBUG] KartenWarp: Zoom limit reached
2025-02-18 14:20:12,869 [DEBUG] KartenWarp: Zoom limit reached
2025-02-18 14:20:12,901 [DEBUG] KartenWarp: Zoom limit reached
2025-02-18 14:20:12,901 [DEBUG] KartenWarp: Zoom limit reached
2025-02-18 14:20:12,917 [DEBUG] KartenWarp: Zoom limit reached
2025-02-18 14:20:12,948 [DEBUG] KartenWarp: Zoom limit reached
2025-02-18 14:20:12,968 [DEBUG] KartenWarp: Zoom limit reached
2025-02-18 14:20:13,005 [DEBUG] KartenWarp: Zoom limit reached
2025-02-18 14:20:13,014 [DEBUG] KartenWarp: Zoom limit reached
2025-02-18 14:20:13,046 [DEBUG] KartenWarp: Zoom limit reached
2025-02-18 14:20:13,046 [DEBUG] KartenWarp: Zoom limit reached
2025-02-18 14:20:13,174 [DEBUG] KartenWarp: Zoom limit reached
2025-02-18 14:20:13,190 [DEBUG] KartenWarp: Zoom limit reached
2025-02-18 14:20:13,207 [DEBUG] KartenWarp: Zoom limit reached
2025-02-18 14:20:13,207 [DEBUG] KartenWarp: Zoom limit reached
2025-02-18 14:20:13,222 [DEBUG] KartenWarp: Zoom limit reached
2025-02-18 14:20:13,686 [DEBUG] KartenWarp: Active scene set
2025-02-18 14:20:13,686 [DEBUG] KartenWarp: FeaturePointPresenter: Refreshing UI items.
2025-02-18 14:20:13,893 [DEBUG] KartenWarp: Active scene set
2025-02-18 14:20:13,893 [DEBUG] KartenWarp: FeaturePointPresenter: Refreshing UI items.
2025-02-18 14:20:14,076 [DEBUG] KartenWarp: Active scene set
2025-02-18 14:20:14,076 [DEBUG] KartenWarp: FeaturePointPresenter: Refreshing UI items.
2025-02-18 14:20:14,315 [DEBUG] KartenWarp: Active scene set
2025-02-18 14:20:14,315 [DEBUG] KartenWarp: FeaturePointPresenter: Refreshing UI items.
2025-02-18 14:20:15,041 [DEBUG] KartenWarp: Active scene set
2025-02-18 14:20:15,056 [DEBUG] KartenWarp: FeaturePointPresenter: Refreshing UI items.
2025-02-18 14:20:15,114 [DEBUG] KartenWarp: Active scene set
2025-02-18 14:20:16,078 [DEBUG] KartenWarp: Active scene set
2025-02-18 14:20:16,078 [DEBUG] KartenWarp: FeaturePointPresenter: Refreshing UI items.
2025-02-18 14:20:16,267 [DEBUG] KartenWarp: Active scene set
2025-02-18 14:20:16,267 [DEBUG] KartenWarp: FeaturePointPresenter: Refreshing UI items.
2025-02-18 14:20:16,444 [DEBUG] KartenWarp: Active scene set
2025-02-18 14:20:16,444 [DEBUG] KartenWarp: FeaturePointPresenter: Refreshing UI items.
2025-02-18 14:20:16,651 [DEBUG] KartenWarp: Active scene set
2025-02-18 14:20:16,651 [DEBUG] KartenWarp: FeaturePointPresenter: Refreshing UI items.
2025-02-18 14:20:16,881 [DEBUG] KartenWarp: Active scene set
2025-02-18 14:20:16,881 [DEBUG] KartenWarp: FeaturePointPresenter: Refreshing UI items.
2025-02-18 14:20:17,121 [DEBUG] KartenWarp: Active scene set
2025-02-18 14:20:17,121 [DEBUG] KartenWarp: FeaturePointPresenter: Refreshing UI items.
2025-02-18 14:20:17,334 [DEBUG] KartenWarp: Active scene set
2025-02-18 14:20:17,334 [DEBUG] KartenWarp: FeaturePointPresenter: Refreshing UI items.
2025-02-18 14:20:17,526 [DEBUG] KartenWarp: Active scene set
2025-02-18 14:20:17,526 [DEBUG] KartenWarp: FeaturePointPresenter: Refreshing UI items.
2025-02-18 14:20:17,898 [DEBUG] KartenWarp: Active scene set
2025-02-18 14:20:17,930 [DEBUG] KartenWarp: Active scene set
2025-02-18 14:20:17,930 [DEBUG] KartenWarp: FeaturePointPresenter: Refreshing UI items.
2025-02-18 14:20:18,393 [DEBUG] KartenWarp: Active scene set
2025-02-18 14:20:18,393 [DEBUG] KartenWarp: FeaturePointPresenter: Refreshing UI items.
2025-02-18 14:20:18,859 [DEBUG] KartenWarp: Active scene set
2025-02-18 14:20:18,859 [DEBUG] KartenWarp: FeaturePointPresenter: Refreshing UI items.
2025-02-18 14:20:19,260 [DEBUG] KartenWarp: Active scene set
2025-02-18 14:20:19,260 [DEBUG] KartenWarp: FeaturePointPresenter: Refreshing UI items.
2025-02-18 14:20:19,809 [DEBUG] KartenWarp: Active scene set
2025-02-18 14:20:19,809 [DEBUG] KartenWarp: FeaturePointPresenter: Refreshing UI items.
2025-02-18 14:20:20,301 [DEBUG] KartenWarp: Active scene set
2025-02-18 14:20:20,301 [DEBUG] KartenWarp: FeaturePointPresenter: Refreshing UI items.
2025-02-18 14:20:20,867 [DEBUG] KartenWarp: Active scene set
2025-02-18 14:20:20,867 [DEBUG] KartenWarp: FeaturePointPresenter: Refreshing UI items.
2025-02-18 14:20:22,564 [DEBUG] KartenWarp: Active scene set
2025-02-18 14:20:22,564 [DEBUG] KartenWarp: FeaturePointPresenter: Refreshing UI items.
2025-02-18 14:20:22,785 [DEBUG] KartenWarp: Active scene set
2025-02-18 14:20:22,785 [DEBUG] KartenWarp: FeaturePointPresenter: Refreshing UI items.
2025-02-18 14:20:23,253 [DEBUG] KartenWarp: Active scene set
2025-02-18 14:20:23,253 [DEBUG] KartenWarp: FeaturePointPresenter: Refreshing UI items.
2025-02-18 14:20:23,627 [DEBUG] KartenWarp: Active scene set
2025-02-18 14:20:23,627 [DEBUG] KartenWarp: FeaturePointPresenter: Refreshing UI items.
2025-02-18 14:20:24,144 [DEBUG] KartenWarp: Active scene set
2025-02-18 14:20:24,144 [DEBUG] KartenWarp: FeaturePointPresenter: Refreshing UI items.
2025-02-18 14:20:24,527 [DEBUG] KartenWarp: Active scene set
2025-02-18 14:20:24,527 [DEBUG] KartenWarp: FeaturePointPresenter: Refreshing UI items.
2025-02-18 14:20:25,027 [DEBUG] KartenWarp: Active scene set
2025-02-18 14:20:25,027 [DEBUG] KartenWarp: FeaturePointPresenter: Refreshing UI items.
2025-02-18 14:20:25,514 [DEBUG] KartenWarp: Active scene set
2025-02-18 14:20:25,514 [DEBUG] KartenWarp: FeaturePointPresenter: Refreshing UI items.
2025-02-18 14:20:25,874 [DEBUG] KartenWarp: Active scene set
2025-02-18 14:20:25,874 [DEBUG] KartenWarp: FeaturePointPresenter: Refreshing UI items.
2025-02-18 14:20:26,292 [DEBUG] KartenWarp: Active scene set
2025-02-18 14:20:26,292 [DEBUG] KartenWarp: FeaturePointPresenter: Refreshing UI items.
2025-02-18 14:20:26,921 [DEBUG] KartenWarp: Active scene set
2025-02-18 14:20:26,921 [DEBUG] KartenWarp: FeaturePointPresenter: Refreshing UI items.
2025-02-18 14:20:27,331 [DEBUG] KartenWarp: Active scene set
2025-02-18 14:20:27,331 [DEBUG] KartenWarp: FeaturePointPresenter: Refreshing UI items.
2025-02-18 14:20:27,554 [DEBUG] KartenWarp: Active scene set
2025-02-18 14:20:27,554 [DEBUG] KartenWarp: FeaturePointPresenter: Refreshing UI items.
2025-02-18 14:20:27,778 [DEBUG] KartenWarp: Active scene set
2025-02-18 14:20:27,778 [DEBUG] KartenWarp: FeaturePointPresenter: Refreshing UI items.
2025-02-18 14:20:28,024 [DEBUG] KartenWarp: Active scene set
2025-02-18 14:20:28,024 [DEBUG] KartenWarp: FeaturePointPresenter: Refreshing UI items.
2025-02-18 14:20:28,360 [DEBUG] KartenWarp: Active scene set
2025-02-18 14:20:28,360 [DEBUG] KartenWarp: FeaturePointPresenter: Refreshing UI items.
2025-02-18 14:20:28,572 [DEBUG] KartenWarp: Active scene set
2025-02-18 14:20:28,572 [DEBUG] KartenWarp: FeaturePointPresenter: Refreshing UI items.
2025-02-18 14:20:28,995 [DEBUG] KartenWarp: Active scene set
2025-02-18 14:20:28,995 [DEBUG] KartenWarp: FeaturePointPresenter: Refreshing UI items.
2025-02-18 14:20:29,365 [DEBUG] KartenWarp: Active scene set
2025-02-18 14:20:29,365 [DEBUG] KartenWarp: FeaturePointPresenter: Refreshing UI items.
2025-02-18 14:20:29,741 [DEBUG] KartenWarp: Active scene set
2025-02-18 14:20:29,741 [DEBUG] KartenWarp: FeaturePointPresenter: Refreshing UI items.
2025-02-18 14:20:30,092 [DEBUG] KartenWarp: Active scene set
2025-02-18 14:20:30,092 [DEBUG] KartenWarp: FeaturePointPresenter: Refreshing UI items.
2025-02-18 14:20:30,497 [DEBUG] KartenWarp: Active scene set
2025-02-18 14:20:30,497 [DEBUG] KartenWarp: FeaturePointPresenter: Refreshing UI items.
2025-02-18 14:20:31,129 [DEBUG] KartenWarp: Active scene set
2025-02-18 14:20:31,129 [DEBUG] KartenWarp: FeaturePointPresenter: Refreshing UI items.
2025-02-18 14:20:31,722 [DEBUG] KartenWarp: Active scene set
2025-02-18 14:20:31,722 [DEBUG] KartenWarp: FeaturePointPresenter: Refreshing UI items.
2025-02-18 14:20:32,163 [DEBUG] KartenWarp: Active scene set
2025-02-18 14:20:32,163 [DEBUG] KartenWarp: FeaturePointPresenter: Refreshing UI items.
2025-02-18 14:20:32,613 [DEBUG] KartenWarp: Active scene set
2025-02-18 14:20:32,614 [DEBUG] KartenWarp: FeaturePointPresenter: Refreshing UI items.
2025-02-18 14:20:33,188 [DEBUG] KartenWarp: Active scene set
2025-02-18 14:20:33,188 [DEBUG] KartenWarp: FeaturePointPresenter: Refreshing UI items.
2025-02-18 14:20:33,413 [DEBUG] KartenWarp: Active scene set
2025-02-18 14:20:33,413 [DEBUG] KartenWarp: FeaturePointPresenter: Refreshing UI items.
2025-02-18 14:20:33,866 [DEBUG] KartenWarp: Active scene set
2025-02-18 14:20:33,866 [DEBUG] KartenWarp: FeaturePointPresenter: Refreshing UI items.
2025-02-18 14:20:34,255 [DEBUG] KartenWarp: Active scene set
2025-02-18 14:20:34,255 [DEBUG] KartenWarp: FeaturePointPresenter: Refreshing UI items.
2025-02-18 14:20:34,708 [DEBUG] KartenWarp: Active scene set
2025-02-18 14:20:34,708 [DEBUG] KartenWarp: FeaturePointPresenter: Refreshing UI items.
2025-02-18 14:20:35,353 [DEBUG] KartenWarp: Active scene set
2025-02-18 14:20:35,353 [DEBUG] KartenWarp: FeaturePointPresenter: Refreshing UI items.
2025-02-18 14:20:36,038 [DEBUG] KartenWarp: Active scene set
2025-02-18 14:20:36,038 [DEBUG] KartenWarp: FeaturePointPresenter: Refreshing UI items.
2025-02-18 14:20:36,324 [DEBUG] KartenWarp: Active scene set
2025-02-18 14:20:36,324 [DEBUG] KartenWarp: FeaturePointPresenter: Refreshing UI items.
2025-02-18 14:20:36,572 [DEBUG] KartenWarp: Active scene set
2025-02-18 14:20:36,575 [DEBUG] KartenWarp: FeaturePointPresenter: Refreshing UI items.
2025-02-18 14:20:37,041 [DEBUG] KartenWarp: Active scene set
2025-02-18 14:20:37,041 [DEBUG] KartenWarp: FeaturePointPresenter: Refreshing UI items.
2025-02-18 14:20:37,704 [DEBUG] KartenWarp: Active scene set
2025-02-18 14:20:37,704 [DEBUG] KartenWarp: FeaturePointPresenter: Refreshing UI items.
2025-02-18 14:20:37,958 [DEBUG] KartenWarp: Active scene set
2025-02-18 14:20:37,958 [DEBUG] KartenWarp: FeaturePointPresenter: Refreshing UI items.
2025-02-18 14:20:38,134 [DEBUG] KartenWarp: Active scene set
2025-02-18 14:20:38,134 [DEBUG] KartenWarp: FeaturePointPresenter: Refreshing UI items.
2025-02-18 14:20:38,763 [DEBUG] KartenWarp: Active scene set
2025-02-18 14:20:38,763 [DEBUG] KartenWarp: FeaturePointPresenter: Refreshing UI items.
2025-02-18 14:20:39,011 [DEBUG] KartenWarp: Active scene set
2025-02-18 14:20:39,011 [DEBUG] KartenWarp: FeaturePointPresenter: Refreshing UI items.
2025-02-18 14:20:40,165 [DEBUG] KartenWarp: Active scene set
2025-02-18 14:20:40,165 [DEBUG] KartenWarp: FeaturePointPresenter: Refreshing UI items.
2025-02-18 14:20:40,469 [DEBUG] KartenWarp: Active scene set
2025-02-18 14:20:41,032 [DEBUG] KartenWarp: Active scene set
2025-02-18 14:20:41,032 [DEBUG] KartenWarp: FeaturePointPresenter: Refreshing UI items.
2025-02-18 14:20:41,662 [DEBUG] KartenWarp: Active scene set
2025-02-18 14:20:41,662 [DEBUG] KartenWarp: FeaturePointPresenter: Refreshing UI items.
2025-02-18 14:20:41,891 [DEBUG] KartenWarp: Active scene set
2025-02-18 14:20:44,244 [DEBUG] KartenWarp: Zoom UI updated to 813.7%
2025-02-18 14:20:44,244 [DEBUG] KartenWarp: Zoom factor set to 8.137061629162321
2025-02-18 14:20:44,277 [DEBUG] KartenWarp: Zoom UI updated to 707.6%
2025-02-18 14:20:44,278 [DEBUG] KartenWarp: Zoom factor set to 7.075705764488976
2025-02-18 14:20:44,326 [DEBUG] KartenWarp: Zoom UI updated to 615.3%
2025-02-18 14:20:44,326 [DEBUG] KartenWarp: Zoom factor set to 6.152787621294762
2025-02-18 14:20:44,390 [DEBUG] KartenWarp: Zoom UI updated to 535.0%
2025-02-18 14:20:44,390 [DEBUG] KartenWarp: Zoom factor set to 5.350250105473707
2025-02-18 14:20:44,843 [DEBUG] KartenWarp: Zoom UI updated to 465.2%
2025-02-18 14:20:44,843 [DEBUG] KartenWarp: Zoom factor set to 4.652391396064093
2025-02-18 14:20:44,891 [DEBUG] KartenWarp: Zoom UI updated to 404.6%
2025-02-18 14:20:44,891 [DEBUG] KartenWarp: Zoom factor set to 4.0455577357079076
2025-02-18 14:20:44,923 [DEBUG] KartenWarp: Zoom UI updated to 351.8%
2025-02-18 14:20:44,923 [DEBUG] KartenWarp: Zoom factor set to 3.51787629191992
2025-02-18 14:20:45,529 [DEBUG] KartenWarp: Zoom UI updated to 305.9%
2025-02-18 14:20:45,529 [DEBUG] KartenWarp: Zoom factor set to 3.059022862539061
2025-02-18 14:20:45,577 [DEBUG] KartenWarp: Zoom UI updated to 266.0%
2025-02-18 14:20:45,577 [DEBUG] KartenWarp: Zoom factor set to 2.660019880468749
2025-02-18 14:20:45,658 [DEBUG] KartenWarp: Zoom UI updated to 231.3%
2025-02-18 14:20:45,658 [DEBUG] KartenWarp: Zoom factor set to 2.3130607656249995
2025-02-18 14:20:46,320 [DEBUG] KartenWarp: Zoom UI updated to 201.1%
2025-02-18 14:20:46,320 [DEBUG] KartenWarp: Zoom factor set to 2.0113571875
2025-02-18 14:20:46,663 [DEBUG] KartenWarp: Zoom UI updated to 231.3%
2025-02-18 14:20:46,663 [DEBUG] KartenWarp: Zoom factor set to 2.3130607656249995
2025-02-18 14:20:46,695 [DEBUG] KartenWarp: Zoom UI updated to 266.0%
2025-02-18 14:20:46,695 [DEBUG] KartenWarp: Zoom factor set to 2.660019880468749
2025-02-18 14:20:46,695 [DEBUG] KartenWarp: Zoom UI updated to 305.9%
2025-02-18 14:20:46,695 [DEBUG] KartenWarp: Zoom factor set to 3.059022862539061
2025-02-18 14:20:46,711 [DEBUG] KartenWarp: Zoom UI updated to 351.8%
2025-02-18 14:20:46,711 [DEBUG] KartenWarp: Zoom factor set to 3.51787629191992
2025-02-18 14:20:46,711 [DEBUG] KartenWarp: Zoom UI updated to 404.6%
2025-02-18 14:20:46,711 [DEBUG] KartenWarp: Zoom factor set to 4.0455577357079076
2025-02-18 14:20:46,727 [DEBUG] KartenWarp: Zoom UI updated to 465.2%
2025-02-18 14:20:46,727 [DEBUG] KartenWarp: Zoom factor set to 4.652391396064093
2025-02-18 14:20:46,742 [DEBUG] KartenWarp: Zoom UI updated to 535.0%
2025-02-18 14:20:46,742 [DEBUG] KartenWarp: Zoom factor set to 5.350250105473707
2025-02-18 14:20:46,759 [DEBUG] KartenWarp: Zoom UI updated to 615.3%
2025-02-18 14:20:46,759 [DEBUG] KartenWarp: Zoom factor set to 6.152787621294762
2025-02-18 14:20:46,775 [DEBUG] KartenWarp: Zoom UI updated to 707.6%
2025-02-18 14:20:46,775 [DEBUG] KartenWarp: Zoom factor set to 7.075705764488976
2025-02-18 14:20:46,791 [DEBUG] KartenWarp: Zoom UI updated to 813.7%
2025-02-18 14:20:46,791 [DEBUG] KartenWarp: Zoom factor set to 8.137061629162321
2025-02-18 14:20:46,807 [DEBUG] KartenWarp: Zoom UI updated to 935.8%
2025-02-18 14:20:46,807 [DEBUG] KartenWarp: Zoom factor set to 9.35762087353667
2025-02-18 14:20:46,823 [DEBUG] KartenWarp: Zoom limit reached
2025-02-18 14:20:46,839 [DEBUG] KartenWarp: Zoom limit reached
2025-02-18 14:20:46,839 [DEBUG] KartenWarp: Zoom limit reached
2025-02-18 14:20:46,871 [DEBUG] KartenWarp: Zoom limit reached
2025-02-18 14:20:46,871 [DEBUG] KartenWarp: Zoom limit reached
2025-02-18 14:20:46,914 [DEBUG] KartenWarp: Zoom limit reached
2025-02-18 14:20:47,313 [DEBUG] KartenWarp: Zoom limit reached
2025-02-18 14:20:47,326 [DEBUG] KartenWarp: Zoom limit reached
2025-02-18 14:20:47,326 [DEBUG] KartenWarp: Zoom limit reached
2025-02-18 14:20:47,339 [DEBUG] KartenWarp: Zoom limit reached
2025-02-18 14:20:47,342 [DEBUG] KartenWarp: Zoom limit reached
2025-02-18 14:20:47,358 [DEBUG] KartenWarp: Zoom limit reached
2025-02-18 14:20:47,358 [DEBUG] KartenWarp: Zoom limit reached
2025-02-18 14:20:47,378 [DEBUG] KartenWarp: Zoom limit reached
2025-02-18 14:20:47,390 [DEBUG] KartenWarp: Zoom limit reached
2025-02-18 14:20:47,390 [DEBUG] KartenWarp: Zoom limit reached
2025-02-18 14:20:47,410 [DEBUG] KartenWarp: Zoom limit reached
2025-02-18 14:20:47,410 [DEBUG] KartenWarp: Zoom limit reached
2025-02-18 14:20:47,430 [DEBUG] KartenWarp: Zoom limit reached
2025-02-18 14:20:47,447 [DEBUG] KartenWarp: Zoom limit reached
2025-02-18 14:20:47,461 [DEBUG] KartenWarp: Zoom limit reached
2025-02-18 14:20:47,461 [DEBUG] KartenWarp: Zoom limit reached
2025-02-18 14:20:47,477 [DEBUG] KartenWarp: Zoom limit reached
2025-02-18 14:20:47,477 [DEBUG] KartenWarp: Zoom limit reached
2025-02-18 14:20:47,493 [DEBUG] KartenWarp: Zoom limit reached
2025-02-18 14:20:47,511 [DEBUG] KartenWarp: Zoom limit reached
2025-02-18 14:20:47,524 [DEBUG] KartenWarp: Zoom limit reached
2025-02-18 14:20:47,540 [DEBUG] KartenWarp: Zoom limit reached
2025-02-18 14:20:47,540 [DEBUG] KartenWarp: Zoom limit reached
2025-02-18 14:20:47,573 [DEBUG] KartenWarp: Zoom limit reached
2025-02-18 14:20:47,573 [DEBUG] KartenWarp: Zoom limit reached
2025-02-18 14:20:47,605 [DEBUG] KartenWarp: Zoom limit reached
2025-02-18 14:20:47,605 [DEBUG] KartenWarp: Zoom limit reached
2025-02-18 14:20:47,620 [DEBUG] KartenWarp: Zoom limit reached
2025-02-18 14:20:47,652 [DEBUG] KartenWarp: Zoom limit reached
2025-02-18 14:20:47,685 [DEBUG] KartenWarp: Zoom limit reached
2025-02-18 14:20:47,701 [DEBUG] KartenWarp: Zoom limit reached
2025-02-18 14:20:47,701 [DEBUG] KartenWarp: Zoom limit reached
2025-02-18 14:20:47,717 [DEBUG] KartenWarp: Zoom limit reached
2025-02-18 14:20:47,717 [DEBUG] KartenWarp: Zoom limit reached
2025-02-18 14:20:47,925 [DEBUG] KartenWarp: Zoom UI updated to 813.7%
2025-02-18 14:20:47,925 [DEBUG] KartenWarp: Zoom factor set to 8.137061629162321
2025-02-18 14:20:47,943 [DEBUG] KartenWarp: Zoom UI updated to 707.6%
2025-02-18 14:20:47,943 [DEBUG] KartenWarp: Zoom factor set to 7.075705764488976
2025-02-18 14:20:47,943 [DEBUG] KartenWarp: Zoom UI updated to 615.3%
2025-02-18 14:20:47,943 [DEBUG] KartenWarp: Zoom factor set to 6.152787621294762
2025-02-18 14:20:47,963 [DEBUG] KartenWarp: Zoom UI updated to 535.0%
2025-02-18 14:20:47,964 [DEBUG] KartenWarp: Zoom factor set to 5.350250105473707
2025-02-18 14:20:47,971 [DEBUG] KartenWarp: Zoom UI updated to 465.2%
2025-02-18 14:20:47,971 [DEBUG] KartenWarp: Zoom factor set to 4.652391396064093
2025-02-18 14:20:47,978 [DEBUG] KartenWarp: Zoom UI updated to 404.6%
2025-02-18 14:20:47,979 [DEBUG] KartenWarp: Zoom factor set to 4.0455577357079076
2025-02-18 14:20:47,988 [DEBUG] KartenWarp: Zoom UI updated to 351.8%
2025-02-18 14:20:47,988 [DEBUG] KartenWarp: Zoom factor set to 3.51787629191992
2025-02-18 14:20:48,004 [DEBUG] KartenWarp: Zoom UI updated to 305.9%
2025-02-18 14:20:48,004 [DEBUG] KartenWarp: Zoom factor set to 3.059022862539061
2025-02-18 14:20:48,004 [DEBUG] KartenWarp: Zoom UI updated to 266.0%
2025-02-18 14:20:48,004 [DEBUG] KartenWarp: Zoom factor set to 2.660019880468749
2025-02-18 14:20:48,020 [DEBUG] KartenWarp: Zoom UI updated to 231.3%
2025-02-18 14:20:48,020 [DEBUG] KartenWarp: Zoom factor set to 2.3130607656249995
2025-02-18 14:20:48,036 [DEBUG] KartenWarp: Zoom UI updated to 201.1%
2025-02-18 14:20:48,036 [DEBUG] KartenWarp: Zoom factor set to 2.0113571875
2025-02-18 14:20:48,036 [DEBUG] KartenWarp: Zoom UI updated to 174.9%
2025-02-18 14:20:48,036 [DEBUG] KartenWarp: Zoom factor set to 1.74900625
2025-02-18 14:20:48,052 [DEBUG] KartenWarp: Zoom UI updated to 152.1%
2025-02-18 14:20:48,052 [DEBUG] KartenWarp: Zoom factor set to 1.5208750000000002
2025-02-18 14:20:48,068 [DEBUG] KartenWarp: Zoom UI updated to 132.3%
2025-02-18 14:20:48,068 [DEBUG] KartenWarp: Zoom factor set to 1.3225000000000002
2025-02-18 14:20:48,068 [DEBUG] KartenWarp: Zoom UI updated to 115.0%
2025-02-18 14:20:48,068 [DEBUG] KartenWarp: Zoom factor set to 1.1500000000000004
2025-02-18 14:20:48,084 [DEBUG] KartenWarp: Zoom UI updated to 100.0%
2025-02-18 14:20:48,084 [DEBUG] KartenWarp: Zoom factor set to 1.0000000000000004
2025-02-18 14:20:48,084 [DEBUG] KartenWarp: Zoom UI updated to 87.0%
2025-02-18 14:20:48,084 [DEBUG] KartenWarp: Zoom factor set to 0.8695652173913048
2025-02-18 14:20:48,084 [DEBUG] KartenWarp: Zoom UI updated to 75.6%
2025-02-18 14:20:48,084 [DEBUG] KartenWarp: Zoom factor set to 0.7561436672967868
2025-02-18 14:20:48,100 [DEBUG] KartenWarp: Zoom UI updated to 65.8%
2025-02-18 14:20:48,100 [DEBUG] KartenWarp: Zoom factor set to 0.6575162324319886
2025-02-18 14:20:48,115 [DEBUG] KartenWarp: Zoom UI updated to 57.2%
2025-02-18 14:20:48,115 [DEBUG] KartenWarp: Zoom factor set to 0.5717532455930336
2025-02-18 14:20:48,115 [DEBUG] KartenWarp: Zoom UI updated to 49.7%
2025-02-18 14:20:48,115 [DEBUG] KartenWarp: Zoom factor set to 0.49717673529829015
2025-02-18 14:20:48,131 [DEBUG] KartenWarp: Zoom UI updated to 43.2%
2025-02-18 14:20:48,131 [DEBUG] KartenWarp: Zoom factor set to 0.4323275959115567
2025-02-18 14:20:48,147 [DEBUG] KartenWarp: Zoom UI updated to 37.6%
2025-02-18 14:20:48,147 [DEBUG] KartenWarp: Zoom factor set to 0.3759370399230928
2025-02-18 14:20:48,147 [DEBUG] KartenWarp: Zoom UI updated to 32.7%
2025-02-18 14:20:48,147 [DEBUG] KartenWarp: Zoom factor set to 0.3269017738461677
2025-02-18 14:20:48,163 [DEBUG] KartenWarp: Zoom UI updated to 28.4%
2025-02-18 14:20:48,163 [DEBUG] KartenWarp: Zoom factor set to 0.28426241204014585
2025-02-18 14:20:48,179 [DEBUG] KartenWarp: Zoom UI updated to 24.7%
2025-02-18 14:20:48,179 [DEBUG] KartenWarp: Zoom factor set to 0.247184706121866
2025-02-18 14:20:48,179 [DEBUG] KartenWarp: Zoom UI updated to 21.5%
2025-02-18 14:20:48,179 [DEBUG] KartenWarp: Zoom factor set to 0.2149432227146661
2025-02-18 14:20:48,196 [DEBUG] KartenWarp: Zoom UI updated to 18.7%
2025-02-18 14:20:48,196 [DEBUG] KartenWarp: Zoom factor set to 0.18690715018666618
2025-02-18 14:20:48,211 [DEBUG] KartenWarp: Zoom UI updated to 16.3%
2025-02-18 14:20:48,211 [DEBUG] KartenWarp: Zoom factor set to 0.16252795668405756
2025-02-18 14:20:48,211 [DEBUG] KartenWarp: Zoom UI updated to 14.1%
2025-02-18 14:20:48,211 [DEBUG] KartenWarp: Zoom factor set to 0.14132865798613703
2025-02-18 14:20:48,227 [DEBUG] KartenWarp: Zoom UI updated to 12.3%
2025-02-18 14:20:48,227 [DEBUG] KartenWarp: Zoom factor set to 0.12289448520533656
2025-02-18 14:20:48,227 [DEBUG] KartenWarp: Zoom UI updated to 10.7%
2025-02-18 14:20:48,227 [DEBUG] KartenWarp: Zoom factor set to 0.10686476974377093
2025-02-18 14:20:48,243 [DEBUG] KartenWarp: Zoom limit reached
2025-02-18 14:20:48,259 [DEBUG] KartenWarp: Zoom limit reached
2025-02-18 14:20:48,259 [DEBUG] KartenWarp: Zoom limit reached
2025-02-18 14:20:48,275 [DEBUG] KartenWarp: Zoom limit reached
2025-02-18 14:20:48,290 [DEBUG] KartenWarp: Zoom limit reached
2025-02-18 14:20:48,290 [DEBUG] KartenWarp: Zoom limit reached
2025-02-18 14:20:48,306 [DEBUG] KartenWarp: Zoom limit reached
2025-02-18 14:20:48,324 [DEBUG] KartenWarp: Zoom limit reached
2025-02-18 14:20:48,324 [DEBUG] KartenWarp: Zoom limit reached
2025-02-18 14:20:48,338 [DEBUG] KartenWarp: Zoom limit reached
2025-02-18 14:20:48,338 [DEBUG] KartenWarp: Zoom limit reached
2025-02-18 14:20:48,355 [DEBUG] KartenWarp: Zoom limit reached
2025-02-18 14:20:48,355 [DEBUG] KartenWarp: Zoom limit reached
2025-02-18 14:20:48,371 [DEBUG] KartenWarp: Zoom limit reached
2025-02-18 14:20:48,386 [DEBUG] KartenWarp: Zoom limit reached
2025-02-18 14:20:48,386 [DEBUG] KartenWarp: Zoom limit reached
2025-02-18 14:20:48,402 [DEBUG] KartenWarp: Zoom limit reached
2025-02-18 14:20:48,418 [DEBUG] KartenWarp: Zoom limit reached
2025-02-18 14:20:48,418 [DEBUG] KartenWarp: Zoom limit reached
2025-02-18 14:20:48,451 [DEBUG] KartenWarp: Zoom limit reached
2025-02-18 14:20:48,451 [DEBUG] KartenWarp: Zoom limit reached
2025-02-18 14:20:48,474 [DEBUG] KartenWarp: Zoom limit reached
2025-02-18 14:20:48,482 [DEBUG] KartenWarp: Zoom limit reached
2025-02-18 14:20:48,504 [DEBUG] KartenWarp: Zoom limit reached
2025-02-18 14:20:48,504 [DEBUG] KartenWarp: Zoom limit reached
2025-02-18 14:20:48,520 [DEBUG] KartenWarp: Zoom limit reached
2025-02-18 14:20:48,536 [DEBUG] KartenWarp: Zoom limit reached
2025-02-18 14:20:48,552 [DEBUG] KartenWarp: Zoom limit reached
2025-02-18 14:20:48,584 [DEBUG] KartenWarp: Zoom limit reached
2025-02-18 14:20:48,616 [DEBUG] KartenWarp: Zoom limit reached
2025-02-18 14:20:48,616 [DEBUG] KartenWarp: Zoom limit reached
2025-02-18 14:20:48,632 [DEBUG] KartenWarp: Zoom limit reached
2025-02-18 14:20:48,664 [DEBUG] KartenWarp: Zoom limit reached
2025-02-18 14:20:48,680 [DEBUG] KartenWarp: Zoom limit reached
2025-02-18 14:20:48,696 [DEBUG] KartenWarp: Zoom limit reached
2025-02-18 14:20:48,728 [DEBUG] KartenWarp: Zoom limit reached
2025-02-18 14:20:48,904 [DEBUG] KartenWarp: Zoom UI updated to 12.3%
2025-02-18 14:20:48,904 [DEBUG] KartenWarp: Zoom factor set to 0.12289448520533656
2025-02-18 14:20:48,904 [DEBUG] KartenWarp: Zoom UI updated to 14.1%
2025-02-18 14:20:48,904 [DEBUG] KartenWarp: Zoom factor set to 0.14132865798613703
2025-02-18 14:20:48,920 [DEBUG] KartenWarp: Zoom UI updated to 16.3%
2025-02-18 14:20:48,920 [DEBUG] KartenWarp: Zoom factor set to 0.16252795668405756
2025-02-18 14:20:48,947 [DEBUG] KartenWarp: Zoom UI updated to 18.7%
2025-02-18 14:20:48,947 [DEBUG] KartenWarp: Zoom factor set to 0.18690715018666618
2025-02-18 14:20:48,953 [DEBUG] KartenWarp: Zoom UI updated to 21.5%
2025-02-18 14:20:48,953 [DEBUG] KartenWarp: Zoom factor set to 0.2149432227146661
2025-02-18 14:20:48,967 [DEBUG] KartenWarp: Zoom UI updated to 24.7%
2025-02-18 14:20:48,967 [DEBUG] KartenWarp: Zoom factor set to 0.247184706121866
2025-02-18 14:20:48,983 [DEBUG] KartenWarp: Zoom UI updated to 28.4%
2025-02-18 14:20:48,983 [DEBUG] KartenWarp: Zoom factor set to 0.28426241204014585
2025-02-18 14:20:49,000 [DEBUG] KartenWarp: Zoom UI updated to 32.7%
2025-02-18 14:20:49,000 [DEBUG] KartenWarp: Zoom factor set to 0.3269017738461677
2025-02-18 14:20:49,006 [DEBUG] KartenWarp: Zoom UI updated to 37.6%
2025-02-18 14:20:49,006 [DEBUG] KartenWarp: Zoom factor set to 0.3759370399230928
2025-02-18 14:20:49,029 [DEBUG] KartenWarp: Zoom UI updated to 43.2%
2025-02-18 14:20:49,030 [DEBUG] KartenWarp: Zoom factor set to 0.4323275959115567
2025-02-18 14:20:49,036 [DEBUG] KartenWarp: Zoom UI updated to 49.7%
2025-02-18 14:20:49,036 [DEBUG] KartenWarp: Zoom factor set to 0.49717673529829015
2025-02-18 14:20:49,053 [DEBUG] KartenWarp: Zoom UI updated to 57.2%
2025-02-18 14:20:49,053 [DEBUG] KartenWarp: Zoom factor set to 0.5717532455930336
2025-02-18 14:20:49,069 [DEBUG] KartenWarp: Zoom UI updated to 65.8%
2025-02-18 14:20:49,069 [DEBUG] KartenWarp: Zoom factor set to 0.6575162324319886
2025-02-18 14:20:49,085 [DEBUG] KartenWarp: Zoom UI updated to 75.6%
2025-02-18 14:20:49,085 [DEBUG] KartenWarp: Zoom factor set to 0.7561436672967868
2025-02-18 14:20:49,101 [DEBUG] KartenWarp: Zoom UI updated to 87.0%
2025-02-18 14:20:49,101 [DEBUG] KartenWarp: Zoom factor set to 0.8695652173913048
2025-02-18 14:20:49,132 [DEBUG] KartenWarp: Zoom UI updated to 100.0%
2025-02-18 14:20:49,132 [DEBUG] KartenWarp: Zoom factor set to 1.0000000000000004
2025-02-18 14:20:49,148 [DEBUG] KartenWarp: Zoom UI updated to 115.0%
2025-02-18 14:20:49,148 [DEBUG] KartenWarp: Zoom factor set to 1.1500000000000004
2025-02-18 14:20:49,164 [DEBUG] KartenWarp: Zoom UI updated to 132.3%
2025-02-18 14:20:49,164 [DEBUG] KartenWarp: Zoom factor set to 1.3225000000000002
2025-02-18 14:20:49,618 [DEBUG] KartenWarp: Zoom UI updated to 152.1%
2025-02-18 14:20:49,618 [DEBUG] KartenWarp: Zoom factor set to 1.5208750000000002
2025-02-18 14:20:49,618 [DEBUG] KartenWarp: Zoom UI updated to 174.9%
2025-02-18 14:20:49,618 [DEBUG] KartenWarp: Zoom factor set to 1.74900625
2025-02-18 14:20:49,634 [DEBUG] KartenWarp: Zoom UI updated to 201.1%
2025-02-18 14:20:49,634 [DEBUG] KartenWarp: Zoom factor set to 2.0113571875
2025-02-18 14:20:49,634 [DEBUG] KartenWarp: Zoom UI updated to 231.3%
2025-02-18 14:20:49,634 [DEBUG] KartenWarp: Zoom factor set to 2.3130607656249995
2025-02-18 14:20:49,650 [DEBUG] KartenWarp: Zoom UI updated to 266.0%
2025-02-18 14:20:49,650 [DEBUG] KartenWarp: Zoom factor set to 2.660019880468749
2025-02-18 14:20:49,665 [DEBUG] KartenWarp: Zoom UI updated to 305.9%
2025-02-18 14:20:49,665 [DEBUG] KartenWarp: Zoom factor set to 3.059022862539061
2025-02-18 14:20:49,665 [DEBUG] KartenWarp: Zoom UI updated to 351.8%
2025-02-18 14:20:49,665 [DEBUG] KartenWarp: Zoom factor set to 3.51787629191992
2025-02-18 14:20:49,681 [DEBUG] KartenWarp: Zoom UI updated to 404.6%
2025-02-18 14:20:49,681 [DEBUG] KartenWarp: Zoom factor set to 4.0455577357079076
2025-02-18 14:20:49,697 [DEBUG] KartenWarp: Zoom UI updated to 465.2%
2025-02-18 14:20:49,697 [DEBUG] KartenWarp: Zoom factor set to 4.652391396064093
2025-02-18 14:20:49,713 [DEBUG] KartenWarp: Zoom UI updated to 535.0%
2025-02-18 14:20:49,713 [DEBUG] KartenWarp: Zoom factor set to 5.350250105473707
2025-02-18 14:20:49,713 [DEBUG] KartenWarp: Zoom UI updated to 615.3%
2025-02-18 14:20:49,713 [DEBUG] KartenWarp: Zoom factor set to 6.152787621294762
2025-02-18 14:20:49,729 [DEBUG] KartenWarp: Zoom UI updated to 707.6%
2025-02-18 14:20:49,729 [DEBUG] KartenWarp: Zoom factor set to 7.075705764488976
2025-02-18 14:20:49,745 [DEBUG] KartenWarp: Zoom UI updated to 813.7%
2025-02-18 14:20:49,745 [DEBUG] KartenWarp: Zoom factor set to 8.137061629162321
2025-02-18 14:20:49,761 [DEBUG] KartenWarp: Zoom UI updated to 935.8%
2025-02-18 14:20:49,761 [DEBUG] KartenWarp: Zoom factor set to 9.35762087353667
2025-02-18 14:20:49,777 [DEBUG] KartenWarp: Zoom limit reached
2025-02-18 14:20:49,793 [DEBUG] KartenWarp: Zoom limit reached
2025-02-18 14:20:49,809 [DEBUG] KartenWarp: Zoom limit reached
2025-02-18 14:20:49,809 [DEBUG] KartenWarp: Zoom limit reached
2025-02-18 14:20:49,825 [DEBUG] KartenWarp: Zoom limit reached
2025-02-18 14:20:49,841 [DEBUG] KartenWarp: Zoom limit reached
2025-02-18 14:20:49,857 [DEBUG] KartenWarp: Zoom limit reached
2025-02-18 14:20:49,873 [DEBUG] KartenWarp: Zoom limit reached
2025-02-18 14:20:49,889 [DEBUG] KartenWarp: Zoom limit reached
2025-02-18 14:20:49,904 [DEBUG] KartenWarp: Zoom limit reached
2025-02-18 14:20:49,921 [DEBUG] KartenWarp: Zoom limit reached
2025-02-18 14:20:49,953 [DEBUG] KartenWarp: Zoom limit reached
2025-02-18 14:20:50,454 [DEBUG] KartenWarp: Zoom limit reached
2025-02-18 14:20:50,470 [DEBUG] KartenWarp: Zoom limit reached
2025-02-18 14:20:50,535 [DEBUG] KartenWarp: Zoom limit reached
2025-02-18 14:20:50,875 [DEBUG] KartenWarp: Panning started
2025-02-18 14:20:51,170 [DEBUG] KartenWarp: Panning ended
2025-02-18 14:20:51,281 [DEBUG] KartenWarp: Zoom limit reached
2025-02-18 14:20:52,638 [DEBUG] KartenWarp: Zoom UI updated to 813.7%
2025-02-18 14:20:52,638 [DEBUG] KartenWarp: Zoom factor set to 8.137061629162321
2025-02-18 14:20:52,988 [DEBUG] KartenWarp: Active scene set
2025-02-18 14:20:52,988 [DEBUG] KartenWarp: FeaturePointPresenter: Refreshing UI items.
2025-02-18 14:20:53,101 [DEBUG] KartenWarp: Active scene set
2025-02-18 14:20:53,994 [DEBUG] KartenWarp: Zoom UI updated to 935.8%
2025-02-18 14:20:53,994 [DEBUG] KartenWarp: Zoom factor set to 9.35762087353667
2025-02-18 14:20:54,015 [DEBUG] KartenWarp: Zoom limit reached
2025-02-18 14:20:54,027 [DEBUG] KartenWarp: Zoom limit reached
2025-02-18 14:20:54,106 [DEBUG] KartenWarp: Zoom limit reached
2025-02-18 14:20:54,497 [DEBUG] KartenWarp: Zoom limit reached
2025-02-18 14:20:54,529 [DEBUG] KartenWarp: Zoom limit reached
2025-02-18 14:20:54,545 [DEBUG] KartenWarp: Zoom limit reached
2025-02-18 14:20:54,594 [DEBUG] KartenWarp: Zoom limit reached
