2025-02-19 00:38:57,032 [INFO] KartenWarp: Logging started in C:\Github\TR_mod\.tools\KartenWarp\dev\temp\run_20250219_003857
2025-02-19 00:38:57,033 [INFO] KartenWarp: Transformation logger configured
2025-02-19 00:38:57,033 [DEBUG] KartenWarp: Initializing SceneState
2025-02-19 00:38:57,082 [DEBUG] KartenWarp: Extracted 100 localization keys from source code.
2025-02-19 00:38:57,083 [DEBUG] KartenWarp: Updated de.json with 100 keys. Written to temp folder.
2025-02-19 00:38:57,084 [DEBUG] KartenWarp: Updated en.json with 100 keys. Written to temp folder.
2025-02-19 00:38:57,084 [DEBUG] KartenWarp: Updated ja.json with 100 keys. Written to temp folder.
2025-02-19 00:38:57,085 [DEBUG] KartenWarp: Loaded localization from C:\Github\TR_mod\.tools\KartenWarp\dev\temp\ja.json
2025-02-19 00:38:57,087 [DEBUG] KartenWarp: theme.py module loaded
2025-02-19 00:38:57,096 [DEBUG] KartenWarp: SceneState.__init__
2025-02-19 00:38:57,096 [DEBUG] KartenWarp: InteractiveScene initialized for game
2025-02-19 00:38:57,097 [DEBUG] KartenWarp: InteractiveScene initialized for real
2025-02-19 00:38:57,098 [DEBUG] KartenWarp: InteractiveView.__init__
2025-02-19 00:38:59,407 [DEBUG] KartenWarp: InteractiveView.__init__
2025-02-19 00:38:59,419 [DEBUG] KartenWarp: Menus created
2025-02-19 00:38:59,419 [DEBUG] KartenWarp: MainWindow initialized
2025-02-19 00:38:59,419 [DEBUG] KartenWarp: Getting dark mode stylesheet
2025-02-19 00:38:59,489 [DEBUG] KartenWarp: SceneState.__init__
2025-02-19 00:38:59,489 [DEBUG] KartenWarp: InteractiveScene initialized for game
2025-02-19 00:38:59,490 [DEBUG] KartenWarp: InteractiveView.__init__
2025-02-19 00:38:59,490 [DEBUG] KartenWarp: DetachedWindow initialized
2025-02-19 00:38:59,497 [DEBUG] KartenWarp: Getting dark mode stylesheet
2025-02-19 00:38:59,545 [INFO] KartenWarp: DetachedWindow closed and mode toggled
2025-02-19 00:38:59,555 [DEBUG] KartenWarp: DetachedWindow initialized
2025-02-19 00:38:59,555 [DEBUG] KartenWarp: Getting dark mode stylesheet
2025-02-19 00:38:59,557 [DEBUG] KartenWarp: DetachedWindow initialized
2025-02-19 00:38:59,557 [DEBUG] KartenWarp: Getting dark mode stylesheet
2025-02-19 00:38:59,588 [INFO] KartenWarp: Entered detached mode
2025-02-19 00:38:59,588 [DEBUG] KartenWarp: Mode toggled to 分離モード
2025-02-19 00:38:59,588 [INFO] KartenWarp: DetachedWindow closed and mode toggled
2025-02-19 00:38:59,589 [INFO] KartenWarp: User confirmed exit. Closing application.
2025-02-19 00:38:59,597 [DEBUG] KartenWarp: SceneState.__init__
2025-02-19 00:38:59,597 [DEBUG] KartenWarp: InteractiveScene initialized for game
2025-02-19 00:38:59,597 [DEBUG] KartenWarp: InteractiveScene initialized for real
2025-02-19 00:38:59,598 [DEBUG] KartenWarp: InteractiveView.__init__
2025-02-19 00:38:59,598 [DEBUG] KartenWarp: InteractiveView.__init__
2025-02-19 00:38:59,600 [DEBUG] KartenWarp: Menus created
2025-02-19 00:38:59,600 [DEBUG] KartenWarp: MainWindow initialized
2025-02-19 00:38:59,600 [DEBUG] KartenWarp: Getting dark mode stylesheet
2025-02-19 00:38:59,617 [DEBUG] KartenWarp: SceneState.__init__
2025-02-19 00:38:59,617 [DEBUG] KartenWarp: InteractiveScene initialized for game
2025-02-19 00:38:59,618 [DEBUG] KartenWarp: InteractiveView.__init__
2025-02-19 00:38:59,618 [DEBUG] KartenWarp: DetachedWindow initialized
2025-02-19 00:38:59,618 [DEBUG] KartenWarp: Getting dark mode stylesheet
2025-02-19 00:38:59,639 [DEBUG] KartenWarp: DetachedWindow initialized
2025-02-19 00:38:59,640 [DEBUG] KartenWarp: Getting dark mode stylesheet
2025-02-19 00:38:59,641 [DEBUG] KartenWarp: DetachedWindow initialized
2025-02-19 00:38:59,641 [DEBUG] KartenWarp: Getting dark mode stylesheet
2025-02-19 00:38:59,670 [INFO] KartenWarp: Entered detached mode
2025-02-19 00:38:59,671 [DEBUG] KartenWarp: Mode toggled to 分離モード
2025-02-19 00:38:59,671 [DEBUG] KartenWarp: Toggle mode key pressed in DetachedWindow
2025-02-19 00:38:59,672 [DEBUG] KartenWarp: DetachedWindow forced close, skipping confirm dialog
2025-02-19 00:38:59,674 [DEBUG] KartenWarp: DetachedWindow force closed
2025-02-19 00:38:59,680 [DEBUG] KartenWarp: DetachedWindow forced close, skipping confirm dialog
2025-02-19 00:38:59,692 [DEBUG] KartenWarp: DetachedWindow force closed
2025-02-19 00:38:59,766 [INFO] KartenWarp: Returned to integrated mode
2025-02-19 00:38:59,767 [DEBUG] KartenWarp: Mode toggled to 統合モード
2025-02-19 00:38:59,767 [INFO] KartenWarp: DetachedWindow closed and mode toggled
2025-02-19 00:38:59,778 [INFO] KartenWarp: User confirmed exit. Closing application.
2025-02-19 00:38:59,783 [DEBUG] KartenWarp: SceneState.__init__
2025-02-19 00:38:59,784 [DEBUG] KartenWarp: InteractiveScene initialized for game
2025-02-19 00:38:59,784 [DEBUG] KartenWarp: InteractiveScene initialized for real
2025-02-19 00:38:59,784 [DEBUG] KartenWarp: InteractiveView.__init__
2025-02-19 00:38:59,786 [DEBUG] KartenWarp: InteractiveView.__init__
2025-02-19 00:38:59,788 [DEBUG] KartenWarp: Menus created
2025-02-19 00:38:59,788 [DEBUG] KartenWarp: MainWindow initialized
2025-02-19 00:38:59,788 [DEBUG] KartenWarp: Getting dark mode stylesheet
2025-02-19 00:38:59,804 [DEBUG] KartenWarp: SceneState.__init__
2025-02-19 00:38:59,804 [DEBUG] KartenWarp: InteractiveScene initialized for game
2025-02-19 00:38:59,805 [DEBUG] KartenWarp: InteractiveView.__init__
2025-02-19 00:38:59,805 [DEBUG] KartenWarp: DetachedWindow initialized
2025-02-19 00:38:59,806 [DEBUG] KartenWarp: Getting dark mode stylesheet
2025-02-19 00:38:59,822 [DEBUG] KartenWarp: Undo executed in DetachedWindow
2025-02-19 00:38:59,835 [DEBUG] KartenWarp: Redo executed in DetachedWindow
2025-02-19 00:38:59,839 [DEBUG] KartenWarp: DetachedWindow initialized
2025-02-19 00:38:59,839 [DEBUG] KartenWarp: Getting dark mode stylesheet
2025-02-19 00:38:59,842 [DEBUG] KartenWarp: DetachedWindow initialized
2025-02-19 00:38:59,843 [DEBUG] KartenWarp: Getting dark mode stylesheet
2025-02-19 00:38:59,876 [INFO] KartenWarp: Entered detached mode
2025-02-19 00:38:59,876 [DEBUG] KartenWarp: Mode toggled to 分離モード
2025-02-19 00:38:59,876 [INFO] KartenWarp: DetachedWindow closed and mode toggled
2025-02-19 00:38:59,879 [INFO] KartenWarp: User confirmed exit. Closing application.
2025-02-19 00:38:59,884 [DEBUG] KartenWarp: SceneState.__init__
2025-02-19 00:38:59,884 [DEBUG] KartenWarp: InteractiveScene initialized for game
2025-02-19 00:38:59,884 [DEBUG] KartenWarp: InteractiveScene initialized for real
2025-02-19 00:38:59,884 [DEBUG] KartenWarp: InteractiveView.__init__
2025-02-19 00:38:59,886 [DEBUG] KartenWarp: InteractiveView.__init__
2025-02-19 00:38:59,888 [DEBUG] KartenWarp: Menus created
2025-02-19 00:38:59,888 [DEBUG] KartenWarp: MainWindow initialized
2025-02-19 00:38:59,888 [DEBUG] KartenWarp: Getting dark mode stylesheet
2025-02-19 00:38:59,909 [DEBUG] KartenWarp: SceneState.__init__
2025-02-19 00:38:59,909 [DEBUG] KartenWarp: InteractiveScene initialized for game
2025-02-19 00:38:59,909 [DEBUG] KartenWarp: InteractiveView.__init__
2025-02-19 00:38:59,909 [DEBUG] KartenWarp: DetachedWindow initialized
2025-02-19 00:38:59,910 [DEBUG] KartenWarp: Getting dark mode stylesheet
2025-02-19 00:38:59,925 [DEBUG] KartenWarp: DetachedWindow initialized
2025-02-19 00:38:59,926 [DEBUG] KartenWarp: Getting dark mode stylesheet
2025-02-19 00:38:59,927 [DEBUG] KartenWarp: DetachedWindow initialized
2025-02-19 00:38:59,927 [DEBUG] KartenWarp: Getting dark mode stylesheet
2025-02-19 00:38:59,959 [INFO] KartenWarp: Entered detached mode
2025-02-19 00:38:59,959 [DEBUG] KartenWarp: Mode toggled to 分離モード
2025-02-19 00:38:59,959 [INFO] KartenWarp: DetachedWindow closed and mode toggled
2025-02-19 00:38:59,961 [INFO] KartenWarp: User confirmed exit. Closing application.
2025-02-19 00:38:59,967 [DEBUG] KartenWarp: SceneState.__init__
2025-02-19 00:38:59,967 [DEBUG] KartenWarp: InteractiveScene initialized for game
2025-02-19 00:38:59,968 [DEBUG] KartenWarp: FeaturePointPresenter: Refreshing UI items.
2025-02-19 00:39:00,029 [DEBUG] KartenWarp: Updating game points: [[50, 50]]
2025-02-19 00:39:00,030 [DEBUG] KartenWarp: FeaturePointPresenter: Refreshing UI items.
2025-02-19 00:39:00,032 [DEBUG] KartenWarp: Updating game points: [[50, 50], [100, 100]]
2025-02-19 00:39:00,033 [DEBUG] KartenWarp: HistoryDialog initialized
2025-02-19 00:39:00,037 [DEBUG] KartenWarp: Refreshing history dialog
2025-02-19 00:39:00,315 [DEBUG] KartenWarp: SceneState.__init__
2025-02-19 00:39:00,315 [DEBUG] KartenWarp: InteractiveScene initialized for game
2025-02-19 00:39:00,315 [DEBUG] KartenWarp: FeaturePointPresenter: Refreshing UI items.
2025-02-19 00:39:00,316 [DEBUG] KartenWarp: Updating game points: [[50, 50]]
2025-02-19 00:39:00,316 [DEBUG] KartenWarp: FeaturePointPresenter: Refreshing UI items.
2025-02-19 00:39:00,316 [DEBUG] KartenWarp: Updating game points: [[50, 50], [100, 100]]
2025-02-19 00:39:00,317 [DEBUG] KartenWarp: HistoryDialog initialized
2025-02-19 00:39:00,317 [DEBUG] KartenWarp: Refreshing history dialog
2025-02-19 00:39:00,573 [DEBUG] KartenWarp: FeaturePointPresenter: Refreshing UI items.
2025-02-19 00:39:00,575 [DEBUG] KartenWarp: Updating game points: [[50, 50]]
2025-02-19 00:39:00,575 [DEBUG] KartenWarp: FeaturePointPresenter: Refreshing UI items.
2025-02-19 00:39:00,576 [DEBUG] KartenWarp: Updating game points: [[50, 50]]
2025-02-19 00:39:00,576 [DEBUG] KartenWarp: Refreshing history dialog
2025-02-19 00:39:00,577 [DEBUG] KartenWarp: Jumped to history index 0
2025-02-19 00:39:00,602 [DEBUG] KartenWarp: SceneState.__init__
2025-02-19 00:39:00,602 [DEBUG] KartenWarp: InteractiveScene initialized for game
2025-02-19 00:39:00,602 [DEBUG] KartenWarp: InteractiveScene initialized for real
2025-02-19 00:39:00,604 [DEBUG] KartenWarp: InteractiveView.__init__
2025-02-19 00:39:00,605 [DEBUG] KartenWarp: InteractiveView.__init__
2025-02-19 00:39:00,608 [DEBUG] KartenWarp: Menus created
2025-02-19 00:39:00,608 [DEBUG] KartenWarp: MainWindow initialized
2025-02-19 00:39:00,608 [DEBUG] KartenWarp: Getting dark mode stylesheet
2025-02-19 00:39:00,661 [DEBUG] KartenWarp: Setting image in scene
2025-02-19 00:39:00,666 [DEBUG] KartenWarp: Active scene set
2025-02-19 00:39:00,693 [DEBUG] KartenWarp: Updating game points: []
2025-02-19 00:39:00,695 [DEBUG] KartenWarp: Setting image in scene
2025-02-19 00:39:00,698 [DEBUG] KartenWarp: Updating real points: []
2025-02-19 00:39:00,699 [DEBUG] KartenWarp: FeaturePointPresenter: Refreshing UI items.
2025-02-19 00:39:00,699 [DEBUG] KartenWarp: Updating game points: [[10, 10]]
2025-02-19 00:39:00,699 [DEBUG] KartenWarp: FeaturePointPresenter: Refreshing UI items.
2025-02-19 00:39:00,699 [DEBUG] KartenWarp: Updating game points: [[10, 10], [20, 25]]
2025-02-19 00:39:00,699 [DEBUG] KartenWarp: FeaturePointPresenter: Refreshing UI items.
2025-02-19 00:39:00,700 [DEBUG] KartenWarp: Updating game points: [[10, 10], [20, 25], [30, 30]]
2025-02-19 00:39:00,700 [DEBUG] KartenWarp: FeaturePointPresenter: Refreshing UI items.
2025-02-19 00:39:00,700 [DEBUG] KartenWarp: Updating real points: [[15, 15]]
2025-02-19 00:39:00,700 [DEBUG] KartenWarp: FeaturePointPresenter: Refreshing UI items.
2025-02-19 00:39:00,700 [DEBUG] KartenWarp: Updating real points: [[15, 15], [25, 28]]
2025-02-19 00:39:00,700 [DEBUG] KartenWarp: FeaturePointPresenter: Refreshing UI items.
2025-02-19 00:39:00,701 [DEBUG] KartenWarp: Updating real points: [[15, 15], [25, 28], [35, 35]]
2025-02-19 00:39:00,701 [DEBUG] KartenWarp.Transform: Starting perform_tps_transform
2025-02-19 00:39:00,701 [DEBUG] KartenWarp.Transform: Starting perform_transformation
2025-02-19 00:39:00,704 [DEBUG] KartenWarp: Converting QImage to NumPy array
2025-02-19 00:39:00,707 [DEBUG] KartenWarp.Transform: Computing TPS parameters
2025-02-19 00:39:00,709 [DEBUG] KartenWarp.Transform: Adaptive enabled: adjusted reg_lambda = 0.4166666666666667
2025-02-19 00:39:00,713 [DEBUG] KartenWarp.Transform: TPS parameters computed
2025-02-19 00:39:00,714 [DEBUG] KartenWarp.Transform: Applying TPS warp
2025-02-19 00:39:00,715 [DEBUG] KartenWarp.Transform: TPS warp applied
2025-02-19 00:39:00,715 [DEBUG] KartenWarp.Transform: Transformation performed successfully
2025-02-19 00:39:00,716 [INFO] KartenWarp.Transform: TPS transform completed successfully
2025-02-19 00:39:00,716 [DEBUG] KartenWarp: Initializing ResultWindow
2025-02-19 00:39:00,717 [DEBUG] KartenWarp: Getting dark mode stylesheet
2025-02-19 00:39:00,735 [INFO] KartenWarp: TPS transformation executed successfully
2025-02-19 00:39:00,736 [INFO] KartenWarp: User confirmed exit. Closing application.
2025-02-19 00:39:00,764 [DEBUG] KartenWarp: SceneState.__init__
2025-02-19 00:39:00,764 [DEBUG] KartenWarp: InteractiveScene initialized for game
2025-02-19 00:39:00,764 [DEBUG] KartenWarp: FeaturePointPresenter: Refreshing UI items.
2025-02-19 00:39:00,765 [DEBUG] KartenWarp: Updating game points: [[100, 200]]
2025-02-19 00:39:00,765 [DEBUG] KartenWarp: FeaturePointPresenter: Refreshing UI items.
2025-02-19 00:39:00,766 [DEBUG] KartenWarp: Updating game points: [[100, 200], [300, 400]]
2025-02-19 00:39:00,766 [DEBUG] KartenWarp: SceneState.__init__
2025-02-19 00:39:00,766 [DEBUG] KartenWarp: InteractiveScene initialized for game
2025-02-19 00:39:00,766 [DEBUG] KartenWarp: FeaturePointPresenter: Refreshing UI items.
2025-02-19 00:39:00,767 [DEBUG] KartenWarp: Updating game points: [[10, 20]]
2025-02-19 00:39:00,767 [DEBUG] KartenWarp: FeaturePointPresenter: Refreshing UI items.
2025-02-19 00:39:00,767 [DEBUG] KartenWarp: Updating game points: []
2025-02-19 00:39:00,767 [DEBUG] KartenWarp: FeaturePointPresenter: Refreshing UI items.
2025-02-19 00:39:00,768 [DEBUG] KartenWarp: Updating game points: [[10, 20]]
2025-02-19 00:39:00,768 [DEBUG] KartenWarp: FeaturePointPresenter: Refreshing UI items.
2025-02-19 00:39:00,768 [DEBUG] KartenWarp: Updating game points: [[100, 200]]
2025-02-19 00:39:00,768 [DEBUG] KartenWarp: SceneState.__init__
2025-02-19 00:39:00,768 [DEBUG] KartenWarp: InteractiveScene initialized for game
2025-02-19 00:39:00,768 [DEBUG] KartenWarp: Setting image in scene
2025-02-19 00:39:00,768 [DEBUG] KartenWarp: Updating game points: []
2025-02-19 00:39:00,769 [DEBUG] KartenWarp: SceneState.__init__
2025-02-19 00:39:00,769 [DEBUG] KartenWarp: InteractiveScene initialized for game
2025-02-19 00:39:00,769 [DEBUG] KartenWarp: FeaturePointPresenter: Refreshing UI items.
2025-02-19 00:39:00,769 [DEBUG] KartenWarp: Updating game points: [[10, 20]]
2025-02-19 00:39:00,769 [DEBUG] KartenWarp: FeaturePointPresenter: Refreshing UI items.
2025-02-19 00:39:00,769 [DEBUG] KartenWarp: Updating game points: [[10, 20], [30, 40]]
2025-02-19 00:39:00,769 [DEBUG] KartenWarp: FeaturePointPresenter: Refreshing UI items.
2025-02-19 00:39:00,770 [DEBUG] KartenWarp: Updating game points: [[10, 20], [30, 40], [50, 60]]
2025-02-19 00:39:00,770 [DEBUG] KartenWarp: FeaturePointPresenter: Refreshing UI items.
2025-02-19 00:39:00,771 [DEBUG] KartenWarp: Updating game points: [[10, 20], [30, 40]]
2025-02-19 00:39:00,771 [DEBUG] KartenWarp: FeaturePointPresenter: Refreshing UI items.
2025-02-19 00:39:00,771 [DEBUG] KartenWarp: Updating game points: [[10, 20]]
2025-02-19 00:39:00,771 [DEBUG] KartenWarp: FeaturePointPresenter: Refreshing UI items.
2025-02-19 00:39:00,772 [DEBUG] KartenWarp: Updating game points: [[10, 20], [30, 40]]
2025-02-19 00:39:00,772 [DEBUG] KartenWarp: FeaturePointPresenter: Refreshing UI items.
2025-02-19 00:39:00,773 [DEBUG] KartenWarp: Updating game points: [[10, 20], [30, 40], [50, 60]]
2025-02-19 00:39:00,773 [DEBUG] KartenWarp: SceneState.__init__
2025-02-19 00:39:00,773 [DEBUG] KartenWarp: InteractiveScene initialized for game
2025-02-19 00:39:00,776 [DEBUG] KartenWarp: InteractiveView.__init__
2025-02-19 00:39:00,853 [DEBUG] KartenWarp: Panning started
2025-02-19 00:39:00,858 [DEBUG] KartenWarp: Panning ended
2025-02-19 00:39:00,881 [DEBUG] KartenWarp: SceneState.__init__
2025-02-19 00:39:00,881 [DEBUG] KartenWarp: InteractiveScene initialized for game
2025-02-19 00:39:00,882 [DEBUG] KartenWarp: InteractiveView.__init__
2025-02-19 00:39:00,962 [DEBUG] KartenWarp: Zoom factor set to 1.15
2025-02-19 00:39:00,983 [ERROR] KartenWarp: Error loading localization; falling back to Japanese
Traceback (most recent call last):
  File "C:\Github\TR_mod\.tools\KartenWarp\dev\kartenwarp\localization.py", line 66, in load_localization
    with open(file_path, "r", encoding="utf-8") as f:
         ^^^^^^^^^^^^^^^^^^^^^^^^^^^^^^^^^^^^^^
  File "C:\Program Files\WindowsApps\PythonSoftwareFoundation.Python.3.11_3.11.2544.0_x64__qbz5n2kfra8p0\Lib\unittest\mock.py", line 1124, in __call__
    return self._mock_call(*args, **kwargs)
           ^^^^^^^^^^^^^^^^^^^^^^^^^^^^^^^^
  File "C:\Program Files\WindowsApps\PythonSoftwareFoundation.Python.3.11_3.11.2544.0_x64__qbz5n2kfra8p0\Lib\unittest\mock.py", line 1128, in _mock_call
    return self._execute_mock_call(*args, **kwargs)
           ^^^^^^^^^^^^^^^^^^^^^^^^^^^^^^^^^^^^^^^^
  File "C:\Program Files\WindowsApps\PythonSoftwareFoundation.Python.3.11_3.11.2544.0_x64__qbz5n2kfra8p0\Lib\unittest\mock.py", line 1183, in _execute_mock_call
    raise effect
ValueError: JSON Decode Error
2025-02-19 00:39:00,986 [ERROR] KartenWarp: Error loading fallback localization. Using minimal built-in fallback.
Traceback (most recent call last):
  File "C:\Github\TR_mod\.tools\KartenWarp\dev\kartenwarp\localization.py", line 78, in load_localization
    with open(fallback_path, "r", encoding="utf-8") as f:
         ^^^^^^^^^^^^^^^^^^^^^^^^^^^^^^^^^^^^^^^^^^
  File "C:\Program Files\WindowsApps\PythonSoftwareFoundation.Python.3.11_3.11.2544.0_x64__qbz5n2kfra8p0\Lib\unittest\mock.py", line 1124, in __call__
    return self._mock_call(*args, **kwargs)
           ^^^^^^^^^^^^^^^^^^^^^^^^^^^^^^^^
  File "C:\Program Files\WindowsApps\PythonSoftwareFoundation.Python.3.11_3.11.2544.0_x64__qbz5n2kfra8p0\Lib\unittest\mock.py", line 1128, in _mock_call
    return self._execute_mock_call(*args, **kwargs)
           ^^^^^^^^^^^^^^^^^^^^^^^^^^^^^^^^^^^^^^^^
  File "C:\Program Files\WindowsApps\PythonSoftwareFoundation.Python.3.11_3.11.2544.0_x64__qbz5n2kfra8p0\Lib\unittest\mock.py", line 1183, in _execute_mock_call
    raise effect
  File "C:\Github\TR_mod\.tools\KartenWarp\dev\kartenwarp\localization.py", line 66, in load_localization
    with open(file_path, "r", encoding="utf-8") as f:
         ^^^^^^^^^^^^^^^^^^^^^^^^^^^^^^^^^^^^^^
  File "C:\Program Files\WindowsApps\PythonSoftwareFoundation.Python.3.11_3.11.2544.0_x64__qbz5n2kfra8p0\Lib\unittest\mock.py", line 1124, in __call__
    return self._mock_call(*args, **kwargs)
           ^^^^^^^^^^^^^^^^^^^^^^^^^^^^^^^^
  File "C:\Program Files\WindowsApps\PythonSoftwareFoundation.Python.3.11_3.11.2544.0_x64__qbz5n2kfra8p0\Lib\unittest\mock.py", line 1128, in _mock_call
    return self._execute_mock_call(*args, **kwargs)
           ^^^^^^^^^^^^^^^^^^^^^^^^^^^^^^^^^^^^^^^^
  File "C:\Program Files\WindowsApps\PythonSoftwareFoundation.Python.3.11_3.11.2544.0_x64__qbz5n2kfra8p0\Lib\unittest\mock.py", line 1183, in _execute_mock_call
    raise effect
ValueError: JSON Decode Error
2025-02-19 00:39:01,024 [ERROR] KartenWarp: Error loading localization; falling back to Japanese
Traceback (most recent call last):
  File "C:\Github\TR_mod\.tools\KartenWarp\dev\kartenwarp\localization.py", line 66, in load_localization
    with open(file_path, "r", encoding="utf-8") as f:
         ^^^^^^^^^^^^^^^^^^^^^^^^^^^^^^^^^^^^^^
  File "C:\Program Files\WindowsApps\PythonSoftwareFoundation.Python.3.11_3.11.2544.0_x64__qbz5n2kfra8p0\Lib\unittest\mock.py", line 1124, in __call__
    return self._mock_call(*args, **kwargs)
           ^^^^^^^^^^^^^^^^^^^^^^^^^^^^^^^^
  File "C:\Program Files\WindowsApps\PythonSoftwareFoundation.Python.3.11_3.11.2544.0_x64__qbz5n2kfra8p0\Lib\unittest\mock.py", line 1128, in _mock_call
    return self._execute_mock_call(*args, **kwargs)
           ^^^^^^^^^^^^^^^^^^^^^^^^^^^^^^^^^^^^^^^^
  File "C:\Program Files\WindowsApps\PythonSoftwareFoundation.Python.3.11_3.11.2544.0_x64__qbz5n2kfra8p0\Lib\unittest\mock.py", line 1183, in _execute_mock_call
    raise effect
FileNotFoundError
2025-02-19 00:39:01,025 [ERROR] KartenWarp: Error loading fallback localization. Using minimal built-in fallback.
Traceback (most recent call last):
  File "C:\Github\TR_mod\.tools\KartenWarp\dev\kartenwarp\localization.py", line 66, in load_localization
    with open(file_path, "r", encoding="utf-8") as f:
         ^^^^^^^^^^^^^^^^^^^^^^^^^^^^^^^^^^^^^^
  File "C:\Program Files\WindowsApps\PythonSoftwareFoundation.Python.3.11_3.11.2544.0_x64__qbz5n2kfra8p0\Lib\unittest\mock.py", line 1124, in __call__
    return self._mock_call(*args, **kwargs)
           ^^^^^^^^^^^^^^^^^^^^^^^^^^^^^^^^
  File "C:\Program Files\WindowsApps\PythonSoftwareFoundation.Python.3.11_3.11.2544.0_x64__qbz5n2kfra8p0\Lib\unittest\mock.py", line 1128, in _mock_call
    return self._execute_mock_call(*args, **kwargs)
           ^^^^^^^^^^^^^^^^^^^^^^^^^^^^^^^^^^^^^^^^
  File "C:\Program Files\WindowsApps\PythonSoftwareFoundation.Python.3.11_3.11.2544.0_x64__qbz5n2kfra8p0\Lib\unittest\mock.py", line 1183, in _execute_mock_call
    raise effect
FileNotFoundError

During handling of the above exception, another exception occurred:

Traceback (most recent call last):
  File "C:\Github\TR_mod\.tools\KartenWarp\dev\kartenwarp\localization.py", line 78, in load_localization
    with open(fallback_path, "r", encoding="utf-8") as f:
         ^^^^^^^^^^^^^^^^^^^^^^^^^^^^^^^^^^^^^^^^^^
  File "C:\Program Files\WindowsApps\PythonSoftwareFoundation.Python.3.11_3.11.2544.0_x64__qbz5n2kfra8p0\Lib\unittest\mock.py", line 1124, in __call__
    return self._mock_call(*args, **kwargs)
           ^^^^^^^^^^^^^^^^^^^^^^^^^^^^^^^^
  File "C:\Program Files\WindowsApps\PythonSoftwareFoundation.Python.3.11_3.11.2544.0_x64__qbz5n2kfra8p0\Lib\unittest\mock.py", line 1128, in _mock_call
    return self._execute_mock_call(*args, **kwargs)
           ^^^^^^^^^^^^^^^^^^^^^^^^^^^^^^^^^^^^^^^^
  File "C:\Program Files\WindowsApps\PythonSoftwareFoundation.Python.3.11_3.11.2544.0_x64__qbz5n2kfra8p0\Lib\unittest\mock.py", line 1183, in _execute_mock_call
    raise effect
FileNotFoundError
2025-02-19 00:39:01,030 [DEBUG] KartenWarp: SceneState.__init__
2025-02-19 00:39:01,030 [DEBUG] KartenWarp: InteractiveScene initialized for game
2025-02-19 00:39:01,030 [DEBUG] KartenWarp: InteractiveScene initialized for real
2025-02-19 00:39:01,030 [DEBUG] KartenWarp: InteractiveView.__init__
2025-02-19 00:39:01,030 [DEBUG] KartenWarp: InteractiveView.__init__
2025-02-19 00:39:01,032 [DEBUG] KartenWarp: Menus created
2025-02-19 00:39:01,032 [DEBUG] KartenWarp: MainWindow initialized
2025-02-19 00:39:01,032 [DEBUG] KartenWarp: Getting dark mode stylesheet
2025-02-19 00:39:01,057 [INFO] KartenWarp: Game image loading cancelled
2025-02-19 00:39:01,058 [INFO] KartenWarp: User confirmed exit. Closing application.
2025-02-19 00:39:01,069 [DEBUG] KartenWarp: SceneState.__init__
2025-02-19 00:39:01,069 [DEBUG] KartenWarp: InteractiveScene initialized for game
2025-02-19 00:39:01,069 [DEBUG] KartenWarp: InteractiveScene initialized for real
2025-02-19 00:39:01,071 [DEBUG] KartenWarp: InteractiveView.__init__
2025-02-19 00:39:01,074 [DEBUG] KartenWarp: InteractiveView.__init__
2025-02-19 00:39:01,077 [DEBUG] KartenWarp: Menus created
2025-02-19 00:39:01,077 [DEBUG] KartenWarp: MainWindow initialized
2025-02-19 00:39:01,077 [DEBUG] KartenWarp: Getting dark mode stylesheet
2025-02-19 00:39:01,108 [DEBUG] KartenWarp: OptionsDialog initialized
2025-02-19 00:39:01,121 [DEBUG] KartenWarp: Menus created
2025-02-19 00:39:01,121 [DEBUG] KartenWarp: Getting dark mode stylesheet
2025-02-19 00:39:01,126 [DEBUG] KartenWarp: Options dialog accepted and settings updated
2025-02-19 00:39:01,126 [INFO] KartenWarp: User confirmed exit. Closing application.
2025-02-19 00:39:01,150 [DEBUG] KartenWarp: SceneState.__init__
2025-02-19 00:39:01,150 [DEBUG] KartenWarp: InteractiveScene initialized for game
2025-02-19 00:39:01,150 [DEBUG] KartenWarp: InteractiveScene initialized for real
2025-02-19 00:39:01,150 [DEBUG] KartenWarp: InteractiveView.__init__
2025-02-19 00:39:01,151 [DEBUG] KartenWarp: InteractiveView.__init__
2025-02-19 00:39:01,155 [DEBUG] KartenWarp: Menus created
2025-02-19 00:39:01,155 [DEBUG] KartenWarp: MainWindow initialized
2025-02-19 00:39:01,155 [DEBUG] KartenWarp: Getting dark mode stylesheet
2025-02-19 00:39:01,208 [DEBUG] KartenWarp: DetachedWindow initialized
2025-02-19 00:39:01,208 [DEBUG] KartenWarp: Getting dark mode stylesheet
2025-02-19 00:39:01,212 [DEBUG] KartenWarp: DetachedWindow initialized
2025-02-19 00:39:01,212 [DEBUG] KartenWarp: Getting dark mode stylesheet
2025-02-19 00:39:01,247 [INFO] KartenWarp: Entered detached mode
2025-02-19 00:39:01,247 [DEBUG] KartenWarp: Mode toggled to 分離モード
2025-02-19 00:39:01,247 [DEBUG] KartenWarp: DetachedWindow forced close, skipping confirm dialog
2025-02-19 00:39:01,249 [DEBUG] KartenWarp: DetachedWindow force closed
2025-02-19 00:39:01,257 [DEBUG] KartenWarp: DetachedWindow forced close, skipping confirm dialog
2025-02-19 00:39:01,264 [DEBUG] KartenWarp: DetachedWindow force closed
2025-02-19 00:39:01,276 [INFO] KartenWarp: Returned to integrated mode
2025-02-19 00:39:01,277 [DEBUG] KartenWarp: Mode toggled to 統合モード
2025-02-19 00:39:01,277 [INFO] KartenWarp: User confirmed exit. Closing application.
2025-02-19 00:39:01,291 [DEBUG] KartenWarp: SceneState.__init__
2025-02-19 00:39:01,291 [DEBUG] KartenWarp: InteractiveScene initialized for game
2025-02-19 00:39:01,291 [DEBUG] KartenWarp: InteractiveScene initialized for real
2025-02-19 00:39:01,293 [DEBUG] KartenWarp: InteractiveView.__init__
2025-02-19 00:39:01,294 [DEBUG] KartenWarp: InteractiveView.__init__
2025-02-19 00:39:01,299 [DEBUG] KartenWarp: Menus created
2025-02-19 00:39:01,300 [DEBUG] KartenWarp: MainWindow initialized
2025-02-19 00:39:01,300 [DEBUG] KartenWarp: Getting dark mode stylesheet
2025-02-19 00:39:01,343 [INFO] KartenWarp: User confirmed exit. Closing application.
2025-02-19 00:39:01,368 [DEBUG] KartenWarp: OptionsDialog initialized
2025-02-19 00:39:01,370 [DEBUG] KartenWarp: OptionsDialog accept triggered
2025-02-19 00:39:01,370 [ERROR] KartenWarp: TPS regularization parameter invalid
Traceback (most recent call last):
  File "C:\Github\TR_mod\.tools\KartenWarp\dev\kartenwarp\ui\options_dialog.py", line 111, in accept
    raise ValueError("Regularization parameter must be positive.")
ValueError: Regularization parameter must be positive.
2025-02-19 00:39:01,371 [DEBUG] KartenWarp: SceneState.__init__
2025-02-19 00:39:01,372 [DEBUG] KartenWarp: Updating game points: [[10, 20], [30, 40]]
2025-02-19 00:39:01,372 [DEBUG] KartenWarp: Updating real points: [[50, 60], [70, 80]]
2025-02-19 00:39:01,372 [DEBUG] KartenWarp: Saving project to C:\Users\I_kor\AppData\Local\Temp\tmp_g00_dwt\test_project.kwproj
2025-02-19 00:39:01,372 [INFO] KartenWarp: Project saved successfully: C:\Users\I_kor\AppData\Local\Temp\tmp_g00_dwt\test_project.kwproj
2025-02-19 00:39:01,372 [DEBUG] KartenWarp: Loading project from C:\Users\I_kor\AppData\Local\Temp\tmp_g00_dwt\test_project.kwproj
2025-02-19 00:39:01,375 [INFO] KartenWarp: Project loaded successfully: C:\Users\I_kor\AppData\Local\Temp\tmp_g00_dwt\test_project.kwproj
2025-02-19 00:39:01,377 [DEBUG] KartenWarp: SceneState.__init__
2025-02-19 00:39:01,377 [DEBUG] KartenWarp: Saving project to C:\Users\I_kor\AppData\Local\Temp\tmpeng047ee\test_project.kwproj
2025-02-19 00:39:01,378 [INFO] KartenWarp: Project saved successfully: C:\Users\I_kor\AppData\Local\Temp\tmpeng047ee\test_project.kwproj
2025-02-19 00:39:01,378 [DEBUG] KartenWarp: Loading project from C:\Users\I_kor\AppData\Local\Temp\tmpeng047ee\test_project.kwproj
2025-02-19 00:39:01,380 [INFO] KartenWarp: Project loaded successfully: C:\Users\I_kor\AppData\Local\Temp\tmpeng047ee\test_project.kwproj
2025-02-19 00:39:01,384 [DEBUG] KartenWarp: Initializing ResultWindow
2025-02-19 00:39:01,384 [DEBUG] KartenWarp: Getting dark mode stylesheet
2025-02-19 00:39:01,488 [INFO] KartenWarp: Export cancelled by user
2025-02-19 00:39:02,392 [INFO] KartenWarp: Exported scene to C:/temp/dummy_export.png
2025-02-19 00:39:02,510 [DEBUG] KartenWarp: Initializing ResultWindow
2025-02-19 00:39:02,510 [DEBUG] KartenWarp: Getting dark mode stylesheet
2025-02-19 00:39:02,587 [DEBUG] KartenWarp: SceneState.__init__
2025-02-19 00:39:02,587 [DEBUG] KartenWarp: InteractiveScene initialized for game
2025-02-19 00:39:02,587 [DEBUG] KartenWarp: InteractiveScene initialized for real
2025-02-19 00:39:02,587 [DEBUG] KartenWarp: Updating game points: [[10, 10], [20, 20], [30, 30]]
2025-02-19 00:39:02,587 [DEBUG] KartenWarp: Updating real points: [[10, 10], [20, 20], [30, 30]]
2025-02-19 00:39:02,588 [DEBUG] KartenWarp.Transform: Starting perform_transformation
2025-02-19 00:39:02,588 [DEBUG] KartenWarp: Converting QImage to NumPy array
2025-02-19 00:39:02,588 [DEBUG] KartenWarp.Transform: Computing TPS parameters
2025-02-19 00:39:02,588 [DEBUG] KartenWarp: SceneState.__init__
2025-02-19 00:39:02,589 [DEBUG] KartenWarp: InteractiveScene initialized for game
2025-02-19 00:39:02,589 [DEBUG] KartenWarp: InteractiveScene initialized for real
2025-02-19 00:39:02,589 [DEBUG] KartenWarp: Updating game points: [[10, 10], [20, 20], [30, 30]]
2025-02-19 00:39:02,590 [DEBUG] KartenWarp: Updating real points: [[10, 10], [20, 20], [30, 30]]
2025-02-19 00:39:02,591 [DEBUG] KartenWarp.Transform: Starting perform_tps_transform
2025-02-19 00:39:02,591 [ERROR] KartenWarp.Transform: Game image not loaded
2025-02-19 00:39:02,592 [DEBUG] KartenWarp: Getting dark mode stylesheet
2025-02-19 00:39:02,592 [DEBUG] KartenWarp.Transform: Starting perform_transformation
2025-02-19 00:39:02,592 [DEBUG] KartenWarp: Converting QImage to NumPy array
2025-02-19 00:39:02,593 [DEBUG] KartenWarp.Transform: Computing TPS parameters
2025-02-19 00:39:02,593 [DEBUG] KartenWarp.Transform: Adaptive enabled: adjusted reg_lambda = 8.533333333333335
2025-02-19 00:39:02,594 [DEBUG] KartenWarp.Transform: TPS parameters computed
2025-02-19 00:39:02,594 [DEBUG] KartenWarp.Transform: Applying TPS warp
2025-02-19 00:39:02,595 [DEBUG] KartenWarp.Transform: TPS warp applied
2025-02-19 00:39:02,595 [DEBUG] KartenWarp.Transform: Transformation performed successfully
2025-02-19 00:39:02,595 [DEBUG] KartenWarp.Transform: Starting perform_transformation
2025-02-19 00:39:02,596 [ERROR] KartenWarp.Transform: Insufficient correspondence points
2025-02-19 00:39:02,596 [DEBUG] KartenWarp.Transform: Starting perform_transformation
2025-02-19 00:39:02,596 [DEBUG] KartenWarp: Converting QImage to NumPy array
2025-02-19 00:39:02,596 [DEBUG] KartenWarp.Transform: Computing TPS parameters
2025-02-19 00:39:02,597 [DEBUG] KartenWarp.Transform: TPS parameters computed
2025-02-19 00:39:02,597 [DEBUG] KartenWarp.Transform: Applying TPS warp
2025-02-19 00:39:02,597 [DEBUG] KartenWarp.Transform: TPS warp applied
2025-02-19 00:39:02,597 [DEBUG] KartenWarp.Transform: Transformation performed successfully
2025-02-19 00:39:02,598 [DEBUG] KartenWarp: Exporting scene to C:\Users\I_kor\AppData\Local\Temp\tmpzm78dq6z
2025-02-19 00:39:02,600 [INFO] KartenWarp: Scene exported as C:\Users\I_kor\AppData\Local\Temp\tmpzm78dq6z\exported_scene.png
2025-02-19 00:39:02,602 [DEBUG] KartenWarp: Exporting scene to C:\Users\I_kor\AppData\Local\Temp\tmpkfe138q7
2025-02-19 00:39:02,603 [INFO] KartenWarp: Scene exported as C:\Users\I_kor\AppData\Local\Temp\tmpkfe138q7\exported_scene_1.png
2025-02-19 00:39:02,604 [DEBUG] KartenWarp: Exporting scene to C:\Users\I_kor\AppData\Local\Temp\tmpyt69slgk\test_export.png
2025-02-19 00:39:02,605 [INFO] KartenWarp: Scene exported as C:\Users\I_kor\AppData\Local\Temp\tmpyt69slgk\test_export.png
2025-02-19 00:39:02,607 [DEBUG] KartenWarp: Converting QImage to NumPy array
