2025-02-19 00:39:00,701 [DEBUG] KartenWarp.Transform: Starting perform_tps_transform
2025-02-19 00:39:00,701 [DEBUG] KartenWarp.Transform: Starting perform_transformation
2025-02-19 00:39:00,707 [DEBUG] KartenWarp.Transform: Computing TPS parameters
2025-02-19 00:39:00,709 [DEBUG] KartenWarp.Transform: Adaptive enabled: adjusted reg_lambda = 0.4166666666666667
2025-02-19 00:39:00,713 [DEBUG] KartenWarp.Transform: TPS parameters computed
2025-02-19 00:39:00,714 [DEBUG] KartenWarp.Transform: Applying TPS warp
2025-02-19 00:39:00,715 [DEBUG] KartenWarp.Transform: TPS warp applied
2025-02-19 00:39:00,715 [DEBUG] KartenWarp.Transform: Transformation performed successfully
2025-02-19 00:39:00,716 [INFO] KartenWarp.Transform: TPS transform completed successfully
2025-02-19 00:39:02,588 [DEBUG] KartenWarp.Transform: Starting perform_transformation
2025-02-19 00:39:02,588 [DEBUG] KartenWarp.Transform: Computing TPS parameters
2025-02-19 00:39:02,591 [DEBUG] KartenWarp.Transform: Starting perform_tps_transform
2025-02-19 00:39:02,591 [ERROR] KartenWarp.Transform: Game image not loaded
2025-02-19 00:39:02,592 [DEBUG] KartenWarp.Transform: Starting perform_transformation
2025-02-19 00:39:02,593 [DEBUG] KartenWarp.Transform: Computing TPS parameters
2025-02-19 00:39:02,593 [DEBUG] KartenWarp.Transform: Adaptive enabled: adjusted reg_lambda = 8.533333333333335
2025-02-19 00:39:02,594 [DEBUG] KartenWarp.Transform: TPS parameters computed
2025-02-19 00:39:02,594 [DEBUG] KartenWarp.Transform: Applying TPS warp
2025-02-19 00:39:02,595 [DEBUG] KartenWarp.Transform: TPS warp applied
2025-02-19 00:39:02,595 [DEBUG] KartenWarp.Transform: Transformation performed successfully
2025-02-19 00:39:02,595 [DEBUG] KartenWarp.Transform: Starting perform_transformation
2025-02-19 00:39:02,596 [ERROR] KartenWarp.Transform: Insufficient correspondence points
2025-02-19 00:39:02,596 [DEBUG] KartenWarp.Transform: Starting perform_transformation
2025-02-19 00:39:02,596 [DEBUG] KartenWarp.Transform: Computing TPS parameters
2025-02-19 00:39:02,597 [DEBUG] KartenWarp.Transform: TPS parameters computed
2025-02-19 00:39:02,597 [DEBUG] KartenWarp.Transform: Applying TPS warp
2025-02-19 00:39:02,597 [DEBUG] KartenWarp.Transform: TPS warp applied
2025-02-19 00:39:02,597 [DEBUG] KartenWarp.Transform: Transformation performed successfully
