2025-02-19 00:42:27,207 [DEBUG] KartenWarp.Transform: Starting perform_tps_transform
2025-02-19 00:42:27,207 [DEBUG] KartenWarp.Transform: Starting perform_transformation
2025-02-19 00:42:27,207 [DEBUG] KartenWarp.Transform: Computing TPS parameters
2025-02-19 00:42:27,207 [DEBUG] KartenWarp.Transform: Adaptive enabled: adjusted reg_lambda = 0.4166666666666667
2025-02-19 00:42:27,207 [DEBUG] KartenWarp.Transform: TPS parameters computed
2025-02-19 00:42:27,207 [DEBUG] KartenWarp.Transform: Applying TPS warp
2025-02-19 00:42:27,207 [DEBUG] KartenWarp.Transform: TPS warp applied
2025-02-19 00:42:27,207 [DEBUG] KartenWarp.Transform: Transformation performed successfully
2025-02-19 00:42:27,207 [INFO] KartenWarp.Transform: TPS transform completed successfully
2025-02-19 00:42:29,342 [DEBUG] KartenWarp.Transform: Starting perform_transformation
2025-02-19 00:42:29,342 [DEBUG] KartenWarp.Transform: Computing TPS parameters
2025-02-19 00:42:29,346 [DEBUG] KartenWarp.Transform: Starting perform_tps_transform
2025-02-19 00:42:29,346 [ERROR] KartenWarp.Transform: Game image not loaded
2025-02-19 00:42:29,347 [DEBUG] KartenWarp.Transform: Starting perform_transformation
2025-02-19 00:42:29,349 [DEBUG] KartenWarp.Transform: Computing TPS parameters
2025-02-19 00:42:29,349 [DEBUG] KartenWarp.Transform: Adaptive enabled: adjusted reg_lambda = 8.533333333333335
2025-02-19 00:42:29,349 [DEBUG] KartenWarp.Transform: TPS parameters computed
2025-02-19 00:42:29,350 [DEBUG] KartenWarp.Transform: Applying TPS warp
2025-02-19 00:42:29,351 [DEBUG] KartenWarp.Transform: TPS warp applied
2025-02-19 00:42:29,352 [DEBUG] KartenWarp.Transform: Transformation performed successfully
2025-02-19 00:42:29,352 [DEBUG] KartenWarp.Transform: Starting perform_transformation
2025-02-19 00:42:29,352 [ERROR] KartenWarp.Transform: Insufficient correspondence points
2025-02-19 00:42:29,353 [DEBUG] KartenWarp.Transform: Starting perform_transformation
2025-02-19 00:42:29,354 [DEBUG] KartenWarp.Transform: Computing TPS parameters
2025-02-19 00:42:29,354 [DEBUG] KartenWarp.Transform: TPS parameters computed
2025-02-19 00:42:29,355 [DEBUG] KartenWarp.Transform: Applying TPS warp
2025-02-19 00:42:29,356 [DEBUG] KartenWarp.Transform: TPS warp applied
2025-02-19 00:42:29,356 [DEBUG] KartenWarp.Transform: Transformation performed successfully
