2025-02-19 01:03:11,270 [INFO] KartenWarp: Logging started in C:\Github\TR_mod\.tools\KartenWarp\dev\temp\run_20250219_010311
2025-02-19 01:03:11,270 [INFO] KartenWarp: Transformation logger configured
2025-02-19 01:03:11,406 [DEBUG] KartenWarp: Extracted 100 localization keys from source code.
2025-02-19 01:03:11,407 [DEBUG] KartenWarp: Updated de.json with 100 keys. Written to temp folder.
2025-02-19 01:03:11,408 [DEBUG] KartenWarp: Updated en.json with 100 keys. Written to temp folder.
2025-02-19 01:03:11,408 [DEBUG] KartenWarp: Updated ja.json with 100 keys. Written to temp folder.
2025-02-19 01:03:11,409 [DEBUG] KartenWarp: Loaded localization from C:\Github\TR_mod\.tools\KartenWarp\dev\temp\ja.json
2025-02-19 01:03:11,410 [DEBUG] KartenWarp: Initializing SceneState
2025-02-19 01:03:11,490 [DEBUG] KartenWarp: theme.py module loaded
2025-02-19 01:03:11,502 [DEBUG] KartenWarp: SceneState.__init__
2025-02-19 01:03:11,502 [DEBUG] KartenWarp: InteractiveScene initialized for game
2025-02-19 01:03:11,504 [DEBUG] KartenWarp: InteractiveScene initialized for real
2025-02-19 01:03:11,505 [DEBUG] KartenWarp: InteractiveView.__init__
2025-02-19 01:03:12,568 [DEBUG] KartenWarp: InteractiveView.__init__
2025-02-19 01:03:12,579 [DEBUG] KartenWarp: Menus created
2025-02-19 01:03:12,579 [DEBUG] KartenWarp: MainWindow initialized
2025-02-19 01:03:12,579 [DEBUG] KartenWarp: Getting dark mode stylesheet
2025-02-19 01:03:12,660 [INFO] KartenWarp: Main window shown; entering event loop
2025-02-19 01:03:12,664 [DEBUG] KartenWarp: Active scene set
2025-02-19 01:03:14,817 [DEBUG] KartenWarp: Active scene set
2025-02-19 01:03:16,596 [DEBUG] KartenWarp: Loading project from C:/Github/TR_mod/.tools/KartenWarp/dev/tester_project.kwproj
2025-02-19 01:03:16,596 [INFO] KartenWarp: Project loaded successfully: C:/Github/TR_mod/.tools/KartenWarp/dev/tester_project.kwproj
2025-02-19 01:03:16,600 [DEBUG] KartenWarp: Setting image in scene
2025-02-19 01:03:16,600 [DEBUG] KartenWarp: Active scene set
2025-02-19 01:03:16,601 [DEBUG] KartenWarp: Updating game points: []
2025-02-19 01:03:16,603 [DEBUG] KartenWarp: FeaturePointPresenter: Refreshing UI items.
2025-02-19 01:03:16,607 [DEBUG] KartenWarp: Updating game points: [[95, 67]]
2025-02-19 01:03:16,608 [DEBUG] KartenWarp: FeaturePointPresenter: Refreshing UI items.
2025-02-19 01:03:16,609 [DEBUG] KartenWarp: Updating game points: [[95, 67], [69, 35]]
2025-02-19 01:03:16,610 [DEBUG] KartenWarp: FeaturePointPresenter: Refreshing UI items.
2025-02-19 01:03:16,611 [DEBUG] KartenWarp: Updating game points: [[95, 67], [69, 35], [106, 20]]
2025-02-19 01:03:16,611 [DEBUG] KartenWarp: FeaturePointPresenter: Refreshing UI items.
2025-02-19 01:03:16,611 [DEBUG] KartenWarp: Updating game points: [[95, 67], [69, 35], [106, 20], [142, 41]]
2025-02-19 01:03:16,611 [DEBUG] KartenWarp: FeaturePointPresenter: Refreshing UI items.
2025-02-19 01:03:16,612 [DEBUG] KartenWarp: Updating game points: [[95, 67], [69, 35], [106, 20], [142, 41], [179, 44]]
2025-02-19 01:03:16,612 [DEBUG] KartenWarp: FeaturePointPresenter: Refreshing UI items.
2025-02-19 01:03:16,613 [DEBUG] KartenWarp: Updating game points: [[95, 67], [69, 35], [106, 20], [142, 41], [179, 44], [224, 27]]
2025-02-19 01:03:16,613 [DEBUG] KartenWarp: FeaturePointPresenter: Refreshing UI items.
2025-02-19 01:03:16,614 [DEBUG] KartenWarp: Updating game points: [[95, 67], [69, 35], [106, 20], [142, 41], [179, 44], [224, 27], [289, 49]]
2025-02-19 01:03:16,614 [DEBUG] KartenWarp: FeaturePointPresenter: Refreshing UI items.
2025-02-19 01:03:16,615 [DEBUG] KartenWarp: Updating game points: [[95, 67], [69, 35], [106, 20], [142, 41], [179, 44], [224, 27], [289, 49], [276, 104]]
2025-02-19 01:03:16,615 [DEBUG] KartenWarp: FeaturePointPresenter: Refreshing UI items.
2025-02-19 01:03:16,616 [DEBUG] KartenWarp: Updating game points: [[95, 67], [69, 35], [106, 20], [142, 41], [179, 44], [224, 27], [289, 49], [276, 104], [295, 95]]
2025-02-19 01:03:16,616 [DEBUG] KartenWarp: FeaturePointPresenter: Refreshing UI items.
2025-02-19 01:03:16,617 [DEBUG] KartenWarp: Updating game points: [[95, 67], [69, 35], [106, 20], [142, 41], [179, 44], [224, 27], [289, 49], [276, 104], [295, 95], [235, 141]]
2025-02-19 01:03:16,617 [DEBUG] KartenWarp: FeaturePointPresenter: Refreshing UI items.
2025-02-19 01:03:16,619 [DEBUG] KartenWarp: Updating game points: [[95, 67], [69, 35], [106, 20], [142, 41], [179, 44], [224, 27], [289, 49], [276, 104], [295, 95], [235, 141], [181, 149]]
2025-02-19 01:03:16,619 [DEBUG] KartenWarp: FeaturePointPresenter: Refreshing UI items.
2025-02-19 01:03:16,620 [DEBUG] KartenWarp: Updating game points: [[95, 67], [69, 35], [106, 20], [142, 41], [179, 44], [224, 27], [289, 49], [276, 104], [295, 95], [235, 141], [181, 149], [169, 190]]
2025-02-19 01:03:16,620 [DEBUG] KartenWarp: FeaturePointPresenter: Refreshing UI items.
2025-02-19 01:03:16,621 [DEBUG] KartenWarp: Updating game points: [[95, 67], [69, 35], [106, 20], [142, 41], [179, 44], [224, 27], [289, 49], [276, 104], [295, 95], [235, 141], [181, 149], [169, 190], [129, 176]]
2025-02-19 01:03:16,621 [DEBUG] KartenWarp: FeaturePointPresenter: Refreshing UI items.
2025-02-19 01:03:16,623 [DEBUG] KartenWarp: Updating game points: [[95, 67], [69, 35], [106, 20], [142, 41], [179, 44], [224, 27], [289, 49], [276, 104], [295, 95], [235, 141], [181, 149], [169, 190], [129, 176], [105, 138]]
2025-02-19 01:03:16,623 [DEBUG] KartenWarp: FeaturePointPresenter: Refreshing UI items.
2025-02-19 01:03:16,625 [DEBUG] KartenWarp: Updating game points: [[95, 67], [69, 35], [106, 20], [142, 41], [179, 44], [224, 27], [289, 49], [276, 104], [295, 95], [235, 141], [181, 149], [169, 190], [129, 176], [105, 138], [91, 119]]
2025-02-19 01:03:16,625 [DEBUG] KartenWarp: FeaturePointPresenter: Refreshing UI items.
2025-02-19 01:03:16,626 [DEBUG] KartenWarp: Updating game points: [[95, 67], [69, 35], [106, 20], [142, 41], [179, 44], [224, 27], [289, 49], [276, 104], [295, 95], [235, 141], [181, 149], [169, 190], [129, 176], [105, 138], [91, 119], [84, 97]]
2025-02-19 01:03:16,627 [DEBUG] KartenWarp: FeaturePointPresenter: Refreshing UI items.
2025-02-19 01:03:16,628 [DEBUG] KartenWarp: Updating game points: [[95, 67], [69, 35], [106, 20], [142, 41], [179, 44], [224, 27], [289, 49], [276, 104], [295, 95], [235, 141], [181, 149], [169, 190], [129, 176], [105, 138], [91, 119], [84, 97], [29, 99]]
2025-02-19 01:03:16,644 [DEBUG] KartenWarp: Setting image in scene
2025-02-19 01:03:16,654 [DEBUG] KartenWarp: Updating real points: []
2025-02-19 01:03:16,655 [DEBUG] KartenWarp: FeaturePointPresenter: Refreshing UI items.
2025-02-19 01:03:16,655 [DEBUG] KartenWarp: Updating real points: [[311, 239]]
2025-02-19 01:03:16,655 [DEBUG] KartenWarp: FeaturePointPresenter: Refreshing UI items.
2025-02-19 01:03:16,655 [DEBUG] KartenWarp: Updating real points: [[311, 239], [205, 75]]
2025-02-19 01:03:16,655 [DEBUG] KartenWarp: FeaturePointPresenter: Refreshing UI items.
2025-02-19 01:03:16,656 [DEBUG] KartenWarp: Updating real points: [[311, 239], [205, 75], [356, 3]]
2025-02-19 01:03:16,656 [DEBUG] KartenWarp: FeaturePointPresenter: Refreshing UI items.
2025-02-19 01:03:16,656 [DEBUG] KartenWarp: Updating real points: [[311, 239], [205, 75], [356, 3], [506, 101]]
2025-02-19 01:03:16,656 [DEBUG] KartenWarp: FeaturePointPresenter: Refreshing UI items.
2025-02-19 01:03:16,657 [DEBUG] KartenWarp: Updating real points: [[311, 239], [205, 75], [356, 3], [506, 101], [660, 120]]
2025-02-19 01:03:16,657 [DEBUG] KartenWarp: FeaturePointPresenter: Refreshing UI items.
2025-02-19 01:03:16,657 [DEBUG] KartenWarp: Updating real points: [[311, 239], [205, 75], [356, 3], [506, 101], [660, 120], [841, 22]]
2025-02-19 01:03:16,658 [DEBUG] KartenWarp: FeaturePointPresenter: Refreshing UI items.
2025-02-19 01:03:16,658 [DEBUG] KartenWarp: Updating real points: [[311, 239], [205, 75], [356, 3], [506, 101], [660, 120], [841, 22], [1133, 106]]
2025-02-19 01:03:16,658 [DEBUG] KartenWarp: FeaturePointPresenter: Refreshing UI items.
2025-02-19 01:03:16,659 [DEBUG] KartenWarp: Updating real points: [[311, 239], [205, 75], [356, 3], [506, 101], [660, 120], [841, 22], [1133, 106], [1111, 386]]
2025-02-19 01:03:16,659 [DEBUG] KartenWarp: FeaturePointPresenter: Refreshing UI items.
2025-02-19 01:03:16,660 [DEBUG] KartenWarp: Updating real points: [[311, 239], [205, 75], [356, 3], [506, 101], [660, 120], [841, 22], [1133, 106], [1111, 386], [1175, 331]]
2025-02-19 01:03:16,660 [DEBUG] KartenWarp: FeaturePointPresenter: Refreshing UI items.
2025-02-19 01:03:16,661 [DEBUG] KartenWarp: Updating real points: [[311, 239], [205, 75], [356, 3], [506, 101], [660, 120], [841, 22], [1133, 106], [1111, 386], [1175, 331], [930, 601]]
2025-02-19 01:03:16,661 [DEBUG] KartenWarp: FeaturePointPresenter: Refreshing UI items.
2025-02-19 01:03:16,662 [DEBUG] KartenWarp: Updating real points: [[311, 239], [205, 75], [356, 3], [506, 101], [660, 120], [841, 22], [1133, 106], [1111, 386], [1175, 331], [930, 601], [701, 652]]
2025-02-19 01:03:16,662 [DEBUG] KartenWarp: FeaturePointPresenter: Refreshing UI items.
2025-02-19 01:03:16,663 [DEBUG] KartenWarp: Updating real points: [[311, 239], [205, 75], [356, 3], [506, 101], [660, 120], [841, 22], [1133, 106], [1111, 386], [1175, 331], [930, 601], [701, 652], [647, 898]]
2025-02-19 01:03:16,664 [DEBUG] KartenWarp: FeaturePointPresenter: Refreshing UI items.
2025-02-19 01:03:16,665 [DEBUG] KartenWarp: Updating real points: [[311, 239], [205, 75], [356, 3], [506, 101], [660, 120], [841, 22], [1133, 106], [1111, 386], [1175, 331], [930, 601], [701, 652], [647, 898], [449, 800]]
2025-02-19 01:03:16,665 [DEBUG] KartenWarp: FeaturePointPresenter: Refreshing UI items.
2025-02-19 01:03:16,667 [DEBUG] KartenWarp: Updating real points: [[311, 239], [205, 75], [356, 3], [506, 101], [660, 120], [841, 22], [1133, 106], [1111, 386], [1175, 331], [930, 601], [701, 652], [647, 898], [449, 800], [334, 606]]
2025-02-19 01:03:16,667 [DEBUG] KartenWarp: FeaturePointPresenter: Refreshing UI items.
2025-02-19 01:03:16,668 [DEBUG] KartenWarp: Updating real points: [[311, 239], [205, 75], [356, 3], [506, 101], [660, 120], [841, 22], [1133, 106], [1111, 386], [1175, 331], [930, 601], [701, 652], [647, 898], [449, 800], [334, 606], [276, 487]]
2025-02-19 01:03:16,669 [DEBUG] KartenWarp: FeaturePointPresenter: Refreshing UI items.
2025-02-19 01:03:16,670 [DEBUG] KartenWarp: Updating real points: [[311, 239], [205, 75], [356, 3], [506, 101], [660, 120], [841, 22], [1133, 106], [1111, 386], [1175, 331], [930, 601], [701, 652], [647, 898], [449, 800], [334, 606], [276, 487], [245, 375]]
2025-02-19 01:03:16,670 [DEBUG] KartenWarp: FeaturePointPresenter: Refreshing UI items.
2025-02-19 01:03:16,672 [DEBUG] KartenWarp: Updating real points: [[311, 239], [205, 75], [356, 3], [506, 101], [660, 120], [841, 22], [1133, 106], [1111, 386], [1175, 331], [930, 601], [701, 652], [647, 898], [449, 800], [334, 606], [276, 487], [245, 375], [19, 357]]
2025-02-19 01:03:16,672 [INFO] KartenWarp: Project loaded successfully
2025-02-19 01:03:17,078 [DEBUG] KartenWarp: Zoom UI updated to 115.0%
2025-02-19 01:03:17,078 [DEBUG] KartenWarp: Zoom factor set to 1.15
2025-02-19 01:03:17,086 [DEBUG] KartenWarp: Zoom UI updated to 132.2%
2025-02-19 01:03:17,086 [DEBUG] KartenWarp: Zoom factor set to 1.3224999999999998
2025-02-19 01:03:17,093 [DEBUG] KartenWarp: Zoom UI updated to 152.1%
2025-02-19 01:03:17,093 [DEBUG] KartenWarp: Zoom factor set to 1.5208749999999995
2025-02-19 01:03:17,110 [DEBUG] KartenWarp: Zoom UI updated to 174.9%
2025-02-19 01:03:17,110 [DEBUG] KartenWarp: Zoom factor set to 1.7490062499999994
2025-02-19 01:03:17,146 [DEBUG] KartenWarp: Zoom UI updated to 201.1%
2025-02-19 01:03:17,146 [DEBUG] KartenWarp: Zoom factor set to 2.0113571874999994
2025-02-19 01:03:17,416 [DEBUG] KartenWarp: Zoom UI updated to 231.3%
2025-02-19 01:03:17,416 [DEBUG] KartenWarp: Zoom factor set to 2.313060765624999
2025-02-19 01:03:17,430 [DEBUG] KartenWarp: Zoom UI updated to 266.0%
2025-02-19 01:03:17,430 [DEBUG] KartenWarp: Zoom factor set to 2.6600198804687487
2025-02-19 01:03:17,445 [DEBUG] KartenWarp: Zoom UI updated to 305.9%
2025-02-19 01:03:17,445 [DEBUG] KartenWarp: Zoom factor set to 3.0590228625390607
2025-02-19 01:03:17,460 [DEBUG] KartenWarp: Zoom UI updated to 351.8%
2025-02-19 01:03:17,460 [DEBUG] KartenWarp: Zoom factor set to 3.5178762919199196
2025-02-19 01:03:17,483 [DEBUG] KartenWarp: Zoom UI updated to 404.6%
2025-02-19 01:03:17,484 [DEBUG] KartenWarp: Zoom factor set to 4.0455577357079076
2025-02-19 01:03:17,874 [DEBUG] KartenWarp: Zoom UI updated to 465.2%
2025-02-19 01:03:17,874 [DEBUG] KartenWarp: Zoom factor set to 4.652391396064093
2025-02-19 01:03:17,896 [DEBUG] KartenWarp: Zoom UI updated to 535.0%
2025-02-19 01:03:17,896 [DEBUG] KartenWarp: Zoom factor set to 5.350250105473707
2025-02-19 01:03:17,926 [DEBUG] KartenWarp: Zoom UI updated to 615.3%
2025-02-19 01:03:17,926 [DEBUG] KartenWarp: Zoom factor set to 6.152787621294762
2025-02-19 01:03:18,024 [DEBUG] KartenWarp: Zoom UI updated to 707.6%
2025-02-19 01:03:18,024 [DEBUG] KartenWarp: Zoom factor set to 7.075705764488976
2025-02-19 01:03:18,624 [DEBUG] KartenWarp: Active scene set
2025-02-19 01:03:18,625 [DEBUG] KartenWarp: FeaturePointPresenter: Refreshing UI items.
2025-02-19 01:03:18,632 [DEBUG] KartenWarp: Updating game points: [[95, 67], [69, 35], [106, 20], [142, 41], [179, 44], [224, 27], [289, 49], [276, 104], [295, 95], [235, 141], [181, 149], [169, 190], [129, 176], [105, 138], [91, 119], [84, 97], [29, 99], [153, 80]]
2025-02-19 01:03:19,225 [DEBUG] KartenWarp: Active scene set
2025-02-19 01:03:19,845 [DEBUG] KartenWarp: FeaturePointPresenter: Refreshing UI items.
2025-02-19 01:03:19,848 [DEBUG] KartenWarp: Updating game points: [[95, 67], [69, 35], [106, 20], [142, 41], [179, 44], [224, 27], [289, 49], [276, 104], [295, 95], [235, 141], [181, 149], [169, 190], [129, 176], [105, 138], [91, 119], [84, 97], [29, 99], [140, 88]]
2025-02-19 01:03:20,238 [DEBUG] KartenWarp: Active scene set
2025-02-19 01:03:20,238 [DEBUG] KartenWarp: FeaturePointPresenter: Refreshing UI items.
2025-02-19 01:03:20,243 [DEBUG] KartenWarp: Updating game points: [[95, 67], [69, 35], [106, 20], [142, 41], [179, 44], [224, 27], [289, 49], [276, 104], [295, 95], [235, 141], [181, 149], [169, 190], [129, 176], [105, 138], [91, 119], [84, 97], [29, 99], [140, 88], [157, 73]]
2025-02-19 01:03:21,122 [DEBUG] KartenWarp: Active scene set
2025-02-19 01:03:21,557 [DEBUG] KartenWarp: FeaturePointPresenter: Refreshing UI items.
2025-02-19 01:03:21,562 [DEBUG] KartenWarp: Updating game points: [[95, 67], [69, 35], [106, 20], [142, 41], [179, 44], [224, 27], [289, 49], [276, 104], [295, 95], [235, 141], [181, 149], [169, 190], [129, 176], [105, 138], [91, 119], [84, 97], [29, 99], [140, 88], [165, 60]]
2025-02-19 01:03:22,606 [DEBUG] KartenWarp: Active scene set
2025-02-19 01:03:23,192 [DEBUG] KartenWarp: FeaturePointPresenter: Refreshing UI items.
2025-02-19 01:03:23,196 [DEBUG] KartenWarp: Updating game points: [[95, 67], [69, 35], [106, 20], [142, 41], [179, 44], [224, 27], [289, 49], [276, 104], [295, 95], [235, 141], [181, 149], [169, 190], [129, 176], [105, 138], [91, 119], [84, 97], [29, 99], [140, 88], [150, 111]]
2025-02-19 01:03:24,361 [DEBUG] KartenWarp: Active scene set
2025-02-19 01:03:24,362 [DEBUG] KartenWarp: FeaturePointPresenter: Refreshing UI items.
2025-02-19 01:03:24,368 [DEBUG] KartenWarp: Updating game points: [[95, 67], [69, 35], [106, 20], [142, 41], [179, 44], [224, 27], [289, 49], [276, 104], [295, 95], [235, 141], [181, 149], [169, 190], [129, 176], [105, 138], [91, 119], [84, 97], [29, 99], [140, 88], [150, 111], [139, 87]]
2025-02-19 01:03:25,750 [DEBUG] KartenWarp: Active scene set
2025-02-19 01:03:26,792 [DEBUG] KartenWarp: Active scene set
2025-02-19 01:03:27,303 [DEBUG] KartenWarp: Active scene set
2025-02-19 01:03:28,007 [DEBUG] KartenWarp: Active scene set
2025-02-19 01:03:28,007 [DEBUG] KartenWarp: FeaturePointPresenter: Refreshing UI items.
2025-02-19 01:03:28,013 [DEBUG] KartenWarp: Updating game points: [[95, 67], [69, 35], [106, 20], [142, 41], [179, 44], [224, 27], [289, 49], [276, 104], [295, 95], [235, 141], [181, 149], [169, 190], [129, 176], [105, 138], [91, 119], [84, 97], [29, 99], [140, 88], [150, 111], [139, 87], [143, 88]]
2025-02-19 01:03:28,591 [DEBUG] KartenWarp: Active scene set
2025-02-19 01:03:28,591 [DEBUG] KartenWarp: FeaturePointPresenter: Refreshing UI items.
2025-02-19 01:03:28,597 [DEBUG] KartenWarp: Updating game points: [[95, 67], [69, 35], [106, 20], [142, 41], [179, 44], [224, 27], [289, 49], [276, 104], [295, 95], [235, 141], [181, 149], [169, 190], [129, 176], [105, 138], [91, 119], [84, 97], [29, 99], [140, 88], [150, 111], [139, 87], [143, 88], [148, 87]]
2025-02-19 01:03:29,604 [DEBUG] KartenWarp: Active scene set
2025-02-19 01:03:29,990 [DEBUG] KartenWarp: FeaturePointPresenter: Refreshing UI items.
2025-02-19 01:03:29,993 [DEBUG] KartenWarp: Updating game points: [[95, 67], [69, 35], [106, 20], [142, 41], [179, 44], [224, 27], [289, 49], [276, 104], [295, 95], [235, 141], [181, 149], [169, 190], [129, 176], [105, 138], [91, 119], [84, 97], [29, 99], [140, 88], [150, 111], [139, 87], [143, 88], [163, 81]]
2025-02-19 01:03:30,843 [DEBUG] KartenWarp: Active scene set
2025-02-19 01:03:30,843 [DEBUG] KartenWarp: Active scene set
2025-02-19 01:03:30,844 [DEBUG] KartenWarp: FeaturePointPresenter: Refreshing UI items.
2025-02-19 01:03:30,849 [DEBUG] KartenWarp: Updating real points: [[311, 239], [205, 75], [356, 3], [506, 101], [660, 120], [841, 22], [1133, 106], [1111, 386], [1175, 331], [930, 601], [701, 652], [647, 898], [449, 800], [334, 606], [276, 487], [245, 375], [19, 357], [543, 308]]
2025-02-19 01:03:31,497 [DEBUG] KartenWarp: Active scene set
2025-02-19 01:03:31,497 [DEBUG] KartenWarp: FeaturePointPresenter: Refreshing UI items.
2025-02-19 01:03:31,502 [DEBUG] KartenWarp: Updating real points: [[311, 239], [205, 75], [356, 3], [506, 101], [660, 120], [841, 22], [1133, 106], [1111, 386], [1175, 331], [930, 601], [701, 652], [647, 898], [449, 800], [334, 606], [276, 487], [245, 375], [19, 357], [543, 308], [590, 378]]
2025-02-19 01:03:32,028 [DEBUG] KartenWarp: Active scene set
2025-02-19 01:03:32,028 [DEBUG] KartenWarp: FeaturePointPresenter: Refreshing UI items.
2025-02-19 01:03:32,033 [DEBUG] KartenWarp: Updating real points: [[311, 239], [205, 75], [356, 3], [506, 101], [660, 120], [841, 22], [1133, 106], [1111, 386], [1175, 331], [930, 601], [701, 652], [647, 898], [449, 800], [334, 606], [276, 487], [245, 375], [19, 357], [543, 308], [590, 378], [495, 427]]
2025-02-19 01:03:35,269 [DEBUG] KartenWarp: Active scene set
2025-02-19 01:03:36,027 [DEBUG] KartenWarp: FeaturePointPresenter: Refreshing UI items.
2025-02-19 01:03:36,033 [DEBUG] KartenWarp: Updating real points: [[304, 246], [205, 75], [356, 3], [506, 101], [660, 120], [841, 22], [1133, 106], [1111, 386], [1175, 331], [930, 601], [701, 652], [647, 898], [449, 800], [334, 606], [276, 487], [245, 375], [19, 357], [543, 308], [590, 378], [495, 427]]
2025-02-19 01:03:36,557 [DEBUG] KartenWarp: Zoom UI updated to 87.0%
2025-02-19 01:03:36,558 [DEBUG] KartenWarp: Zoom factor set to 0.8695652173913044
2025-02-19 01:03:36,566 [DEBUG] KartenWarp: Zoom UI updated to 75.6%
2025-02-19 01:03:36,566 [DEBUG] KartenWarp: Zoom factor set to 0.7561436672967865
2025-02-19 01:03:36,587 [DEBUG] KartenWarp: Zoom UI updated to 65.8%
2025-02-19 01:03:36,587 [DEBUG] KartenWarp: Zoom factor set to 0.6575162324319883
2025-02-19 01:03:36,919 [DEBUG] KartenWarp: Panning started
2025-02-19 01:03:37,164 [DEBUG] KartenWarp: Panning ended
2025-02-19 01:03:37,253 [DEBUG] KartenWarp: Zoom UI updated to 75.6%
2025-02-19 01:03:37,253 [DEBUG] KartenWarp: Zoom factor set to 0.7561436672967865
2025-02-19 01:03:37,292 [DEBUG] KartenWarp: Zoom UI updated to 87.0%
2025-02-19 01:03:37,292 [DEBUG] KartenWarp: Zoom factor set to 0.8695652173913044
2025-02-19 01:03:37,322 [DEBUG] KartenWarp: Zoom UI updated to 100.0%
2025-02-19 01:03:37,323 [DEBUG] KartenWarp: Zoom factor set to 1.0
2025-02-19 01:03:37,359 [DEBUG] KartenWarp: Zoom UI updated to 115.0%
2025-02-19 01:03:37,359 [DEBUG] KartenWarp: Zoom factor set to 1.15
2025-02-19 01:03:37,719 [DEBUG] KartenWarp: Active scene set
2025-02-19 01:03:37,719 [DEBUG] KartenWarp: FeaturePointPresenter: Refreshing UI items.
2025-02-19 01:03:37,725 [DEBUG] KartenWarp: Updating real points: [[304, 246], [205, 75], [356, 3], [506, 101], [660, 120], [841, 22], [1133, 106], [1111, 386], [1175, 331], [930, 601], [701, 652], [647, 898], [449, 800], [334, 606], [276, 487], [245, 375], [19, 357], [543, 308], [590, 378], [495, 427], [760, 351]]
2025-02-19 01:03:38,394 [DEBUG] KartenWarp: Active scene set
2025-02-19 01:03:38,728 [DEBUG] KartenWarp: FeaturePointPresenter: Refreshing UI items.
2025-02-19 01:03:38,733 [DEBUG] KartenWarp: Updating real points: [[304, 246], [205, 75], [356, 3], [506, 101], [660, 120], [841, 22], [1133, 106], [1111, 386], [1175, 331], [930, 601], [701, 652], [647, 898], [449, 800], [334, 606], [276, 487], [245, 375], [19, 357], [543, 308], [590, 378], [495, 427], [801, 516]]
2025-02-19 01:03:39,413 [DEBUG] KartenWarp: Zoom UI updated to 100.0%
2025-02-19 01:03:39,414 [DEBUG] KartenWarp: Zoom factor set to 1.0
2025-02-19 01:03:39,424 [DEBUG] KartenWarp: Zoom UI updated to 87.0%
2025-02-19 01:03:39,424 [DEBUG] KartenWarp: Zoom factor set to 0.8695652173913044
2025-02-19 01:03:39,444 [DEBUG] KartenWarp: Zoom UI updated to 75.6%
2025-02-19 01:03:39,444 [DEBUG] KartenWarp: Zoom factor set to 0.7561436672967865
2025-02-19 01:03:39,887 [DEBUG] KartenWarp: Active scene set
2025-02-19 01:03:39,887 [DEBUG] KartenWarp: FeaturePointPresenter: Refreshing UI items.
2025-02-19 01:03:39,893 [DEBUG] KartenWarp: Updating real points: [[304, 246], [205, 75], [356, 3], [506, 101], [660, 120], [841, 22], [1133, 106], [1111, 386], [1175, 331], [930, 601], [701, 652], [647, 898], [449, 800], [334, 606], [276, 487], [245, 375], [19, 357], [543, 308], [590, 378], [495, 427], [801, 516], [817, 349]]
2025-02-19 01:03:41,169 [DEBUG] KartenWarp: Active scene set
2025-02-19 01:03:41,504 [DEBUG] KartenWarp: FeaturePointPresenter: Refreshing UI items.
2025-02-19 01:03:41,509 [DEBUG] KartenWarp: Updating real points: [[304, 246], [205, 75], [356, 3], [506, 101], [660, 120], [841, 22], [1133, 106], [1111, 386], [1175, 331], [930, 601], [701, 652], [647, 898], [449, 800], [334, 606], [276, 487], [245, 375], [19, 357], [543, 308], [590, 378], [495, 427], [801, 516], [752, 245]]
2025-02-19 01:03:46,421 [DEBUG] KartenWarp: Active scene set
2025-02-19 01:03:47,313 [DEBUG] KartenWarp: Active scene set
2025-02-19 01:03:47,314 [INFO] KartenWarp: User confirmed exit. Closing application.
