2025-02-18 14:06:42,633 [INFO] KartenWarp: Logging started in C:\Github\TR_mod\.tools\KartenWarp\dev\temp\run_20250218_140642
2025-02-18 14:06:42,633 [INFO] KartenWarp: Transformation logger configured
2025-02-18 14:06:42,665 [DEBUG] KartenWarp: Extracted 100 localization keys from source code.
2025-02-18 14:06:42,665 [DEBUG] KartenWarp: Updated de.json with 100 keys. Written to temp folder.
2025-02-18 14:06:42,665 [DEBUG] KartenWarp: Updated en.json with 100 keys. Written to temp folder.
2025-02-18 14:06:42,665 [DEBUG] KartenWarp: Updated ja.json with 100 keys. Written to temp folder.
2025-02-18 14:06:42,674 [DEBUG] KartenWarp: Loaded localization from C:\Github\TR_mod\.tools\KartenWarp\dev\temp\ja.json
2025-02-18 14:06:42,674 [DEBUG] KartenWarp: Initializing SceneState
2025-02-18 14:06:42,744 [DEBUG] KartenWarp: theme.py module loaded
2025-02-18 14:06:42,744 [DEBUG] KartenWarp: Starting application
2025-02-18 14:06:42,744 [DEBUG] KartenWarp: SceneState.__init__
2025-02-18 14:06:42,744 [DEBUG] KartenWarp: InteractiveScene initialized for game
2025-02-18 14:06:42,744 [DEBUG] KartenWarp: InteractiveScene initialized for real
2025-02-18 14:06:42,744 [DEBUG] KartenWarp: InteractiveView.__init__
2025-02-18 14:06:43,189 [DEBUG] KartenWarp: InteractiveView.__init__
2025-02-18 14:06:43,205 [DEBUG] KartenWarp: Menus created
2025-02-18 14:06:43,205 [DEBUG] KartenWarp: MainWindow initialized
2025-02-18 14:06:43,205 [DEBUG] KartenWarp: Getting dark mode stylesheet
2025-02-18 14:06:43,269 [INFO] KartenWarp: Main window shown; entering event loop
2025-02-18 14:06:43,269 [DEBUG] KartenWarp: Active scene set
2025-02-18 14:06:45,271 [DEBUG] KartenWarp: Active scene set
2025-02-18 14:06:46,608 [DEBUG] KartenWarp: Loading project from C:/Github/TR_mod/.tools/KartenWarp/dev/tester_project.kwproj
2025-02-18 14:06:46,608 [INFO] KartenWarp: Project loaded successfully: C:/Github/TR_mod/.tools/KartenWarp/dev/tester_project.kwproj
2025-02-18 14:06:46,608 [DEBUG] KartenWarp: Setting image in scene
2025-02-18 14:06:46,608 [DEBUG] KartenWarp: Active scene set
2025-02-18 14:06:46,608 [DEBUG] KartenWarp: Updating game points: []
2025-02-18 14:06:46,624 [DEBUG] KartenWarp: Updating game points: [(95, 67)]
2025-02-18 14:06:46,624 [DEBUG] KartenWarp: Updating game points: [(95, 67), (69, 35)]
2025-02-18 14:06:46,624 [DEBUG] KartenWarp: Updating game points: [(95, 67), (69, 35), (106, 20)]
2025-02-18 14:06:46,624 [DEBUG] KartenWarp: Updating game points: [(95, 67), (69, 35), (106, 20), (142, 41)]
2025-02-18 14:06:46,624 [DEBUG] KartenWarp: Updating game points: [(95, 67), (69, 35), (106, 20), (142, 41), (179, 44)]
2025-02-18 14:06:46,624 [DEBUG] KartenWarp: Updating game points: [(95, 67), (69, 35), (106, 20), (142, 41), (179, 44), (224, 27)]
2025-02-18 14:06:46,624 [DEBUG] KartenWarp: Updating game points: [(95, 67), (69, 35), (106, 20), (142, 41), (179, 44), (224, 27), (289, 49)]
2025-02-18 14:06:46,624 [DEBUG] KartenWarp: Updating game points: [(95, 67), (69, 35), (106, 20), (142, 41), (179, 44), (224, 27), (289, 49), (276, 104)]
2025-02-18 14:06:46,624 [DEBUG] KartenWarp: Updating game points: [(95, 67), (69, 35), (106, 20), (142, 41), (179, 44), (224, 27), (289, 49), (276, 104), (295, 95)]
2025-02-18 14:06:46,624 [DEBUG] KartenWarp: Updating game points: [(95, 67), (69, 35), (106, 20), (142, 41), (179, 44), (224, 27), (289, 49), (276, 104), (295, 95), (235, 141)]
2025-02-18 14:06:46,624 [DEBUG] KartenWarp: Updating game points: [(95, 67), (69, 35), (106, 20), (142, 41), (179, 44), (224, 27), (289, 49), (276, 104), (295, 95), (235, 141), (181, 149)]
2025-02-18 14:06:46,624 [DEBUG] KartenWarp: Updating game points: [(95, 67), (69, 35), (106, 20), (142, 41), (179, 44), (224, 27), (289, 49), (276, 104), (295, 95), (235, 141), (181, 149), (169, 190)]
2025-02-18 14:06:46,624 [DEBUG] KartenWarp: Updating game points: [(95, 67), (69, 35), (106, 20), (142, 41), (179, 44), (224, 27), (289, 49), (276, 104), (295, 95), (235, 141), (181, 149), (169, 190), (129, 176)]
2025-02-18 14:06:46,624 [DEBUG] KartenWarp: Updating game points: [(95, 67), (69, 35), (106, 20), (142, 41), (179, 44), (224, 27), (289, 49), (276, 104), (295, 95), (235, 141), (181, 149), (169, 190), (129, 176), (105, 138)]
2025-02-18 14:06:46,624 [DEBUG] KartenWarp: Updating game points: [(95, 67), (69, 35), (106, 20), (142, 41), (179, 44), (224, 27), (289, 49), (276, 104), (295, 95), (235, 141), (181, 149), (169, 190), (129, 176), (105, 138), (91, 119)]
2025-02-18 14:06:46,640 [DEBUG] KartenWarp: Updating game points: [(95, 67), (69, 35), (106, 20), (142, 41), (179, 44), (224, 27), (289, 49), (276, 104), (295, 95), (235, 141), (181, 149), (169, 190), (129, 176), (105, 138), (91, 119), (84, 97)]
2025-02-18 14:06:46,640 [DEBUG] KartenWarp: Updating game points: [(95, 67), (69, 35), (106, 20), (142, 41), (179, 44), (224, 27), (289, 49), (276, 104), (295, 95), (235, 141), (181, 149), (169, 190), (129, 176), (105, 138), (91, 119), (84, 97), (29, 99)]
2025-02-18 14:06:46,656 [DEBUG] KartenWarp: Setting image in scene
2025-02-18 14:06:46,656 [DEBUG] KartenWarp: Updating real points: []
2025-02-18 14:06:46,656 [DEBUG] KartenWarp: Updating real points: [(311, 239)]
2025-02-18 14:06:46,656 [DEBUG] KartenWarp: Updating real points: [(311, 239), (205, 75)]
2025-02-18 14:06:46,656 [DEBUG] KartenWarp: Updating real points: [(311, 239), (205, 75), (356, 3)]
2025-02-18 14:06:46,656 [DEBUG] KartenWarp: Updating real points: [(311, 239), (205, 75), (356, 3), (506, 101)]
2025-02-18 14:06:46,656 [DEBUG] KartenWarp: Updating real points: [(311, 239), (205, 75), (356, 3), (506, 101), (660, 120)]
2025-02-18 14:06:46,656 [DEBUG] KartenWarp: Updating real points: [(311, 239), (205, 75), (356, 3), (506, 101), (660, 120), (841, 22)]
2025-02-18 14:06:46,656 [DEBUG] KartenWarp: Updating real points: [(311, 239), (205, 75), (356, 3), (506, 101), (660, 120), (841, 22), (1133, 106)]
2025-02-18 14:06:46,656 [DEBUG] KartenWarp: Updating real points: [(311, 239), (205, 75), (356, 3), (506, 101), (660, 120), (841, 22), (1133, 106), (1111, 386)]
2025-02-18 14:06:46,656 [DEBUG] KartenWarp: Updating real points: [(311, 239), (205, 75), (356, 3), (506, 101), (660, 120), (841, 22), (1133, 106), (1111, 386), (1175, 331)]
2025-02-18 14:06:46,656 [DEBUG] KartenWarp: Updating real points: [(311, 239), (205, 75), (356, 3), (506, 101), (660, 120), (841, 22), (1133, 106), (1111, 386), (1175, 331), (930, 601)]
2025-02-18 14:06:46,656 [DEBUG] KartenWarp: Updating real points: [(311, 239), (205, 75), (356, 3), (506, 101), (660, 120), (841, 22), (1133, 106), (1111, 386), (1175, 331), (930, 601), (701, 652)]
2025-02-18 14:06:46,672 [DEBUG] KartenWarp: Updating real points: [(311, 239), (205, 75), (356, 3), (506, 101), (660, 120), (841, 22), (1133, 106), (1111, 386), (1175, 331), (930, 601), (701, 652), (647, 898)]
2025-02-18 14:06:46,672 [DEBUG] KartenWarp: Updating real points: [(311, 239), (205, 75), (356, 3), (506, 101), (660, 120), (841, 22), (1133, 106), (1111, 386), (1175, 331), (930, 601), (701, 652), (647, 898), (449, 800)]
2025-02-18 14:06:46,672 [DEBUG] KartenWarp: Updating real points: [(311, 239), (205, 75), (356, 3), (506, 101), (660, 120), (841, 22), (1133, 106), (1111, 386), (1175, 331), (930, 601), (701, 652), (647, 898), (449, 800), (334, 606)]
2025-02-18 14:06:46,672 [DEBUG] KartenWarp: Updating real points: [(311, 239), (205, 75), (356, 3), (506, 101), (660, 120), (841, 22), (1133, 106), (1111, 386), (1175, 331), (930, 601), (701, 652), (647, 898), (449, 800), (334, 606), (276, 487)]
2025-02-18 14:06:46,672 [DEBUG] KartenWarp: Updating real points: [(311, 239), (205, 75), (356, 3), (506, 101), (660, 120), (841, 22), (1133, 106), (1111, 386), (1175, 331), (930, 601), (701, 652), (647, 898), (449, 800), (334, 606), (276, 487), (245, 375)]
2025-02-18 14:06:46,672 [DEBUG] KartenWarp: Updating real points: [(311, 239), (205, 75), (356, 3), (506, 101), (660, 120), (841, 22), (1133, 106), (1111, 386), (1175, 331), (930, 601), (701, 652), (647, 898), (449, 800), (334, 606), (276, 487), (245, 375), (19, 357)]
2025-02-18 14:06:46,672 [INFO] KartenWarp: Project loaded successfully
2025-02-18 14:06:47,174 [DEBUG] KartenWarp: Zoom UI updated to 115.0%
2025-02-18 14:06:47,174 [DEBUG] KartenWarp: Zoom factor set to 1.15
2025-02-18 14:06:47,194 [DEBUG] KartenWarp: Zoom UI updated to 132.2%
2025-02-18 14:06:47,194 [DEBUG] KartenWarp: Zoom factor set to 1.3224999999999998
2025-02-18 14:06:47,221 [DEBUG] KartenWarp: Zoom UI updated to 152.1%
2025-02-18 14:06:47,221 [DEBUG] KartenWarp: Zoom factor set to 1.5208749999999995
2025-02-18 14:06:47,221 [DEBUG] KartenWarp: Zoom UI updated to 174.9%
2025-02-18 14:06:47,221 [DEBUG] KartenWarp: Zoom factor set to 1.7490062499999994
2025-02-18 14:06:47,269 [DEBUG] KartenWarp: Zoom UI updated to 201.1%
2025-02-18 14:06:47,269 [DEBUG] KartenWarp: Zoom factor set to 2.0113571874999994
2025-02-18 14:06:47,565 [DEBUG] KartenWarp: Zoom UI updated to 231.3%
2025-02-18 14:06:47,565 [DEBUG] KartenWarp: Zoom factor set to 2.313060765624999
2025-02-18 14:06:47,597 [DEBUG] KartenWarp: Zoom UI updated to 266.0%
2025-02-18 14:06:47,597 [DEBUG] KartenWarp: Zoom factor set to 2.6600198804687487
2025-02-18 14:06:47,632 [DEBUG] KartenWarp: Zoom UI updated to 305.9%
2025-02-18 14:06:47,632 [DEBUG] KartenWarp: Zoom factor set to 3.0590228625390607
2025-02-18 14:06:47,663 [DEBUG] KartenWarp: Zoom UI updated to 351.8%
2025-02-18 14:06:47,663 [DEBUG] KartenWarp: Zoom factor set to 3.5178762919199196
2025-02-18 14:06:48,032 [DEBUG] KartenWarp: Panning started
2025-02-18 14:06:48,192 [DEBUG] KartenWarp: Panning ended
2025-02-18 14:06:48,565 [DEBUG] KartenWarp: Zoom UI updated to 87.0%
2025-02-18 14:06:48,565 [DEBUG] KartenWarp: Zoom factor set to 0.8695652173913044
2025-02-18 14:06:48,597 [DEBUG] KartenWarp: Zoom UI updated to 75.6%
2025-02-18 14:06:48,597 [DEBUG] KartenWarp: Zoom factor set to 0.7561436672967865
2025-02-18 14:06:48,820 [DEBUG] KartenWarp: Zoom UI updated to 65.8%
2025-02-18 14:06:48,820 [DEBUG] KartenWarp: Zoom factor set to 0.6575162324319883
2025-02-18 14:06:48,837 [DEBUG] KartenWarp: Zoom UI updated to 57.2%
2025-02-18 14:06:48,837 [DEBUG] KartenWarp: Zoom factor set to 0.5717532455930334
2025-02-18 14:06:48,869 [DEBUG] KartenWarp: Zoom UI updated to 49.7%
2025-02-18 14:06:48,869 [DEBUG] KartenWarp: Zoom factor set to 0.49717673529829
2025-02-18 14:06:49,129 [DEBUG] KartenWarp: Active scene set
2025-02-18 14:06:49,129 [DEBUG] KartenWarp: Panning started
2025-02-18 14:06:49,255 [DEBUG] KartenWarp: Panning ended
2025-02-18 14:06:51,870 [DEBUG] KartenWarp: Active scene set
2025-02-18 14:06:51,870 [DEBUG] KartenWarp: Panning started
2025-02-18 14:06:52,228 [DEBUG] KartenWarp: Panning ended
2025-02-18 14:06:52,421 [DEBUG] KartenWarp: Panning started
2025-02-18 14:06:52,612 [DEBUG] KartenWarp: Panning ended
2025-02-18 14:06:52,663 [DEBUG] KartenWarp: Zoom UI updated to 57.2%
2025-02-18 14:06:52,663 [DEBUG] KartenWarp: Zoom factor set to 0.5717532455930334
2025-02-18 14:06:52,696 [DEBUG] KartenWarp: Zoom UI updated to 65.8%
2025-02-18 14:06:52,696 [DEBUG] KartenWarp: Zoom factor set to 0.6575162324319884
2025-02-18 14:06:52,760 [DEBUG] KartenWarp: Zoom UI updated to 75.6%
2025-02-18 14:06:52,760 [DEBUG] KartenWarp: Zoom factor set to 0.7561436672967866
2025-02-18 14:06:53,033 [DEBUG] KartenWarp: Zoom UI updated to 87.0%
2025-02-18 14:06:53,033 [DEBUG] KartenWarp: Zoom factor set to 0.8695652173913045
2025-02-18 14:06:53,096 [DEBUG] KartenWarp: Panning started
2025-02-18 14:06:54,077 [DEBUG] KartenWarp: Panning ended
2025-02-18 14:06:54,514 [DEBUG] KartenWarp: Zoom UI updated to 404.6%
2025-02-18 14:06:54,514 [DEBUG] KartenWarp: Zoom factor set to 4.0455577357079076
2025-02-18 14:06:54,546 [DEBUG] KartenWarp: Zoom UI updated to 465.2%
2025-02-18 14:06:54,546 [DEBUG] KartenWarp: Zoom factor set to 4.652391396064093
2025-02-18 14:06:54,625 [DEBUG] KartenWarp: Zoom UI updated to 535.0%
2025-02-18 14:06:54,625 [DEBUG] KartenWarp: Zoom factor set to 5.350250105473707
2025-02-18 14:06:55,062 [DEBUG] KartenWarp: Active scene set
2025-02-18 14:06:55,062 [DEBUG] KartenWarp: Active scene set
2025-02-18 14:06:55,062 [DEBUG] KartenWarp: Updating game points: [(95, 67), (69, 35), (106, 20), (142, 41), (179, 44), (224, 27), (289, 49), (276, 104), (295, 95), (235, 141), (181, 149), (169, 190), (129, 176), (105, 138), (91, 119), (84, 97), (29, 99), (150, 59)]
2025-02-18 14:06:55,535 [DEBUG] KartenWarp: Active scene set
2025-02-18 14:06:55,551 [DEBUG] KartenWarp: Updating game points: [(95, 67), (69, 35), (106, 20), (142, 41), (179, 44), (224, 27), (289, 49), (276, 104), (295, 95), (235, 141), (181, 149), (169, 190), (129, 176), (105, 138), (91, 119), (84, 97), (29, 99), (150, 59), (155, 66)]
2025-02-18 14:06:56,355 [DEBUG] KartenWarp: Active scene set
2025-02-18 14:06:56,768 [DEBUG] KartenWarp: Updating game points: [(95, 67), (69, 35), (106, 20), (142, 41), (179, 44), (224, 27), (289, 49), (276, 104), (295, 95), (235, 141), (181, 149), (169, 190), (129, 176), (105, 138), (91, 119), (84, 97), (29, 99), (150, 59), (155, 86)]
2025-02-18 14:06:57,249 [DEBUG] KartenWarp: Active scene set
2025-02-18 14:06:57,249 [DEBUG] KartenWarp: Updating game points: [(95, 67), (69, 35), (106, 20), (142, 41), (179, 44), (224, 27), (289, 49), (276, 104), (295, 95), (235, 141), (181, 149), (169, 190), (129, 176), (105, 138), (91, 119), (84, 97), (29, 99), (150, 59), (155, 86), (183, 80)]
2025-02-18 14:06:57,801 [DEBUG] KartenWarp: Active scene set
2025-02-18 14:06:58,124 [DEBUG] KartenWarp: Updating game points: [(95, 67), (69, 35), (106, 20), (142, 41), (179, 44), (224, 27), (289, 49), (276, 104), (295, 95), (235, 141), (181, 149), (169, 190), (129, 176), (105, 138), (91, 119), (84, 97), (29, 99), (150, 59), (155, 86), (199, 58)]
2025-02-18 14:06:58,962 [DEBUG] KartenWarp: Zoom UI updated to 465.2%
2025-02-18 14:06:58,963 [DEBUG] KartenWarp: Zoom factor set to 4.652391396064093
2025-02-18 14:06:58,964 [DEBUG] KartenWarp: Zoom UI updated to 404.6%
2025-02-18 14:06:58,964 [DEBUG] KartenWarp: Zoom factor set to 4.0455577357079076
2025-02-18 14:06:58,975 [DEBUG] KartenWarp: Zoom UI updated to 351.8%
2025-02-18 14:06:58,975 [DEBUG] KartenWarp: Zoom factor set to 3.51787629191992
2025-02-18 14:06:58,991 [DEBUG] KartenWarp: Zoom UI updated to 305.9%
2025-02-18 14:06:58,991 [DEBUG] KartenWarp: Zoom factor set to 3.059022862539061
2025-02-18 14:06:59,036 [DEBUG] KartenWarp: Zoom UI updated to 266.0%
2025-02-18 14:06:59,037 [DEBUG] KartenWarp: Zoom factor set to 2.660019880468749
